Using pre-set license
Built from '2022.1/staging' branch; Version is '2022.1.23f1 (9636b062134a) revision 9844400'; Using compiler version '192829333'; Build Type 'Release'
OS: 'Windows 10  (10.0.19044) 64bit Core' Language: 'en' Physical Memory: 18370 MB
BatchMode: 1, IsHumanControllingUs: 0, StartBugReporterOnCrash: 0, Is64bit: 1, IsPro: 1

COMMAND LINE ARGUMENTS:
C:\Program Files\Unity\Hub\Editor\2022.1.23f1\Editor\Unity.exe
-adb2
-batchMode
-noUpm
-name
AssetImportWorker12
-projectPath
C:/Users/gabri/OneDrive/Documentos/MaestriaVideJuegos/ActividadClase/AsignaturaMotores
-logFile
Logs/AssetImportWorker12.log
-srvPort
63570
Successfully changed project path to: C:/Users/gabri/OneDrive/Documentos/MaestriaVideJuegos/ActividadClase/AsignaturaMotores
C:/Users/gabri/OneDrive/Documentos/MaestriaVideJuegos/ActividadClase/AsignaturaMotores
[UnityMemory] Configuration Parameters - Can be set up in boot.config
    "memorysetup-bucket-allocator-granularity=16"
    "memorysetup-bucket-allocator-bucket-count=8"
    "memorysetup-bucket-allocator-block-size=33554432"
    "memorysetup-bucket-allocator-block-count=8"
    "memorysetup-main-allocator-block-size=16777216"
    "memorysetup-thread-allocator-block-size=16777216"
    "memorysetup-gfx-main-allocator-block-size=16777216"
    "memorysetup-gfx-thread-allocator-block-size=16777216"
    "memorysetup-cache-allocator-block-size=4194304"
    "memorysetup-typetree-allocator-block-size=2097152"
    "memorysetup-profiler-bucket-allocator-granularity=16"
    "memorysetup-profiler-bucket-allocator-bucket-count=8"
    "memorysetup-profiler-bucket-allocator-block-size=33554432"
    "memorysetup-profiler-bucket-allocator-block-count=8"
    "memorysetup-profiler-allocator-block-size=16777216"
    "memorysetup-profiler-editor-allocator-block-size=1048576"
    "memorysetup-temp-allocator-size-main=16777216"
    "memorysetup-job-temp-allocator-block-size=2097152"
    "memorysetup-job-temp-allocator-block-size-background=1048576"
    "memorysetup-job-temp-allocator-reduction-small-platforms=262144"
    "memorysetup-temp-allocator-size-background-worker=32768"
    "memorysetup-temp-allocator-size-job-worker=262144"
    "memorysetup-temp-allocator-size-preload-manager=33554432"
    "memorysetup-temp-allocator-size-nav-mesh-worker=65536"
    "memorysetup-temp-allocator-size-audio-worker=65536"
    "memorysetup-temp-allocator-size-cloud-worker=32768"
    "memorysetup-temp-allocator-size-gi-baking-worker=262144"
    "memorysetup-temp-allocator-size-gfx=262144"
Refreshing native plugins compatible for Editor in 128.80 ms, found 3 plugins.
Preloading 0 native plugins for Editor in 0.00 ms.
Initialize engine version: 2022.1.23f1 (9636b062134a)
[Subsystems] Discovering subsystems at path C:/Program Files/Unity/Hub/Editor/2022.1.23f1/Editor/Data/Resources/UnitySubsystems
[Subsystems] Discovering subsystems at path C:/Users/gabri/OneDrive/Documentos/MaestriaVideJuegos/ActividadClase/AsignaturaMotores/Assets
GfxDevice: creating device client; threaded=0; jobified=0
Direct3D:
    Version:  Direct3D 11.0 [level 11.1]
    Renderer: AMD Radeon(TM) Vega 8 Graphics (ID=0x15d8)
    Vendor:   ATI
    VRAM:     9185 MB
    Driver:   31.0.12027.7000
Initialize mono
Mono path[0] = 'C:/Program Files/Unity/Hub/Editor/2022.1.23f1/Editor/Data/Managed'
Mono path[1] = 'C:/Program Files/Unity/Hub/Editor/2022.1.23f1/Editor/Data/MonoBleedingEdge/lib/mono/unityjit-win32'
Mono config path = 'C:/Program Files/Unity/Hub/Editor/2022.1.23f1/Editor/Data/MonoBleedingEdge/etc'
Using monoOptions --debugger-agent=transport=dt_socket,embedding=1,server=y,suspend=n,address=127.0.0.1:56536
Begin MonoManager ReloadAssembly
Registering precompiled unity dll's ...
Register platform support module: C:/Program Files/Unity/Hub/Editor/2022.1.23f1/Editor/Data/PlaybackEngines/WebGLSupport/UnityEditor.WebGL.Extensions.dll
Register platform support module: C:/Program Files/Unity/Hub/Editor/2022.1.23f1/Editor/Data/PlaybackEngines/AndroidPlayer/UnityEditor.Android.Extensions.dll
Register platform support module: C:/Program Files/Unity/Hub/Editor/2022.1.23f1/Editor/Data/PlaybackEngines/WindowsStandaloneSupport/UnityEditor.WindowsStandalone.Extensions.dll
Register platform support module: C:/Program Files/Unity/Hub/Editor/2022.1.23f1/Editor/Data/PlaybackEngines/MetroSupport/UnityEditor.UWP.Extensions.dll
Registered in 0.022336 seconds.
Native extension for UWP target not found
Native extension for WindowsStandalone target not found
Native extension for Android target not found
Native extension for WebGL target not found
Refreshing native plugins compatible for Editor in 130.36 ms, found 3 plugins.
Preloading 0 native plugins for Editor in 0.00 ms.
Mono: successfully reloaded assembly
- Completed reload, in  2.349 seconds
Domain Reload Profiling:
	ReloadAssembly (2350ms)
		BeginReloadAssembly (148ms)
			ExecutionOrderSort (0ms)
			DisableScriptedObjects (0ms)
			BackupInstance (0ms)
			ReleaseScriptingObjects (0ms)
			CreateAndSetChildDomain (1ms)
		EndReloadAssembly (1670ms)
			LoadAssemblies (147ms)
			RebuildTransferFunctionScriptingTraits (0ms)
			SetupTypeCache (771ms)
				TypeCache.Initialize (769ms)
					TypeCache.ScanAssembly (763ms)
				ResolveRequiredComponents (1ms)
			ReleaseScriptCaches (0ms)
			RebuildScriptCaches (66ms)
			SetupLoadedEditorAssemblies (702ms)
				LogAssemblyErrors (0ms)
				InitializePlatformSupportModulesInManaged (165ms)
				SetLoadedEditorAssemblies (19ms)
				RefreshPlugins (130ms)
				BeforeProcessingInitializeOnLoad (2ms)
				ProcessInitializeOnLoadAttributes (237ms)
				ProcessInitializeOnLoadMethodAttributes (148ms)
				AfterProcessingInitializeOnLoad (0ms)
				EditorAssembliesLoaded (0ms)
			ExecutionOrderSort2 (0ms)
			AwakeInstancesAfterBackupRestoration (0ms)
Platform modules already initialized, skipping
Registering precompiled user dll's ...
Registered in 0.017467 seconds.
Begin MonoManager ReloadAssembly
Symbol file LoadedFromMemory doesn't match image C:\Users\gabri\OneDrive\Documentos\MaestriaVideJuegos\ActividadClase\AsignaturaMotores\Library\PackageCache\com.unity.visualscripting@1.7.8\Editor\VisualScripting.Core\Dependencies\YamlDotNet\Unity.VisualScripting.YamlDotNet.dll
Symbol file LoadedFromMemory doesn't match image C:\Users\gabri\OneDrive\Documentos\MaestriaVideJuegos\ActividadClase\AsignaturaMotores\Library\PackageCache\com.unity.visualscripting@1.7.8\Editor\VisualScripting.Core\Dependencies\DotNetZip\Unity.VisualScripting.IonicZip.dll
Native extension for UWP target not found
Native extension for WindowsStandalone target not found
Native extension for Android target not found
Native extension for WebGL target not found
Refreshing native plugins compatible for Editor in 1.00 ms, found 3 plugins.
Preloading 0 native plugins for Editor in 0.00 ms.
Mono: successfully reloaded assembly
- Completed reload, in  2.110 seconds
Domain Reload Profiling:
	ReloadAssembly (2112ms)
		BeginReloadAssembly (307ms)
			ExecutionOrderSort (0ms)
			DisableScriptedObjects (11ms)
			BackupInstance (0ms)
			ReleaseScriptingObjects (0ms)
			CreateAndSetChildDomain (143ms)
		EndReloadAssembly (1641ms)
			LoadAssemblies (130ms)
			RebuildTransferFunctionScriptingTraits (0ms)
			SetupTypeCache (415ms)
				TypeCache.Initialize (408ms)
					TypeCache.ScanAssembly (402ms)
				ResolveRequiredComponents (7ms)
			ReleaseScriptCaches (1ms)
			RebuildScriptCaches (86ms)
			SetupLoadedEditorAssemblies (888ms)
				LogAssemblyErrors (0ms)
				InitializePlatformSupportModulesInManaged (26ms)
				SetLoadedEditorAssemblies (10ms)
				RefreshPlugins (1ms)
				BeforeProcessingInitializeOnLoad (125ms)
				ProcessInitializeOnLoadAttributes (653ms)
				ProcessInitializeOnLoadMethodAttributes (56ms)
				AfterProcessingInitializeOnLoad (17ms)
				EditorAssembliesLoaded (0ms)
			ExecutionOrderSort2 (0ms)
			AwakeInstancesAfterBackupRestoration (17ms)
Platform modules already initialized, skipping
========================================================================
Worker process is ready to serve import requests
Launched and connected shader compiler UnityShaderCompiler.exe after 0.10 seconds
Refreshing native plugins compatible for Editor in 0.79 ms, found 3 plugins.
Preloading 0 native plugins for Editor in 0.00 ms.
Unloading 3255 Unused Serialized files (Serialized files now loaded: 0)
Unloading 25 unused Assets / (59.0 KB). Loaded Objects now: 3739.
Memory consumption went from 0.50 GB to 0.50 GB.
Total: 5.472500 ms (FindLiveObjects: 0.452600 ms CreateObjectMapping: 0.161900 ms MarkObjects: 4.707900 ms  DeleteObjects: 0.148400 ms)

AssetImportParameters requested are different than current active one (requested -> active):
  custom:video-decoder-ogg-theora: a1e56fd34408186e4bbccfd4996cb3dc -> 
  custom:container-muxer-webm: aa71ff27fc2769a1b78a27578f13a17b -> 
  custom:container-demuxer-webm: 4f35f7cbe854078d1ac9338744f61a02 -> 
  custom:video-encoder-webm-vp8: eb34c28f22e8b96e1ab97ce403110664 -> 
  custom:audio-encoder-webm-vorbis: bf7c407c2cedff20999df2af8eb42d56 -> 
  custom:framework-win-MediaFoundation: 216162199b28c13a410421893ffa2e32 -> 
  custom:container-demuxer-ogg: 62fdf1f143b41e24485cea50d1cbac27 -> 
  custom:video-decoder-webm-vp8: 9c59270c3fd7afecdb556c50c9e8de78 -> 
  custom:audio-decoder-ogg-vorbis: bf7c407c2cedff20999df2af8eb42d56 -> 
========================================================================
Received Import Request.
  Time since last request: 84244.318343 seconds.
  path: Assets/Lowylpoly/Stylized Sci-fi Texture/Materials/Sci-fi Texture Diffuse.mat
  artifactKey: Guid(799dfe846a7d5b24aa3788c26a784906) Importer(815301076,1909f56bfc062723c751e8b465ee728b)
Start importing Assets/Lowylpoly/Stylized Sci-fi Texture/Materials/Sci-fi Texture Diffuse.mat using Guid(799dfe846a7d5b24aa3788c26a784906) Importer(815301076,1909f56bfc062723c751e8b465ee728b)  -> (artifact id: 'd548806a8d9689302190e1309cdb1802') in 0.485187 seconds 
========================================================================
Received Import Request.
  Time since last request: 51.961645 seconds.
  path: Assets/ArtzkillZnetTexturePack01/Fantasy/Crate01_n.tga
  artifactKey: Guid(cd06954b13214cf408ffd82d415b1c02) Importer(815301076,1909f56bfc062723c751e8b465ee728b)
Start importing Assets/ArtzkillZnetTexturePack01/Fantasy/Crate01_n.tga using Guid(cd06954b13214cf408ffd82d415b1c02) Importer(815301076,1909f56bfc062723c751e8b465ee728b)  -> (artifact id: '60bb3f5fc375176af690aa1ccf846876') in 0.046405 seconds 
========================================================================
Received Import Request.
  Time since last request: 0.000050 seconds.
  path: Assets/ArtzkillZnetTexturePack01/Fantasy/Crate02n.tga
  artifactKey: Guid(44e7e8d8e7e49e647bfb5b9a14b44937) Importer(815301076,1909f56bfc062723c751e8b465ee728b)
Start importing Assets/ArtzkillZnetTexturePack01/Fantasy/Crate02n.tga using Guid(44e7e8d8e7e49e647bfb5b9a14b44937) Importer(815301076,1909f56bfc062723c751e8b465ee728b)  -> (artifact id: 'de6624f5a8b24c7738b20ee5d1c69fe2') in 0.064279 seconds 
========================================================================
Received Import Request.
  Time since last request: 0.000052 seconds.
  path: Assets/ArtzkillZnetTexturePack01/Fantasy/Crate04_n.tga
  artifactKey: Guid(8a95ecbcd3fe7b84589875b0577ab4c6) Importer(815301076,1909f56bfc062723c751e8b465ee728b)
Start importing Assets/ArtzkillZnetTexturePack01/Fantasy/Crate04_n.tga using Guid(8a95ecbcd3fe7b84589875b0577ab4c6) Importer(815301076,1909f56bfc062723c751e8b465ee728b)  -> (artifact id: '79614738122c38f93fe1d842fe09e79d') in 0.057041 seconds 
========================================================================
Received Import Request.
  Time since last request: 0.000046 seconds.
  path: Assets/ArtzkillZnetTexturePack01/Fantasy/TreasureCoffin.mat
  artifactKey: Guid(79486445a8d8b7b4ba1725eefb539e47) Importer(815301076,1909f56bfc062723c751e8b465ee728b)
Start importing Assets/ArtzkillZnetTexturePack01/Fantasy/TreasureCoffin.mat using Guid(79486445a8d8b7b4ba1725eefb539e47) Importer(815301076,1909f56bfc062723c751e8b465ee728b)  -> (artifact id: '33b548e762516ab498d891dee46d86ec') in 0.096379 seconds 
========================================================================
Received Import Request.
  Time since last request: 0.000037 seconds.
  path: Assets/ArtzkillZnetTexturePack01/Fantasy/Wall01_n.tga
  artifactKey: Guid(1ef4aad253cf7e9488305da905643f09) Importer(815301076,1909f56bfc062723c751e8b465ee728b)
Start importing Assets/ArtzkillZnetTexturePack01/Fantasy/Wall01_n.tga using Guid(1ef4aad253cf7e9488305da905643f09) Importer(815301076,1909f56bfc062723c751e8b465ee728b)  -> (artifact id: '7a843733c7e60216409331569a896a62') in 0.036738 seconds 
========================================================================
Received Import Request.
  Time since last request: 0.000043 seconds.
  path: Assets/ArtzkillZnetTexturePack01/Fantasy/Floor02_n.tga
  artifactKey: Guid(d4830846b663872459fb9ef203912360) Importer(815301076,1909f56bfc062723c751e8b465ee728b)
Start importing Assets/ArtzkillZnetTexturePack01/Fantasy/Floor02_n.tga using Guid(d4830846b663872459fb9ef203912360) Importer(815301076,1909f56bfc062723c751e8b465ee728b)  -> (artifact id: '7ba99dab2ef121a8023fe6d7b3748b9c') in 0.041466 seconds 
========================================================================
Received Import Request.
  Time since last request: 0.000061 seconds.
  path: Assets/ArtzkillZnetTexturePack01/Fantasy/Floor03_n.tga
  artifactKey: Guid(56a7bb02f80bb1c48a6f33003919632d) Importer(815301076,1909f56bfc062723c751e8b465ee728b)
Start importing Assets/ArtzkillZnetTexturePack01/Fantasy/Floor03_n.tga using Guid(56a7bb02f80bb1c48a6f33003919632d) Importer(815301076,1909f56bfc062723c751e8b465ee728b)  -> (artifact id: '7c9fae975e4f29a0978aa835963fec5b') in 0.053914 seconds 
========================================================================
Received Import Request.
  Time since last request: 0.000090 seconds.
  path: Assets/ArtzkillZnetTexturePack01/Fantasy/Crate03.tga
  artifactKey: Guid(9a93a076a27cdf6418727f271f77b6c5) Importer(815301076,1909f56bfc062723c751e8b465ee728b)
Start importing Assets/ArtzkillZnetTexturePack01/Fantasy/Crate03.tga using Guid(9a93a076a27cdf6418727f271f77b6c5) Importer(815301076,1909f56bfc062723c751e8b465ee728b)  -> (artifact id: 'dedab723dee1b5ec999a6cfc2d773300') in 0.054234 seconds 
========================================================================
Received Import Request.
  Time since last request: 0.000036 seconds.
  path: Assets/ArtzkillZnetTexturePack01/Fantasy/Floor04_n.tga
  artifactKey: Guid(b896dc1c37cc5604780521e4fd5fcb96) Importer(815301076,1909f56bfc062723c751e8b465ee728b)
Start importing Assets/ArtzkillZnetTexturePack01/Fantasy/Floor04_n.tga using Guid(b896dc1c37cc5604780521e4fd5fcb96) Importer(815301076,1909f56bfc062723c751e8b465ee728b)  -> (artifact id: 'b2a4c0e871b04f074727a0bf6190d303') in 0.041518 seconds 
========================================================================
Received Import Request.
  Time since last request: 0.000036 seconds.
  path: Assets/ArtzkillZnetTexturePack01/Fantasy/Crate02.tga
  artifactKey: Guid(0c531deb5ae040149bc01b5893d22d10) Importer(815301076,1909f56bfc062723c751e8b465ee728b)
Start importing Assets/ArtzkillZnetTexturePack01/Fantasy/Crate02.tga using Guid(0c531deb5ae040149bc01b5893d22d10) Importer(815301076,1909f56bfc062723c751e8b465ee728b)  -> (artifact id: 'ab7bd6900bd23d4e35fca44dbeb1bf2a') in 0.057644 seconds 
========================================================================
Received Import Request.
  Time since last request: 2.117741 seconds.
  path: Assets/ArtzkillZnetTexturePack01/Rocks/Rock01.tga
  artifactKey: Guid(57c2f406d6a15f942a4432715764dd10) Importer(815301076,1909f56bfc062723c751e8b465ee728b)
Start importing Assets/ArtzkillZnetTexturePack01/Rocks/Rock01.tga using Guid(57c2f406d6a15f942a4432715764dd10) Importer(815301076,1909f56bfc062723c751e8b465ee728b)  -> (artifact id: '6e0e65f31f1c895fe9c7023d3bd296ea') in 0.046083 seconds 
========================================================================
Received Import Request.
  Time since last request: 0.000040 seconds.
  path: Assets/ArtzkillZnetTexturePack01/Rocks/Rock02_n.tga
  artifactKey: Guid(524a912a5162c004bb1fec220c56f988) Importer(815301076,1909f56bfc062723c751e8b465ee728b)
Start importing Assets/ArtzkillZnetTexturePack01/Rocks/Rock02_n.tga using Guid(524a912a5162c004bb1fec220c56f988) Importer(815301076,1909f56bfc062723c751e8b465ee728b)  -> (artifact id: 'ff346de414ba4c2015fc93386189881a') in 0.034406 seconds 
========================================================================
Received Import Request.
  Time since last request: 0.000043 seconds.
  path: Assets/ArtzkillZnetTexturePack01/Rocks/Rock03_n.tga
  artifactKey: Guid(4d558a6925b18c7419a07b816623c32a) Importer(815301076,1909f56bfc062723c751e8b465ee728b)
Start importing Assets/ArtzkillZnetTexturePack01/Rocks/Rock03_n.tga using Guid(4d558a6925b18c7419a07b816623c32a) Importer(815301076,1909f56bfc062723c751e8b465ee728b)  -> (artifact id: '6b8984f786de78bf3bd69fc5fa6e4e81') in 0.034792 seconds 
========================================================================
Received Import Request.
  Time since last request: 0.000049 seconds.
  path: Assets/ArtzkillZnetTexturePack01/Rocks/Rock04.tga
  artifactKey: Guid(81bedc0b87ad7a54bb7fe8bc6655974a) Importer(815301076,1909f56bfc062723c751e8b465ee728b)
Start importing Assets/ArtzkillZnetTexturePack01/Rocks/Rock04.tga using Guid(81bedc0b87ad7a54bb7fe8bc6655974a) Importer(815301076,1909f56bfc062723c751e8b465ee728b)  -> (artifact id: 'ab3848e2d0c02889c55c7c6102cc7ac2') in 0.036943 seconds 
========================================================================
Received Import Request.
  Time since last request: 0.000048 seconds.
  path: Assets/ArtzkillZnetTexturePack01/Rocks/Rock02.tga
  artifactKey: Guid(9286ed6171f6bf747904d03a1370799c) Importer(815301076,1909f56bfc062723c751e8b465ee728b)
Start importing Assets/ArtzkillZnetTexturePack01/Rocks/Rock02.tga using Guid(9286ed6171f6bf747904d03a1370799c) Importer(815301076,1909f56bfc062723c751e8b465ee728b)  -> (artifact id: 'e11c87ece3d08ae56e48700417b5e57e') in 0.031180 seconds 
========================================================================
Received Import Request.
  Time since last request: 1.461691 seconds.
  path: Assets/ArtzkillZnetTexturePack01/Scifi/ScifiPanel01.tga
  artifactKey: Guid(d1a00cf519a17c74994cdd135faff1c5) Importer(815301076,1909f56bfc062723c751e8b465ee728b)
Start importing Assets/ArtzkillZnetTexturePack01/Scifi/ScifiPanel01.tga using Guid(d1a00cf519a17c74994cdd135faff1c5) Importer(815301076,1909f56bfc062723c751e8b465ee728b)  -> (artifact id: 'f7cc5e112a13b4b74cf7103e5d0a8da9') in 0.060491 seconds 
========================================================================
Received Import Request.
  Time since last request: 0.000052 seconds.
  path: Assets/ArtzkillZnetTexturePack01/Scifi/ScifiPanel03.tga
  artifactKey: Guid(446f8f50101eb2e458e55fbbd0e36f42) Importer(815301076,1909f56bfc062723c751e8b465ee728b)
Start importing Assets/ArtzkillZnetTexturePack01/Scifi/ScifiPanel03.tga using Guid(446f8f50101eb2e458e55fbbd0e36f42) Importer(815301076,1909f56bfc062723c751e8b465ee728b)  -> (artifact id: 'a04e5d465c432a103e6432579c00ef1a') in 0.058231 seconds 
========================================================================
Received Import Request.
  Time since last request: 0.000039 seconds.
  path: Assets/ArtzkillZnetTexturePack01/Scifi/ScifiPanel02_n.tga
  artifactKey: Guid(a929b5bd1a4853e4caa6214400a46b0e) Importer(815301076,1909f56bfc062723c751e8b465ee728b)
Start importing Assets/ArtzkillZnetTexturePack01/Scifi/ScifiPanel02_n.tga using Guid(a929b5bd1a4853e4caa6214400a46b0e) Importer(815301076,1909f56bfc062723c751e8b465ee728b)  -> (artifact id: '424c8baf133313e4f4e97622736ae5ab') in 0.061070 seconds 
========================================================================
Received Import Request.
  Time since last request: 0.000070 seconds.
  path: Assets/ArtzkillZnetTexturePack01/Scifi/ScifiPanel02.tga
  artifactKey: Guid(9feb09ff59dafac4baae570c97d42e32) Importer(815301076,1909f56bfc062723c751e8b465ee728b)
Start importing Assets/ArtzkillZnetTexturePack01/Scifi/ScifiPanel02.tga using Guid(9feb09ff59dafac4baae570c97d42e32) Importer(815301076,1909f56bfc062723c751e8b465ee728b)  -> (artifact id: '3b95b23597970726b28675f8de4be499') in 0.120956 seconds 
========================================================================
Received Import Request.
  Time since last request: 0.000049 seconds.
  path: Assets/ArtzkillZnetTexturePack01/Scifi/Wall01_n.tga
  artifactKey: Guid(d8f7af922ed9d6349b42e423588d6fd2) Importer(815301076,1909f56bfc062723c751e8b465ee728b)
Start importing Assets/ArtzkillZnetTexturePack01/Scifi/Wall01_n.tga using Guid(d8f7af922ed9d6349b42e423588d6fd2) Importer(815301076,1909f56bfc062723c751e8b465ee728b)  -> (artifact id: '77764fa88678fdd37b7d267f97273f88') in 0.043651 seconds 
========================================================================
Received Import Request.
  Time since last request: 23.326535 seconds.
  path: Assets/ArtzkillZnetTexturePack01/Scifi/Materials/ScifiPanel01.mat
  artifactKey: Guid(a81de449b6df9fe4b860f0597df384cb) Importer(815301076,1909f56bfc062723c751e8b465ee728b)
Start importing Assets/ArtzkillZnetTexturePack01/Scifi/Materials/ScifiPanel01.mat using Guid(a81de449b6df9fe4b860f0597df384cb) Importer(815301076,1909f56bfc062723c751e8b465ee728b)  -> (artifact id: '4cebd08fd555f0ba242b5da8b9ff48d3') in 0.055342 seconds 
Editor requested this worker to shutdown with reason: Scaling down because of idle timeout
AssetImportWorker is now disconnected from the server
Process exiting
Exiting without the bug reporter. Application will terminate with return code 0