Using pre-set license
Built from '2022.1/staging' branch; Version is '2022.1.23f1 (9636b062134a) revision 9844400'; Using compiler version '192829333'; Build Type 'Release'
OS: 'Windows 11  (10.0.22621) 64bit Core' Language: 'es' Physical Memory: 15720 MB
BatchMode: 1, IsHumanControllingUs: 0, StartBugReporterOnCrash: 0, Is64bit: 1, IsPro: 1

COMMAND LINE ARGUMENTS:
C:\Program Files\Unity\Hub\Editor\2022.1.23f1\Editor\Unity.exe
-adb2
-batchMode
-noUpm
-name
AssetImportWorker2
-projectPath
C:/Users/joshu/Unity/AsignaturaMotores
-logFile
Logs/AssetImportWorker2.log
-srvPort
64895
Successfully changed project path to: C:/Users/joshu/Unity/AsignaturaMotores
C:/Users/joshu/Unity/AsignaturaMotores
[UnityMemory] Configuration Parameters - Can be set up in boot.config
    "memorysetup-bucket-allocator-granularity=16"
    "memorysetup-bucket-allocator-bucket-count=8"
    "memorysetup-bucket-allocator-block-size=33554432"
    "memorysetup-bucket-allocator-block-count=8"
    "memorysetup-main-allocator-block-size=16777216"
    "memorysetup-thread-allocator-block-size=16777216"
    "memorysetup-gfx-main-allocator-block-size=16777216"
    "memorysetup-gfx-thread-allocator-block-size=16777216"
    "memorysetup-cache-allocator-block-size=4194304"
    "memorysetup-typetree-allocator-block-size=2097152"
    "memorysetup-profiler-bucket-allocator-granularity=16"
    "memorysetup-profiler-bucket-allocator-bucket-count=8"
    "memorysetup-profiler-bucket-allocator-block-size=33554432"
    "memorysetup-profiler-bucket-allocator-block-count=8"
    "memorysetup-profiler-allocator-block-size=16777216"
    "memorysetup-profiler-editor-allocator-block-size=1048576"
    "memorysetup-temp-allocator-size-main=16777216"
    "memorysetup-job-temp-allocator-block-size=2097152"
    "memorysetup-job-temp-allocator-block-size-background=1048576"
    "memorysetup-job-temp-allocator-reduction-small-platforms=262144"
    "memorysetup-temp-allocator-size-background-worker=32768"
    "memorysetup-temp-allocator-size-job-worker=262144"
    "memorysetup-temp-allocator-size-preload-manager=33554432"
    "memorysetup-temp-allocator-size-nav-mesh-worker=65536"
    "memorysetup-temp-allocator-size-audio-worker=65536"
    "memorysetup-temp-allocator-size-cloud-worker=32768"
    "memorysetup-temp-allocator-size-gi-baking-worker=262144"
    "memorysetup-temp-allocator-size-gfx=262144"
Refreshing native plugins compatible for Editor in 91.56 ms, found 3 plugins.
Preloading 0 native plugins for Editor in 0.00 ms.
Initialize engine version: 2022.1.23f1 (9636b062134a)
[Subsystems] Discovering subsystems at path C:/Program Files/Unity/Hub/Editor/2022.1.23f1/Editor/Data/Resources/UnitySubsystems
[Subsystems] Discovering subsystems at path C:/Users/joshu/Unity/AsignaturaMotores/Assets
GfxDevice: creating device client; threaded=0; jobified=0
Direct3D:
    Version:  Direct3D 11.0 [level 11.1]
    Renderer: NVIDIA GeForce RTX 3050 Ti Laptop GPU (ID=0x25a0)
    Vendor:   NVIDIA
    VRAM:     3976 MB
    Driver:   31.0.15.2698
Initialize mono
Mono path[0] = 'C:/Program Files/Unity/Hub/Editor/2022.1.23f1/Editor/Data/Managed'
Mono path[1] = 'C:/Program Files/Unity/Hub/Editor/2022.1.23f1/Editor/Data/MonoBleedingEdge/lib/mono/unityjit-win32'
Mono config path = 'C:/Program Files/Unity/Hub/Editor/2022.1.23f1/Editor/Data/MonoBleedingEdge/etc'
Using monoOptions --debugger-agent=transport=dt_socket,embedding=1,server=y,suspend=n,address=127.0.0.1:56360
Begin MonoManager ReloadAssembly
Registering precompiled unity dll's ...
Register platform support module: C:/Program Files/Unity/Hub/Editor/2022.1.23f1/Editor/Data/PlaybackEngines/WindowsStandaloneSupport/UnityEditor.WindowsStandalone.Extensions.dll
Registered in 0.003953 seconds.
Native extension for WindowsStandalone target not found
Refreshing native plugins compatible for Editor in 68.77 ms, found 3 plugins.
Preloading 0 native plugins for Editor in 0.00 ms.
Mono: successfully reloaded assembly
- Completed reload, in  0.627 seconds
Domain Reload Profiling:
	ReloadAssembly (628ms)
		BeginReloadAssembly (70ms)
			ExecutionOrderSort (0ms)
			DisableScriptedObjects (0ms)
			BackupInstance (0ms)
			ReleaseScriptingObjects (0ms)
			CreateAndSetChildDomain (1ms)
		EndReloadAssembly (459ms)
			LoadAssemblies (67ms)
			RebuildTransferFunctionScriptingTraits (0ms)
			SetupTypeCache (113ms)
				TypeCache.Initialize (112ms)
					TypeCache.ScanAssembly (111ms)
				ResolveRequiredComponents (0ms)
			ReleaseScriptCaches (0ms)
			RebuildScriptCaches (26ms)
			SetupLoadedEditorAssemblies (261ms)
				LogAssemblyErrors (0ms)
				InitializePlatformSupportModulesInManaged (7ms)
				SetLoadedEditorAssemblies (9ms)
				RefreshPlugins (69ms)
				BeforeProcessingInitializeOnLoad (1ms)
				ProcessInitializeOnLoadAttributes (128ms)
				ProcessInitializeOnLoadMethodAttributes (47ms)
				AfterProcessingInitializeOnLoad (0ms)
				EditorAssembliesLoaded (0ms)
			ExecutionOrderSort2 (0ms)
			AwakeInstancesAfterBackupRestoration (0ms)
Platform modules already initialized, skipping
Registering precompiled user dll's ...
Registered in 0.004389 seconds.
Begin MonoManager ReloadAssembly
Symbol file LoadedFromMemory doesn't match image C:\Users\joshu\Unity\AsignaturaMotores\Library\PackageCache\com.unity.visualscripting@1.7.8\Editor\VisualScripting.Core\Dependencies\YamlDotNet\Unity.VisualScripting.YamlDotNet.dll
Symbol file LoadedFromMemory doesn't match image C:\Users\joshu\Unity\AsignaturaMotores\Library\PackageCache\com.unity.visualscripting@1.7.8\Editor\VisualScripting.Core\Dependencies\DotNetZip\Unity.VisualScripting.IonicZip.dll
Native extension for WindowsStandalone target not found
Refreshing native plugins compatible for Editor in 0.89 ms, found 3 plugins.
Preloading 0 native plugins for Editor in 0.00 ms.
Mono: successfully reloaded assembly
- Completed reload, in  0.914 seconds
Domain Reload Profiling:
	ReloadAssembly (915ms)
		BeginReloadAssembly (105ms)
			ExecutionOrderSort (0ms)
			DisableScriptedObjects (5ms)
			BackupInstance (0ms)
			ReleaseScriptingObjects (0ms)
			CreateAndSetChildDomain (22ms)
		EndReloadAssembly (706ms)
			LoadAssemblies (68ms)
			RebuildTransferFunctionScriptingTraits (0ms)
			SetupTypeCache (203ms)
				TypeCache.Initialize (200ms)
					TypeCache.ScanAssembly (195ms)
				ResolveRequiredComponents (3ms)
			ReleaseScriptCaches (1ms)
			RebuildScriptCaches (44ms)
			SetupLoadedEditorAssemblies (332ms)
				LogAssemblyErrors (0ms)
				InitializePlatformSupportModulesInManaged (5ms)
				SetLoadedEditorAssemblies (6ms)
				RefreshPlugins (1ms)
				BeforeProcessingInitializeOnLoad (69ms)
				ProcessInitializeOnLoadAttributes (208ms)
				ProcessInitializeOnLoadMethodAttributes (32ms)
				AfterProcessingInitializeOnLoad (11ms)
				EditorAssembliesLoaded (0ms)
			ExecutionOrderSort2 (0ms)
			AwakeInstancesAfterBackupRestoration (7ms)
Platform modules already initialized, skipping
========================================================================
Worker process is ready to serve import requests
Launched and connected shader compiler UnityShaderCompiler.exe after 0.04 seconds
Refreshing native plugins compatible for Editor in 1.00 ms, found 3 plugins.
Preloading 0 native plugins for Editor in 0.00 ms.
Unloading 3239 Unused Serialized files (Serialized files now loaded: 0)
Unloading 25 unused Assets / (58.9 KB). Loaded Objects now: 3719.
Memory consumption went from 510.5 MB to 510.5 MB.
Total: 4.379200 ms (FindLiveObjects: 0.333900 ms CreateObjectMapping: 0.255300 ms MarkObjects: 3.679600 ms  DeleteObjects: 0.108900 ms)

AssetImportParameters requested are different than current active one (requested -> active):
  custom:video-decoder-ogg-theora: a1e56fd34408186e4bbccfd4996cb3dc -> 
  custom:container-muxer-webm: aa71ff27fc2769a1b78a27578f13a17b -> 
  custom:container-demuxer-webm: 4f35f7cbe854078d1ac9338744f61a02 -> 
  custom:video-encoder-webm-vp8: eb34c28f22e8b96e1ab97ce403110664 -> 
  custom:video-codec-MediaFoundation-h265: 746d11721c4dcdbdad8f713fa42b33f4 -> 
  custom:audio-encoder-webm-vorbis: bf7c407c2cedff20999df2af8eb42d56 -> 
  custom:framework-win-MediaFoundation: 216162199b28c13a410421893ffa2e32 -> 
  custom:container-demuxer-ogg: 62fdf1f143b41e24485cea50d1cbac27 -> 
  custom:video-decoder-webm-vp8: 9c59270c3fd7afecdb556c50c9e8de78 -> 
  custom:audio-decoder-ogg-vorbis: bf7c407c2cedff20999df2af8eb42d56 -> 
========================================================================
Received Prepare
Registering precompiled user dll's ...
Registered in 0.004765 seconds.
Begin MonoManager ReloadAssembly
Symbol file LoadedFromMemory doesn't match image C:\Users\joshu\Unity\AsignaturaMotores\Library\PackageCache\com.unity.visualscripting@1.7.8\Editor\VisualScripting.Core\Dependencies\YamlDotNet\Unity.VisualScripting.YamlDotNet.dll
Symbol file LoadedFromMemory doesn't match image C:\Users\joshu\Unity\AsignaturaMotores\Library\PackageCache\com.unity.visualscripting@1.7.8\Editor\VisualScripting.Core\Dependencies\DotNetZip\Unity.VisualScripting.IonicZip.dll
Native extension for WindowsStandalone target not found
Refreshing native plugins compatible for Editor in 0.81 ms, found 3 plugins.
Preloading 0 native plugins for Editor in 0.00 ms.
Mono: successfully reloaded assembly
- Completed reload, in  0.880 seconds
Domain Reload Profiling:
	ReloadAssembly (880ms)
		BeginReloadAssembly (112ms)
			ExecutionOrderSort (0ms)
			DisableScriptedObjects (5ms)
			BackupInstance (0ms)
			ReleaseScriptingObjects (0ms)
			CreateAndSetChildDomain (32ms)
		EndReloadAssembly (682ms)
			LoadAssemblies (69ms)
			RebuildTransferFunctionScriptingTraits (0ms)
			SetupTypeCache (206ms)
				TypeCache.Initialize (202ms)
					TypeCache.ScanAssembly (196ms)
				ResolveRequiredComponents (3ms)
			ReleaseScriptCaches (1ms)
			RebuildScriptCaches (39ms)
			SetupLoadedEditorAssemblies (307ms)
				LogAssemblyErrors (0ms)
				InitializePlatformSupportModulesInManaged (12ms)
				SetLoadedEditorAssemblies (6ms)
				RefreshPlugins (1ms)
				BeforeProcessingInitializeOnLoad (55ms)
				ProcessInitializeOnLoadAttributes (201ms)
				ProcessInitializeOnLoadMethodAttributes (24ms)
				AfterProcessingInitializeOnLoad (7ms)
				EditorAssembliesLoaded (0ms)
			ExecutionOrderSort2 (0ms)
			AwakeInstancesAfterBackupRestoration (7ms)
Platform modules already initialized, skipping
Refreshing native plugins compatible for Editor in 2.26 ms, found 3 plugins.
Preloading 0 native plugins for Editor in 0.00 ms.
Unloading 3234 Unused Serialized files (Serialized files now loaded: 0)
Unloading 18 unused Assets / (32.5 KB). Loaded Objects now: 3722.
Memory consumption went from 509.9 MB to 509.9 MB.
Total: 3.723700 ms (FindLiveObjects: 0.344500 ms CreateObjectMapping: 0.096900 ms MarkObjects: 3.240000 ms  DeleteObjects: 0.041100 ms)

AssetImportParameters requested are different than current active one (requested -> active):
  custom:video-decoder-ogg-theora: a1e56fd34408186e4bbccfd4996cb3dc -> 
  custom:container-muxer-webm: aa71ff27fc2769a1b78a27578f13a17b -> 
  custom:container-demuxer-webm: 4f35f7cbe854078d1ac9338744f61a02 -> 
  custom:video-encoder-webm-vp8: eb34c28f22e8b96e1ab97ce403110664 -> 
  custom:video-codec-MediaFoundation-h265: 746d11721c4dcdbdad8f713fa42b33f4 -> 
  custom:audio-encoder-webm-vorbis: bf7c407c2cedff20999df2af8eb42d56 -> 
  custom:framework-win-MediaFoundation: 216162199b28c13a410421893ffa2e32 -> 
  custom:container-demuxer-ogg: 62fdf1f143b41e24485cea50d1cbac27 -> 
  custom:video-decoder-webm-vp8: 9c59270c3fd7afecdb556c50c9e8de78 -> 
  custom:audio-decoder-ogg-vorbis: bf7c407c2cedff20999df2af8eb42d56 -> 
========================================================================
Received Prepare
Registering precompiled user dll's ...
Registered in 0.005186 seconds.
Begin MonoManager ReloadAssembly
Symbol file LoadedFromMemory doesn't match image C:\Users\joshu\Unity\AsignaturaMotores\Library\PackageCache\com.unity.visualscripting@1.7.8\Editor\VisualScripting.Core\Dependencies\YamlDotNet\Unity.VisualScripting.YamlDotNet.dll
Symbol file LoadedFromMemory doesn't match image C:\Users\joshu\Unity\AsignaturaMotores\Library\PackageCache\com.unity.visualscripting@1.7.8\Editor\VisualScripting.Core\Dependencies\DotNetZip\Unity.VisualScripting.IonicZip.dll
Native extension for WindowsStandalone target not found
Refreshing native plugins compatible for Editor in 0.89 ms, found 3 plugins.
Preloading 0 native plugins for Editor in 0.00 ms.
Mono: successfully reloaded assembly
- Completed reload, in  0.830 seconds
Domain Reload Profiling:
	ReloadAssembly (831ms)
		BeginReloadAssembly (112ms)
			ExecutionOrderSort (0ms)
			DisableScriptedObjects (5ms)
			BackupInstance (0ms)
			ReleaseScriptingObjects (0ms)
			CreateAndSetChildDomain (31ms)
		EndReloadAssembly (638ms)
			LoadAssemblies (70ms)
			RebuildTransferFunctionScriptingTraits (0ms)
			SetupTypeCache (181ms)
				TypeCache.Initialize (178ms)
					TypeCache.ScanAssembly (172ms)
				ResolveRequiredComponents (4ms)
			ReleaseScriptCaches (1ms)
			RebuildScriptCaches (36ms)
			SetupLoadedEditorAssemblies (297ms)
				LogAssemblyErrors (0ms)
				InitializePlatformSupportModulesInManaged (12ms)
				SetLoadedEditorAssemblies (7ms)
				RefreshPlugins (1ms)
				BeforeProcessingInitializeOnLoad (56ms)
				ProcessInitializeOnLoadAttributes (192ms)
				ProcessInitializeOnLoadMethodAttributes (24ms)
				AfterProcessingInitializeOnLoad (6ms)
				EditorAssembliesLoaded (0ms)
			ExecutionOrderSort2 (0ms)
			AwakeInstancesAfterBackupRestoration (6ms)
Platform modules already initialized, skipping
Refreshing native plugins compatible for Editor in 2.03 ms, found 3 plugins.
Preloading 0 native plugins for Editor in 0.00 ms.
Unloading 3234 Unused Serialized files (Serialized files now loaded: 0)
Unloading 18 unused Assets / (32.5 KB). Loaded Objects now: 3725.
Memory consumption went from 509.9 MB to 509.9 MB.
Total: 4.426200 ms (FindLiveObjects: 0.330200 ms CreateObjectMapping: 0.240000 ms MarkObjects: 3.818100 ms  DeleteObjects: 0.036300 ms)

AssetImportParameters requested are different than current active one (requested -> active):
  custom:video-decoder-ogg-theora: a1e56fd34408186e4bbccfd4996cb3dc -> 
  custom:container-muxer-webm: aa71ff27fc2769a1b78a27578f13a17b -> 
  custom:container-demuxer-webm: 4f35f7cbe854078d1ac9338744f61a02 -> 
  custom:video-encoder-webm-vp8: eb34c28f22e8b96e1ab97ce403110664 -> 
  custom:video-codec-MediaFoundation-h265: 746d11721c4dcdbdad8f713fa42b33f4 -> 
  custom:audio-encoder-webm-vorbis: bf7c407c2cedff20999df2af8eb42d56 -> 
  custom:framework-win-MediaFoundation: 216162199b28c13a410421893ffa2e32 -> 
  custom:container-demuxer-ogg: 62fdf1f143b41e24485cea50d1cbac27 -> 
  custom:video-decoder-webm-vp8: 9c59270c3fd7afecdb556c50c9e8de78 -> 
  custom:audio-decoder-ogg-vorbis: bf7c407c2cedff20999df2af8eb42d56 -> 
========================================================================
Received Import Request.
  Time since last request: 114058.745679 seconds.
  path: Assets/Prefabs/Base.prefab
  artifactKey: Guid(01b738166f880344283a98189ccd7957) Importer(815301076,1909f56bfc062723c751e8b465ee728b)
Start importing Assets/Prefabs/Base.prefab using Guid(01b738166f880344283a98189ccd7957) Importer(815301076,1909f56bfc062723c751e8b465ee728b)  -> (artifact id: 'c1df2a89b6a184888f299f92cd8c7306') in 0.115403 seconds 
========================================================================
Received Import Request.
  Time since last request: 6.686585 seconds.
  path: Assets/Prefabs/Base.prefab
  artifactKey: Guid(01b738166f880344283a98189ccd7957) Importer(815301076,1909f56bfc062723c751e8b465ee728b)
Start importing Assets/Prefabs/Base.prefab using Guid(01b738166f880344283a98189ccd7957) Importer(815301076,1909f56bfc062723c751e8b465ee728b)  -> (artifact id: 'fa6a4eac24fb5303e2f2e5deec95d3a0') in 0.014072 seconds 
========================================================================
Received Import Request.
  Time since last request: 11.068047 seconds.
  path: Assets/Prefabs/Base.prefab
  artifactKey: Guid(01b738166f880344283a98189ccd7957) Importer(815301076,1909f56bfc062723c751e8b465ee728b)
Start importing Assets/Prefabs/Base.prefab using Guid(01b738166f880344283a98189ccd7957) Importer(815301076,1909f56bfc062723c751e8b465ee728b)  -> (artifact id: 'd2a7ea008e3b8eb8082f11c7606de886') in 0.015356 seconds 
========================================================================
Received Import Request.
  Time since last request: 897.783946 seconds.
  path: Assets/New Terrain 1.asset
  artifactKey: Guid(b3c50e5c1e85f7442be676f467078973) Importer(815301076,1909f56bfc062723c751e8b465ee728b)
Start importing Assets/New Terrain 1.asset using Guid(b3c50e5c1e85f7442be676f467078973) Importer(815301076,1909f56bfc062723c751e8b465ee728b)  -> (artifact id: '4d908636418a45764a6cb5c778f6f175') in 0.018961 seconds 
========================================================================
Received Import Request.
  Time since last request: 114.373859 seconds.
  path: Assets/Prefabs/ShieldTreasure.prefab
  artifactKey: Guid(5a7b6a8dd218aea4b9d5998ee7026866) Importer(815301076,1909f56bfc062723c751e8b465ee728b)
Start importing Assets/Prefabs/ShieldTreasure.prefab using Guid(5a7b6a8dd218aea4b9d5998ee7026866) Importer(815301076,1909f56bfc062723c751e8b465ee728b)  -> (artifact id: '9a2b6fba9960cd8308e67b7326bab71d') in 0.010932 seconds 
========================================================================
Received Import Request.
  Time since last request: 31.611573 seconds.
  path: Assets/Animations
  artifactKey: Guid(c62839e0c9c84f0458a01f70e19f774e) Importer(815301076,1909f56bfc062723c751e8b465ee728b)
Start importing Assets/Animations using Guid(c62839e0c9c84f0458a01f70e19f774e) Importer(815301076,1909f56bfc062723c751e8b465ee728b)  -> (artifact id: 'f9eb518a0e90ba80196f6dfeb9b5b5c5') in 0.001605 seconds 
========================================================================
Received Import Request.
  Time since last request: 11.035930 seconds.
  path: Assets/Animations/ShieldAnimate.controller
  artifactKey: Guid(e4bcce53dd3d9c34f92bc9b71e5e4ef4) Importer(815301076,1909f56bfc062723c751e8b465ee728b)
Start importing Assets/Animations/ShieldAnimate.controller using Guid(e4bcce53dd3d9c34f92bc9b71e5e4ef4) Importer(815301076,1909f56bfc062723c751e8b465ee728b)  -> (artifact id: '8149570eb572d023958e664c53d9b745') in 0.005102 seconds 
========================================================================
Received Import Request.
  Time since last request: 96.114240 seconds.
  path: Assets/Animations/ShieldMove.anim
  artifactKey: Guid(262a782efe2bed14b86608981bc23a88) Importer(815301076,1909f56bfc062723c751e8b465ee728b)
Start importing Assets/Animations/ShieldMove.anim using Guid(262a782efe2bed14b86608981bc23a88) Importer(815301076,1909f56bfc062723c751e8b465ee728b)  -> (artifact id: '0376a23185c93660c9cea091bd63a5a2') in 0.003760 seconds 
========================================================================
Received Import Request.
  Time since last request: 211.922300 seconds.
  path: Assets/Animations/ShieldAnimate.controller
  artifactKey: Guid(e4bcce53dd3d9c34f92bc9b71e5e4ef4) Importer(815301076,1909f56bfc062723c751e8b465ee728b)
Start importing Assets/Animations/ShieldAnimate.controller using Guid(e4bcce53dd3d9c34f92bc9b71e5e4ef4) Importer(815301076,1909f56bfc062723c751e8b465ee728b)  -> (artifact id: '211467a292e125d476101f0a27c7c87e') in 0.002183 seconds 
========================================================================
Received Import Request.
  Time since last request: 0.663059 seconds.
  path: Assets/Animations/ShieldMove.anim
  artifactKey: Guid(262a782efe2bed14b86608981bc23a88) Importer(815301076,1909f56bfc062723c751e8b465ee728b)
Start importing Assets/Animations/ShieldMove.anim using Guid(262a782efe2bed14b86608981bc23a88) Importer(815301076,1909f56bfc062723c751e8b465ee728b)  -> (artifact id: 'a0da84644c923ef4cba61601e07f5f2f') in 0.002075 seconds 
========================================================================
Received Prepare
Registering precompiled user dll's ...
Registered in 0.003974 seconds.
Begin MonoManager ReloadAssembly
Symbol file LoadedFromMemory doesn't match image C:\Users\joshu\Unity\AsignaturaMotores\Library\PackageCache\com.unity.visualscripting@1.7.8\Editor\VisualScripting.Core\Dependencies\YamlDotNet\Unity.VisualScripting.YamlDotNet.dll
Symbol file LoadedFromMemory doesn't match image C:\Users\joshu\Unity\AsignaturaMotores\Library\PackageCache\com.unity.visualscripting@1.7.8\Editor\VisualScripting.Core\Dependencies\DotNetZip\Unity.VisualScripting.IonicZip.dll
Native extension for WindowsStandalone target not found
Refreshing native plugins compatible for Editor in 0.78 ms, found 3 plugins.
Preloading 0 native plugins for Editor in 0.00 ms.
Mono: successfully reloaded assembly
- Completed reload, in  0.864 seconds
Domain Reload Profiling:
	ReloadAssembly (865ms)
		BeginReloadAssembly (113ms)
			ExecutionOrderSort (0ms)
			DisableScriptedObjects (4ms)
			BackupInstance (0ms)
			ReleaseScriptingObjects (0ms)
			CreateAndSetChildDomain (35ms)
		EndReloadAssembly (669ms)
			LoadAssemblies (67ms)
			RebuildTransferFunctionScriptingTraits (0ms)
			SetupTypeCache (189ms)
				TypeCache.Initialize (186ms)
					TypeCache.ScanAssembly (180ms)
				ResolveRequiredComponents (3ms)
			ReleaseScriptCaches (1ms)
			RebuildScriptCaches (37ms)
			SetupLoadedEditorAssemblies (316ms)
				LogAssemblyErrors (0ms)
				InitializePlatformSupportModulesInManaged (13ms)
				SetLoadedEditorAssemblies (6ms)
				RefreshPlugins (1ms)
				BeforeProcessingInitializeOnLoad (57ms)
				ProcessInitializeOnLoadAttributes (204ms)
				ProcessInitializeOnLoadMethodAttributes (27ms)
				AfterProcessingInitializeOnLoad (7ms)
				EditorAssembliesLoaded (0ms)
			ExecutionOrderSort2 (0ms)
			AwakeInstancesAfterBackupRestoration (6ms)
Platform modules already initialized, skipping
Refreshing native plugins compatible for Editor in 2.13 ms, found 3 plugins.
Preloading 0 native plugins for Editor in 0.00 ms.
Unloading 3233 Unused Serialized files (Serialized files now loaded: 0)
Unloading 18 unused Assets / (25.4 KB). Loaded Objects now: 3740.
Memory consumption went from 0.50 GB to 0.50 GB.
Total: 3.434400 ms (FindLiveObjects: 0.301200 ms CreateObjectMapping: 0.196900 ms MarkObjects: 2.903700 ms  DeleteObjects: 0.031300 ms)

AssetImportParameters requested are different than current active one (requested -> active):
  custom:video-decoder-ogg-theora: a1e56fd34408186e4bbccfd4996cb3dc -> 
  custom:container-muxer-webm: aa71ff27fc2769a1b78a27578f13a17b -> 
  custom:container-demuxer-webm: 4f35f7cbe854078d1ac9338744f61a02 -> 
  custom:video-encoder-webm-vp8: eb34c28f22e8b96e1ab97ce403110664 -> 
  custom:video-codec-MediaFoundation-h265: 746d11721c4dcdbdad8f713fa42b33f4 -> 
  custom:audio-encoder-webm-vorbis: bf7c407c2cedff20999df2af8eb42d56 -> 
  custom:framework-win-MediaFoundation: 216162199b28c13a410421893ffa2e32 -> 
  custom:container-demuxer-ogg: 62fdf1f143b41e24485cea50d1cbac27 -> 
  custom:video-decoder-webm-vp8: 9c59270c3fd7afecdb556c50c9e8de78 -> 
  custom:audio-decoder-ogg-vorbis: bf7c407c2cedff20999df2af8eb42d56 -> 
========================================================================
Received Prepare
Registering precompiled user dll's ...
Registered in 0.004964 seconds.
Begin MonoManager ReloadAssembly
Symbol file LoadedFromMemory doesn't match image C:\Users\joshu\Unity\AsignaturaMotores\Library\PackageCache\com.unity.visualscripting@1.7.8\Editor\VisualScripting.Core\Dependencies\YamlDotNet\Unity.VisualScripting.YamlDotNet.dll
Symbol file LoadedFromMemory doesn't match image C:\Users\joshu\Unity\AsignaturaMotores\Library\PackageCache\com.unity.visualscripting@1.7.8\Editor\VisualScripting.Core\Dependencies\DotNetZip\Unity.VisualScripting.IonicZip.dll
Native extension for WindowsStandalone target not found
Refreshing native plugins compatible for Editor in 0.84 ms, found 3 plugins.
Preloading 0 native plugins for Editor in 0.00 ms.
Mono: successfully reloaded assembly
- Completed reload, in  0.941 seconds
Domain Reload Profiling:
	ReloadAssembly (941ms)
		BeginReloadAssembly (112ms)
			ExecutionOrderSort (0ms)
			DisableScriptedObjects (5ms)
			BackupInstance (0ms)
			ReleaseScriptingObjects (0ms)
			CreateAndSetChildDomain (37ms)
		EndReloadAssembly (737ms)
			LoadAssemblies (66ms)
			RebuildTransferFunctionScriptingTraits (0ms)
			SetupTypeCache (231ms)
				TypeCache.Initialize (226ms)
					TypeCache.ScanAssembly (219ms)
				ResolveRequiredComponents (5ms)
			ReleaseScriptCaches (2ms)
			RebuildScriptCaches (43ms)
			SetupLoadedEditorAssemblies (324ms)
				LogAssemblyErrors (0ms)
				InitializePlatformSupportModulesInManaged (14ms)
				SetLoadedEditorAssemblies (7ms)
				RefreshPlugins (1ms)
				BeforeProcessingInitializeOnLoad (58ms)
				ProcessInitializeOnLoadAttributes (208ms)
				ProcessInitializeOnLoadMethodAttributes (28ms)
				AfterProcessingInitializeOnLoad (8ms)
				EditorAssembliesLoaded (0ms)
			ExecutionOrderSort2 (0ms)
			AwakeInstancesAfterBackupRestoration (7ms)
Platform modules already initialized, skipping
Refreshing native plugins compatible for Editor in 2.48 ms, found 3 plugins.
Preloading 0 native plugins for Editor in 0.00 ms.
Unloading 3234 Unused Serialized files (Serialized files now loaded: 0)
Unloading 18 unused Assets / (32.5 KB). Loaded Objects now: 3743.
Memory consumption went from 0.50 GB to 0.50 GB.
Total: 4.708500 ms (FindLiveObjects: 0.438800 ms CreateObjectMapping: 0.325700 ms MarkObjects: 3.905300 ms  DeleteObjects: 0.037400 ms)

AssetImportParameters requested are different than current active one (requested -> active):
  custom:video-decoder-ogg-theora: a1e56fd34408186e4bbccfd4996cb3dc -> 
  custom:container-muxer-webm: aa71ff27fc2769a1b78a27578f13a17b -> 
  custom:container-demuxer-webm: 4f35f7cbe854078d1ac9338744f61a02 -> 
  custom:video-encoder-webm-vp8: eb34c28f22e8b96e1ab97ce403110664 -> 
  custom:video-codec-MediaFoundation-h265: 746d11721c4dcdbdad8f713fa42b33f4 -> 
  custom:audio-encoder-webm-vorbis: bf7c407c2cedff20999df2af8eb42d56 -> 
  custom:framework-win-MediaFoundation: 216162199b28c13a410421893ffa2e32 -> 
  custom:container-demuxer-ogg: 62fdf1f143b41e24485cea50d1cbac27 -> 
  custom:video-decoder-webm-vp8: 9c59270c3fd7afecdb556c50c9e8de78 -> 
  custom:audio-decoder-ogg-vorbis: bf7c407c2cedff20999df2af8eb42d56 -> 
========================================================================
Received Import Request.
  Time since last request: 209.548595 seconds.
  path: Assets/Assets Motores/Assets Motores/Girl
  artifactKey: Guid(a7834d244a17f4a448f62e889a696933) Importer(815301076,1909f56bfc062723c751e8b465ee728b)
Start importing Assets/Assets Motores/Assets Motores/Girl using Guid(a7834d244a17f4a448f62e889a696933) Importer(815301076,1909f56bfc062723c751e8b465ee728b)  -> (artifact id: '430a8458ba830933c86dfcfb39e1d72b') in 0.002686 seconds 
========================================================================
Received Import Request.
  Time since last request: 0.135460 seconds.
  path: Assets/Assets Motores/Assets Motores/Girl/Falling Idle.fbx
  artifactKey: Guid(7cb0ff29fd973f84aabc5ffdb5c06e42) Importer(815301076,1909f56bfc062723c751e8b465ee728b)
Start importing Assets/Assets Motores/Assets Motores/Girl/Falling Idle.fbx using Guid(7cb0ff29fd973f84aabc5ffdb5c06e42) Importer(815301076,1909f56bfc062723c751e8b465ee728b)  -> (artifact id: 'a56da33511ad804787a099d5648854f2') in 0.375229 seconds 
========================================================================
Received Import Request.
  Time since last request: 0.000036 seconds.
  path: Assets/Assets Motores/Assets Motores/Girl/GirlAnimatedSingle2.fbx
  artifactKey: Guid(1cddb40f9d6ff734e8ecd8c32f029895) Importer(815301076,1909f56bfc062723c751e8b465ee728b)
Start importing Assets/Assets Motores/Assets Motores/Girl/GirlAnimatedSingle2.fbx using Guid(1cddb40f9d6ff734e8ecd8c32f029895) Importer(815301076,1909f56bfc062723c751e8b465ee728b)  -> (artifact id: 'e0b209075e332913a007e2162fbf5d30') in 0.007258 seconds 
========================================================================
Received Import Request.
  Time since last request: 0.000075 seconds.
  path: Assets/Assets Motores/Assets Motores/Girl/GirlAnimatedSingle4.fbx
  artifactKey: Guid(396a45248eccb5e45862f4d9d8bf995d) Importer(815301076,1909f56bfc062723c751e8b465ee728b)
Start importing Assets/Assets Motores/Assets Motores/Girl/GirlAnimatedSingle4.fbx using Guid(396a45248eccb5e45862f4d9d8bf995d) Importer(815301076,1909f56bfc062723c751e8b465ee728b)  -> (artifact id: 'ba60c09e0b3954c23e17060f32e8f6c4') in 0.201972 seconds 
========================================================================
Received Import Request.
  Time since last request: 0.000030 seconds.
  path: Assets/Assets Motores/Assets Motores/Girl/Jump.fbx
  artifactKey: Guid(161bd91a4a416d84e8e3e2af8dacac9f) Importer(815301076,1909f56bfc062723c751e8b465ee728b)
Start importing Assets/Assets Motores/Assets Motores/Girl/Jump.fbx using Guid(161bd91a4a416d84e8e3e2af8dacac9f) Importer(815301076,1909f56bfc062723c751e8b465ee728b)  -> (artifact id: '5476da4a3799052f75f1f76323041f34') in 0.170943 seconds 
========================================================================
Received Import Request.
  Time since last request: 0.000039 seconds.
  path: Assets/Assets Motores/Assets Motores/Girl/Standing Magic Area Attack.fbx
  artifactKey: Guid(f00749c975d2e1f4d87346366a4e8344) Importer(815301076,1909f56bfc062723c751e8b465ee728b)
Start importing Assets/Assets Motores/Assets Motores/Girl/Standing Magic Area Attack.fbx using Guid(f00749c975d2e1f4d87346366a4e8344) Importer(815301076,1909f56bfc062723c751e8b465ee728b)  -> (artifact id: 'ae28dac5d87466ed325e9a19d7c59a72') in 0.202522 seconds 
========================================================================
Received Import Request.
  Time since last request: 0.000046 seconds.
  path: Assets/Assets Motores/Assets Motores/Girl/GirlAnimatedSingle.fbx
  artifactKey: Guid(0790fbf0e4a159d4397cd249cd06b547) Importer(815301076,1909f56bfc062723c751e8b465ee728b)
Start importing Assets/Assets Motores/Assets Motores/Girl/GirlAnimatedSingle.fbx using Guid(0790fbf0e4a159d4397cd249cd06b547) Importer(815301076,1909f56bfc062723c751e8b465ee728b)  -> (artifact id: '8f1a91c3409f809778a6ac2b60f46625') in 0.215924 seconds 
========================================================================
Received Import Request.
  Time since last request: 0.000059 seconds.
  path: Assets/Assets Motores/Assets Motores/Girl/Idle.fbx
  artifactKey: Guid(f1ede84613e09b14bae8e7c7d6b2115d) Importer(815301076,1909f56bfc062723c751e8b465ee728b)
Start importing Assets/Assets Motores/Assets Motores/Girl/Idle.fbx using Guid(f1ede84613e09b14bae8e7c7d6b2115d) Importer(815301076,1909f56bfc062723c751e8b465ee728b)  -> (artifact id: 'e29dd000c4bbb8e2a6dbd53c92220731') in 0.207003 seconds 
========================================================================
Received Import Request.
  Time since last request: 0.000042 seconds.
  path: Assets/Assets Motores/Assets Motores/Girl/Punching.fbx
  artifactKey: Guid(5600689a764f6df42bb2b0896424473d) Importer(815301076,1909f56bfc062723c751e8b465ee728b)
Start importing Assets/Assets Motores/Assets Motores/Girl/Punching.fbx using Guid(5600689a764f6df42bb2b0896424473d) Importer(815301076,1909f56bfc062723c751e8b465ee728b)  -> (artifact id: '256bfbeae72d490850e7e8757ee3f4fe') in 0.226748 seconds 
========================================================================
Received Import Request.
  Time since last request: 0.000067 seconds.
  path: Assets/Assets Motores/Assets Motores/Girl/Standing React Death Right.fbx
  artifactKey: Guid(8145fefde977055448d567b58f98f1bd) Importer(815301076,1909f56bfc062723c751e8b465ee728b)
Start importing Assets/Assets Motores/Assets Motores/Girl/Standing React Death Right.fbx using Guid(8145fefde977055448d567b58f98f1bd) Importer(815301076,1909f56bfc062723c751e8b465ee728b)  -> (artifact id: 'f852003561f98a7b69cd6ef53ae38f48') in 0.189103 seconds 
========================================================================
Received Import Request.
  Time since last request: 0.000036 seconds.
  path: Assets/Assets Motores/Assets Motores/Girl/GirlAnimatedSingle3.fbx
  artifactKey: Guid(de0e64bcc7344d4498cf452d9dc83365) Importer(815301076,1909f56bfc062723c751e8b465ee728b)
Start importing Assets/Assets Motores/Assets Motores/Girl/GirlAnimatedSingle3.fbx using Guid(de0e64bcc7344d4498cf452d9dc83365) Importer(815301076,1909f56bfc062723c751e8b465ee728b)  -> (artifact id: 'dc1af8b78ad551698c48db07203feeed') in 0.004749 seconds 
========================================================================
Received Import Request.
  Time since last request: 0.000033 seconds.
  path: Assets/Assets Motores/Assets Motores/Girl/GirlAnimatedComplete.fbx
  artifactKey: Guid(5061e2643e615bb4d9d7f643f8e05b63) Importer(815301076,1909f56bfc062723c751e8b465ee728b)
Start importing Assets/Assets Motores/Assets Motores/Girl/GirlAnimatedComplete.fbx using Guid(5061e2643e615bb4d9d7f643f8e05b63) Importer(815301076,1909f56bfc062723c751e8b465ee728b)  -> (artifact id: '48bda1d9a60cda90de0b9037301c14db') in 0.200412 seconds 
========================================================================
Received Import Request.
  Time since last request: 0.000052 seconds.
  path: Assets/Assets Motores/Assets Motores/Girl/Standing 2H Magic Attack.fbx
  artifactKey: Guid(f64728b4b60316f4eb71da7d854eff67) Importer(815301076,1909f56bfc062723c751e8b465ee728b)
Start importing Assets/Assets Motores/Assets Motores/Girl/Standing 2H Magic Attack.fbx using Guid(f64728b4b60316f4eb71da7d854eff67) Importer(815301076,1909f56bfc062723c751e8b465ee728b)  -> (artifact id: 'ed00b5d9fc1fbb3f398ac64387b58646') in 0.211622 seconds 
========================================================================
Received Import Request.
  Time since last request: 0.000039 seconds.
  path: Assets/Assets Motores/Assets Motores/Girl/Walking.fbx
  artifactKey: Guid(26358bf92fd87c546bd956d9fb3ee381) Importer(815301076,1909f56bfc062723c751e8b465ee728b)
Start importing Assets/Assets Motores/Assets Motores/Girl/Walking.fbx using Guid(26358bf92fd87c546bd956d9fb3ee381) Importer(815301076,1909f56bfc062723c751e8b465ee728b)  -> (artifact id: '49742f090941c6a9e9059af79f344931') in 0.218825 seconds 
Editor requested this worker to shutdown with reason: Scaling down because of idle timeout
AssetImportWorker is now disconnected from the server
Process exiting
Exiting without the bug reporter. Application will terminate with return code 0