Using pre-set license
Built from '2022.1/staging' branch; Version is '2022.1.23f1 (9636b062134a) revision 9844400'; Using compiler version '192829333'; Build Type 'Release'
OS: 'Windows 10  (10.0.19044) 64bit Core' Language: 'en' Physical Memory: 18370 MB
BatchMode: 1, IsHumanControllingUs: 0, StartBugReporterOnCrash: 0, Is64bit: 1, IsPro: 1

COMMAND LINE ARGUMENTS:
C:\Program Files\Unity\Hub\Editor\2022.1.23f1\Editor\Unity.exe
-adb2
-batchMode
-noUpm
-name
AssetImportWorker15
-projectPath
C:/Users/gabri/OneDrive/Documentos/MaestriaVideJuegos/ActividadClase/AsignaturaMotores
-logFile
Logs/AssetImportWorker15.log
-srvPort
63570
Successfully changed project path to: C:/Users/gabri/OneDrive/Documentos/MaestriaVideJuegos/ActividadClase/AsignaturaMotores
C:/Users/gabri/OneDrive/Documentos/MaestriaVideJuegos/ActividadClase/AsignaturaMotores
[UnityMemory] Configuration Parameters - Can be set up in boot.config
    "memorysetup-bucket-allocator-granularity=16"
    "memorysetup-bucket-allocator-bucket-count=8"
    "memorysetup-bucket-allocator-block-size=33554432"
    "memorysetup-bucket-allocator-block-count=8"
    "memorysetup-main-allocator-block-size=16777216"
    "memorysetup-thread-allocator-block-size=16777216"
    "memorysetup-gfx-main-allocator-block-size=16777216"
    "memorysetup-gfx-thread-allocator-block-size=16777216"
    "memorysetup-cache-allocator-block-size=4194304"
    "memorysetup-typetree-allocator-block-size=2097152"
    "memorysetup-profiler-bucket-allocator-granularity=16"
    "memorysetup-profiler-bucket-allocator-bucket-count=8"
    "memorysetup-profiler-bucket-allocator-block-size=33554432"
    "memorysetup-profiler-bucket-allocator-block-count=8"
    "memorysetup-profiler-allocator-block-size=16777216"
    "memorysetup-profiler-editor-allocator-block-size=1048576"
    "memorysetup-temp-allocator-size-main=16777216"
    "memorysetup-job-temp-allocator-block-size=2097152"
    "memorysetup-job-temp-allocator-block-size-background=1048576"
    "memorysetup-job-temp-allocator-reduction-small-platforms=262144"
    "memorysetup-temp-allocator-size-background-worker=32768"
    "memorysetup-temp-allocator-size-job-worker=262144"
    "memorysetup-temp-allocator-size-preload-manager=33554432"
    "memorysetup-temp-allocator-size-nav-mesh-worker=65536"
    "memorysetup-temp-allocator-size-audio-worker=65536"
    "memorysetup-temp-allocator-size-cloud-worker=32768"
    "memorysetup-temp-allocator-size-gi-baking-worker=262144"
    "memorysetup-temp-allocator-size-gfx=262144"
Refreshing native plugins compatible for Editor in 112.31 ms, found 3 plugins.
Preloading 0 native plugins for Editor in 0.00 ms.
Initialize engine version: 2022.1.23f1 (9636b062134a)
[Subsystems] Discovering subsystems at path C:/Program Files/Unity/Hub/Editor/2022.1.23f1/Editor/Data/Resources/UnitySubsystems
[Subsystems] Discovering subsystems at path C:/Users/gabri/OneDrive/Documentos/MaestriaVideJuegos/ActividadClase/AsignaturaMotores/Assets
GfxDevice: creating device client; threaded=0; jobified=0
Direct3D:
    Version:  Direct3D 11.0 [level 11.1]
    Renderer: AMD Radeon(TM) Vega 8 Graphics (ID=0x15d8)
    Vendor:   ATI
    VRAM:     9185 MB
    Driver:   31.0.12027.7000
Initialize mono
Mono path[0] = 'C:/Program Files/Unity/Hub/Editor/2022.1.23f1/Editor/Data/Managed'
Mono path[1] = 'C:/Program Files/Unity/Hub/Editor/2022.1.23f1/Editor/Data/MonoBleedingEdge/lib/mono/unityjit-win32'
Mono config path = 'C:/Program Files/Unity/Hub/Editor/2022.1.23f1/Editor/Data/MonoBleedingEdge/etc'
Using monoOptions --debugger-agent=transport=dt_socket,embedding=1,server=y,suspend=n,address=127.0.0.1:56204
Begin MonoManager ReloadAssembly
Registering precompiled unity dll's ...
Register platform support module: C:/Program Files/Unity/Hub/Editor/2022.1.23f1/Editor/Data/PlaybackEngines/WebGLSupport/UnityEditor.WebGL.Extensions.dll
Register platform support module: C:/Program Files/Unity/Hub/Editor/2022.1.23f1/Editor/Data/PlaybackEngines/AndroidPlayer/UnityEditor.Android.Extensions.dll
Register platform support module: C:/Program Files/Unity/Hub/Editor/2022.1.23f1/Editor/Data/PlaybackEngines/WindowsStandaloneSupport/UnityEditor.WindowsStandalone.Extensions.dll
Register platform support module: C:/Program Files/Unity/Hub/Editor/2022.1.23f1/Editor/Data/PlaybackEngines/MetroSupport/UnityEditor.UWP.Extensions.dll
Registered in 0.017023 seconds.
Native extension for UWP target not found
Native extension for WindowsStandalone target not found
Native extension for Android target not found
Native extension for WebGL target not found
Refreshing native plugins compatible for Editor in 122.64 ms, found 3 plugins.
Preloading 0 native plugins for Editor in 0.00 ms.
Mono: successfully reloaded assembly
- Completed reload, in  1.217 seconds
Domain Reload Profiling:
	ReloadAssembly (1218ms)
		BeginReloadAssembly (115ms)
			ExecutionOrderSort (0ms)
			DisableScriptedObjects (0ms)
			BackupInstance (0ms)
			ReleaseScriptingObjects (0ms)
			CreateAndSetChildDomain (1ms)
		EndReloadAssembly (881ms)
			LoadAssemblies (113ms)
			RebuildTransferFunctionScriptingTraits (0ms)
			SetupTypeCache (192ms)
				TypeCache.Initialize (191ms)
					TypeCache.ScanAssembly (189ms)
				ResolveRequiredComponents (1ms)
			ReleaseScriptCaches (0ms)
			RebuildScriptCaches (46ms)
			SetupLoadedEditorAssemblies (552ms)
				LogAssemblyErrors (0ms)
				InitializePlatformSupportModulesInManaged (105ms)
				SetLoadedEditorAssemblies (17ms)
				RefreshPlugins (123ms)
				BeforeProcessingInitializeOnLoad (2ms)
				ProcessInitializeOnLoadAttributes (222ms)
				ProcessInitializeOnLoadMethodAttributes (83ms)
				AfterProcessingInitializeOnLoad (0ms)
				EditorAssembliesLoaded (0ms)
			ExecutionOrderSort2 (0ms)
			AwakeInstancesAfterBackupRestoration (0ms)
Platform modules already initialized, skipping
Registering precompiled user dll's ...
Registered in 0.012318 seconds.
Begin MonoManager ReloadAssembly
An ADB process has shut down when we were accessing it, the following System.Threading.ThreadAbortException has been thrown: Thread was being aborted..
Symbol file LoadedFromMemory doesn't match image C:\Users\gabri\OneDrive\Documentos\MaestriaVideJuegos\ActividadClase\AsignaturaMotores\Library\PackageCache\com.unity.visualscripting@1.7.8\Editor\VisualScripting.Core\Dependencies\YamlDotNet\Unity.VisualScripting.YamlDotNet.dll
Symbol file LoadedFromMemory doesn't match image C:\Users\gabri\OneDrive\Documentos\MaestriaVideJuegos\ActividadClase\AsignaturaMotores\Library\PackageCache\com.unity.visualscripting@1.7.8\Editor\VisualScripting.Core\Dependencies\DotNetZip\Unity.VisualScripting.IonicZip.dll
Native extension for UWP target not found
Native extension for WindowsStandalone target not found
Native extension for Android target not found
Native extension for WebGL target not found
Refreshing native plugins compatible for Editor in 0.96 ms, found 3 plugins.
Preloading 0 native plugins for Editor in 0.00 ms.
Mono: successfully reloaded assembly
- Completed reload, in  1.911 seconds
Domain Reload Profiling:
	ReloadAssembly (1913ms)
		BeginReloadAssembly (323ms)
			ExecutionOrderSort (0ms)
			DisableScriptedObjects (9ms)
			BackupInstance (0ms)
			ReleaseScriptingObjects (0ms)
			CreateAndSetChildDomain (150ms)
		EndReloadAssembly (1403ms)
			LoadAssemblies (139ms)
			RebuildTransferFunctionScriptingTraits (0ms)
			SetupTypeCache (417ms)
				TypeCache.Initialize (411ms)
					TypeCache.ScanAssembly (403ms)
				ResolveRequiredComponents (6ms)
			ReleaseScriptCaches (1ms)
			RebuildScriptCaches (87ms)
			SetupLoadedEditorAssemblies (684ms)
				LogAssemblyErrors (0ms)
				InitializePlatformSupportModulesInManaged (29ms)
				SetLoadedEditorAssemblies (11ms)
				RefreshPlugins (1ms)
				BeforeProcessingInitializeOnLoad (122ms)
				ProcessInitializeOnLoadAttributes (449ms)
				ProcessInitializeOnLoadMethodAttributes (57ms)
				AfterProcessingInitializeOnLoad (16ms)
				EditorAssembliesLoaded (0ms)
			ExecutionOrderSort2 (0ms)
			AwakeInstancesAfterBackupRestoration (9ms)
Platform modules already initialized, skipping
========================================================================
Worker process is ready to serve import requests
Launched and connected shader compiler UnityShaderCompiler.exe after 0.09 seconds
Refreshing native plugins compatible for Editor in 1.16 ms, found 3 plugins.
Preloading 0 native plugins for Editor in 0.00 ms.
Unloading 3255 Unused Serialized files (Serialized files now loaded: 0)
Unloading 25 unused Assets / (59.0 KB). Loaded Objects now: 3742.
Memory consumption went from 0.50 GB to 0.50 GB.
Total: 6.260200 ms (FindLiveObjects: 0.453400 ms CreateObjectMapping: 0.163600 ms MarkObjects: 5.486700 ms  DeleteObjects: 0.154900 ms)

AssetImportParameters requested are different than current active one (requested -> active):
  custom:video-decoder-ogg-theora: a1e56fd34408186e4bbccfd4996cb3dc -> 
  custom:container-muxer-webm: aa71ff27fc2769a1b78a27578f13a17b -> 
  custom:container-demuxer-webm: 4f35f7cbe854078d1ac9338744f61a02 -> 
  custom:video-encoder-webm-vp8: eb34c28f22e8b96e1ab97ce403110664 -> 
  custom:audio-encoder-webm-vorbis: bf7c407c2cedff20999df2af8eb42d56 -> 
  custom:framework-win-MediaFoundation: 216162199b28c13a410421893ffa2e32 -> 
  custom:container-demuxer-ogg: 62fdf1f143b41e24485cea50d1cbac27 -> 
  custom:video-decoder-webm-vp8: 9c59270c3fd7afecdb556c50c9e8de78 -> 
  custom:audio-decoder-ogg-vorbis: bf7c407c2cedff20999df2af8eb42d56 -> 
========================================================================
Received Import Request.
  Time since last request: 85006.801201 seconds.
  path: Assets/ArtzkillZnetTexturePack01/Rocks
  artifactKey: Guid(53c31d7bc97a84a4da6a60e5ba957648) Importer(815301076,1909f56bfc062723c751e8b465ee728b)
Start importing Assets/ArtzkillZnetTexturePack01/Rocks using Guid(53c31d7bc97a84a4da6a60e5ba957648) Importer(815301076,1909f56bfc062723c751e8b465ee728b)  -> (artifact id: '75626a52be100b5a25c0e5d501f0c97a') in 0.013177 seconds 
========================================================================
Received Import Request.
  Time since last request: 122.893408 seconds.
  path: Assets/Prefabs/Sphere.prefab
  artifactKey: Guid(f365634ba2d077641859081c4db7e3ad) Importer(815301076,1909f56bfc062723c751e8b465ee728b)
Start importing Assets/Prefabs/Sphere.prefab using Guid(f365634ba2d077641859081c4db7e3ad) Importer(815301076,1909f56bfc062723c751e8b465ee728b)  -> (artifact id: '3e455491804fbdc2baa2f596fcf3c60c') in 0.255547 seconds 
========================================================================
Received Import Request.
  Time since last request: 14.098755 seconds.
  path: Assets/Prefabs/Sphere.prefab
  artifactKey: Guid(f365634ba2d077641859081c4db7e3ad) Importer(815301076,1909f56bfc062723c751e8b465ee728b)
Start importing Assets/Prefabs/Sphere.prefab using Guid(f365634ba2d077641859081c4db7e3ad) Importer(815301076,1909f56bfc062723c751e8b465ee728b)  -> (artifact id: '5e273e8d3531d1bd9e28f844e90a0641') in 0.041999 seconds 
========================================================================
Received Import Request.
  Time since last request: 2.162905 seconds.
  path: Assets/Prefabs/Sphere.prefab
  artifactKey: Guid(f365634ba2d077641859081c4db7e3ad) Importer(815301076,1909f56bfc062723c751e8b465ee728b)
Start importing Assets/Prefabs/Sphere.prefab using Guid(f365634ba2d077641859081c4db7e3ad) Importer(815301076,1909f56bfc062723c751e8b465ee728b)  -> (artifact id: '6663c9fe5653fce700ced7b6db9f28a9') in 0.036422 seconds 
========================================================================
Received Import Request.
  Time since last request: 18.969141 seconds.
  path: Assets/Prefabs/Sphere.prefab
  artifactKey: Guid(f365634ba2d077641859081c4db7e3ad) Importer(815301076,1909f56bfc062723c751e8b465ee728b)
Start importing Assets/Prefabs/Sphere.prefab using Guid(f365634ba2d077641859081c4db7e3ad) Importer(815301076,1909f56bfc062723c751e8b465ee728b)  -> (artifact id: 'f5a435e79a7bde05eb80cc1296bcc1df') in 0.036233 seconds 
========================================================================
Received Import Request.
  Time since last request: 34.742804 seconds.
  path: Assets/Prefabs/earthRobot.prefab
  artifactKey: Guid(f365634ba2d077641859081c4db7e3ad) Importer(815301076,1909f56bfc062723c751e8b465ee728b)
Start importing Assets/Prefabs/earthRobot.prefab using Guid(f365634ba2d077641859081c4db7e3ad) Importer(815301076,1909f56bfc062723c751e8b465ee728b)  -> (artifact id: 'dcf374b65231387e737cb3a27e826c2a') in 0.041268 seconds 
========================================================================
Received Import Request.
  Time since last request: 40.776786 seconds.
  path: Assets/RobotMovement.cs
  artifactKey: Guid(9d15e32dec4d3854b94b7e1519844dae) Importer(815301076,1909f56bfc062723c751e8b465ee728b)
Start importing Assets/RobotMovement.cs using Guid(9d15e32dec4d3854b94b7e1519844dae) Importer(815301076,1909f56bfc062723c751e8b465ee728b)  -> (artifact id: '79139f27eb1e96671abf26fed2ce0e3e') in 0.015872 seconds 
========================================================================
Received Prepare
Registering precompiled user dll's ...
Registered in 0.094390 seconds.
Begin MonoManager ReloadAssembly
Symbol file LoadedFromMemory doesn't match image C:\Users\gabri\OneDrive\Documentos\MaestriaVideJuegos\ActividadClase\AsignaturaMotores\Library\PackageCache\com.unity.visualscripting@1.7.8\Editor\VisualScripting.Core\Dependencies\YamlDotNet\Unity.VisualScripting.YamlDotNet.dll
Symbol file LoadedFromMemory doesn't match image C:\Users\gabri\OneDrive\Documentos\MaestriaVideJuegos\ActividadClase\AsignaturaMotores\Library\PackageCache\com.unity.visualscripting@1.7.8\Editor\VisualScripting.Core\Dependencies\DotNetZip\Unity.VisualScripting.IonicZip.dll
Native extension for UWP target not found
Native extension for WindowsStandalone target not found
Native extension for Android target not found
Native extension for WebGL target not found
Refreshing native plugins compatible for Editor in 5.07 ms, found 3 plugins.
Preloading 0 native plugins for Editor in 0.00 ms.
Mono: successfully reloaded assembly
- Completed reload, in 14.651 seconds
Domain Reload Profiling:
	ReloadAssembly (14660ms)
		BeginReloadAssembly (1678ms)
			ExecutionOrderSort (0ms)
			DisableScriptedObjects (75ms)
			BackupInstance (0ms)
			ReleaseScriptingObjects (1ms)
			CreateAndSetChildDomain (366ms)
		EndReloadAssembly (11394ms)
			LoadAssemblies (1202ms)
			RebuildTransferFunctionScriptingTraits (1ms)
			SetupTypeCache (3773ms)
				TypeCache.Initialize (3703ms)
					TypeCache.ScanAssembly (3655ms)
				ResolveRequiredComponents (69ms)
			ReleaseScriptCaches (9ms)
			RebuildScriptCaches (650ms)
			SetupLoadedEditorAssemblies (5109ms)
				LogAssemblyErrors (0ms)
				InitializePlatformSupportModulesInManaged (358ms)
				SetLoadedEditorAssemblies (80ms)
				RefreshPlugins (6ms)
				BeforeProcessingInitializeOnLoad (820ms)
				ProcessInitializeOnLoadAttributes (3356ms)
				ProcessInitializeOnLoadMethodAttributes (293ms)
				AfterProcessingInitializeOnLoad (195ms)
				EditorAssembliesLoaded (2ms)
			ExecutionOrderSort2 (0ms)
			AwakeInstancesAfterBackupRestoration (74ms)
Platform modules already initialized, skipping
Refreshing native plugins compatible for Editor in 30.05 ms, found 3 plugins.
Preloading 0 native plugins for Editor in 0.00 ms.
Unloading 3236 Unused Serialized files (Serialized files now loaded: 0)
Unloading 18 unused Assets / (25.5 KB). Loaded Objects now: 3755.
Memory consumption went from 0.50 GB to 0.50 GB.
Total: 27.942100 ms (FindLiveObjects: 1.486800 ms CreateObjectMapping: 0.970600 ms MarkObjects: 25.326300 ms  DeleteObjects: 0.151500 ms)

AssetImportParameters requested are different than current active one (requested -> active):
  custom:video-decoder-ogg-theora: a1e56fd34408186e4bbccfd4996cb3dc -> 
  custom:container-muxer-webm: aa71ff27fc2769a1b78a27578f13a17b -> 
  custom:container-demuxer-webm: 4f35f7cbe854078d1ac9338744f61a02 -> 
  custom:video-encoder-webm-vp8: eb34c28f22e8b96e1ab97ce403110664 -> 
  custom:audio-encoder-webm-vorbis: bf7c407c2cedff20999df2af8eb42d56 -> 
  custom:framework-win-MediaFoundation: 216162199b28c13a410421893ffa2e32 -> 
  custom:container-demuxer-ogg: 62fdf1f143b41e24485cea50d1cbac27 -> 
  custom:video-decoder-webm-vp8: 9c59270c3fd7afecdb556c50c9e8de78 -> 
  custom:audio-decoder-ogg-vorbis: bf7c407c2cedff20999df2af8eb42d56 -> 
========================================================================
Received Prepare
Registering precompiled user dll's ...
Registered in 0.097767 seconds.
Begin MonoManager ReloadAssembly
Symbol file LoadedFromMemory doesn't match image C:\Users\gabri\OneDrive\Documentos\MaestriaVideJuegos\ActividadClase\AsignaturaMotores\Library\PackageCache\com.unity.visualscripting@1.7.8\Editor\VisualScripting.Core\Dependencies\YamlDotNet\Unity.VisualScripting.YamlDotNet.dll
Symbol file LoadedFromMemory doesn't match image C:\Users\gabri\OneDrive\Documentos\MaestriaVideJuegos\ActividadClase\AsignaturaMotores\Library\PackageCache\com.unity.visualscripting@1.7.8\Editor\VisualScripting.Core\Dependencies\DotNetZip\Unity.VisualScripting.IonicZip.dll
Native extension for UWP target not found
Native extension for WindowsStandalone target not found
Native extension for Android target not found
Native extension for WebGL target not found
Refreshing native plugins compatible for Editor in 5.09 ms, found 3 plugins.
Preloading 0 native plugins for Editor in 0.00 ms.
Mono: successfully reloaded assembly
- Completed reload, in 14.295 seconds
Domain Reload Profiling:
	ReloadAssembly (14304ms)
		BeginReloadAssembly (1489ms)
			ExecutionOrderSort (0ms)
			DisableScriptedObjects (90ms)
			BackupInstance (0ms)
			ReleaseScriptingObjects (1ms)
			CreateAndSetChildDomain (333ms)
		EndReloadAssembly (11347ms)
			LoadAssemblies (1117ms)
			RebuildTransferFunctionScriptingTraits (1ms)
			SetupTypeCache (3957ms)
				TypeCache.Initialize (3893ms)
					TypeCache.ScanAssembly (3845ms)
				ResolveRequiredComponents (64ms)
			ReleaseScriptCaches (10ms)
			RebuildScriptCaches (511ms)
			SetupLoadedEditorAssemblies (4833ms)
				LogAssemblyErrors (0ms)
				InitializePlatformSupportModulesInManaged (370ms)
				SetLoadedEditorAssemblies (75ms)
				RefreshPlugins (6ms)
				BeforeProcessingInitializeOnLoad (821ms)
				ProcessInitializeOnLoadAttributes (3010ms)
				ProcessInitializeOnLoadMethodAttributes (384ms)
				AfterProcessingInitializeOnLoad (165ms)
				EditorAssembliesLoaded (2ms)
			ExecutionOrderSort2 (0ms)
			AwakeInstancesAfterBackupRestoration (141ms)
Platform modules already initialized, skipping
Refreshing native plugins compatible for Editor in 24.84 ms, found 3 plugins.
Preloading 0 native plugins for Editor in 0.00 ms.
Unloading 3237 Unused Serialized files (Serialized files now loaded: 0)
Unloading 18 unused Assets / (32.6 KB). Loaded Objects now: 3758.
Memory consumption went from 0.50 GB to 0.50 GB.
Total: 29.122400 ms (FindLiveObjects: 1.468200 ms CreateObjectMapping: 0.879300 ms MarkObjects: 26.583200 ms  DeleteObjects: 0.183600 ms)

AssetImportParameters requested are different than current active one (requested -> active):
  custom:video-decoder-ogg-theora: a1e56fd34408186e4bbccfd4996cb3dc -> 
  custom:container-muxer-webm: aa71ff27fc2769a1b78a27578f13a17b -> 
  custom:container-demuxer-webm: 4f35f7cbe854078d1ac9338744f61a02 -> 
  custom:video-encoder-webm-vp8: eb34c28f22e8b96e1ab97ce403110664 -> 
  custom:audio-encoder-webm-vorbis: bf7c407c2cedff20999df2af8eb42d56 -> 
  custom:framework-win-MediaFoundation: 216162199b28c13a410421893ffa2e32 -> 
  custom:container-demuxer-ogg: 62fdf1f143b41e24485cea50d1cbac27 -> 
  custom:video-decoder-webm-vp8: 9c59270c3fd7afecdb556c50c9e8de78 -> 
  custom:audio-decoder-ogg-vorbis: bf7c407c2cedff20999df2af8eb42d56 -> 
========================================================================
Received Import Request.
  Time since last request: 844.952085 seconds.
  path: Assets/RobotMovement.cs
  artifactKey: Guid(9d15e32dec4d3854b94b7e1519844dae) Importer(815301076,1909f56bfc062723c751e8b465ee728b)
Start importing Assets/RobotMovement.cs using Guid(9d15e32dec4d3854b94b7e1519844dae) Importer(815301076,1909f56bfc062723c751e8b465ee728b)  -> (artifact id: '3d8e472ea9ba59b577a6362c58af8846') in 0.079152 seconds 
========================================================================
Received Prepare
Registering precompiled user dll's ...
Registered in 0.080216 seconds.
Begin MonoManager ReloadAssembly
Symbol file LoadedFromMemory doesn't match image C:\Users\gabri\OneDrive\Documentos\MaestriaVideJuegos\ActividadClase\AsignaturaMotores\Library\PackageCache\com.unity.visualscripting@1.7.8\Editor\VisualScripting.Core\Dependencies\YamlDotNet\Unity.VisualScripting.YamlDotNet.dll
Symbol file LoadedFromMemory doesn't match image C:\Users\gabri\OneDrive\Documentos\MaestriaVideJuegos\ActividadClase\AsignaturaMotores\Library\PackageCache\com.unity.visualscripting@1.7.8\Editor\VisualScripting.Core\Dependencies\DotNetZip\Unity.VisualScripting.IonicZip.dll
Native extension for UWP target not found
Native extension for WindowsStandalone target not found
Native extension for Android target not found
Native extension for WebGL target not found
Refreshing native plugins compatible for Editor in 11.43 ms, found 3 plugins.
Preloading 0 native plugins for Editor in 0.00 ms.
Mono: successfully reloaded assembly
- Completed reload, in 15.986 seconds
Domain Reload Profiling:
	ReloadAssembly (16020ms)
		BeginReloadAssembly (1868ms)
			ExecutionOrderSort (0ms)
			DisableScriptedObjects (96ms)
			BackupInstance (0ms)
			ReleaseScriptingObjects (1ms)
			CreateAndSetChildDomain (379ms)
		EndReloadAssembly (12505ms)
			LoadAssemblies (1434ms)
			RebuildTransferFunctionScriptingTraits (1ms)
			SetupTypeCache (2999ms)
				TypeCache.Initialize (2947ms)
					TypeCache.ScanAssembly (2897ms)
				ResolveRequiredComponents (52ms)
			ReleaseScriptCaches (10ms)
			RebuildScriptCaches (507ms)
			SetupLoadedEditorAssemblies (5823ms)
				LogAssemblyErrors (0ms)
				InitializePlatformSupportModulesInManaged (777ms)
				SetLoadedEditorAssemblies (153ms)
				RefreshPlugins (12ms)
				BeforeProcessingInitializeOnLoad (1143ms)
				ProcessInitializeOnLoadAttributes (3172ms)
				ProcessInitializeOnLoadMethodAttributes (408ms)
				AfterProcessingInitializeOnLoad (155ms)
				EditorAssembliesLoaded (2ms)
			ExecutionOrderSort2 (0ms)
			AwakeInstancesAfterBackupRestoration (399ms)
Platform modules already initialized, skipping
Refreshing native plugins compatible for Editor in 20.80 ms, found 3 plugins.
Preloading 0 native plugins for Editor in 0.00 ms.
Unloading 3236 Unused Serialized files (Serialized files now loaded: 0)
Unloading 18 unused Assets / (25.4 KB). Loaded Objects now: 3761.
Memory consumption went from 0.50 GB to 0.50 GB.
Total: 31.130600 ms (FindLiveObjects: 1.462300 ms CreateObjectMapping: 1.095900 ms MarkObjects: 28.387700 ms  DeleteObjects: 0.178100 ms)

AssetImportParameters requested are different than current active one (requested -> active):
  custom:video-decoder-ogg-theora: a1e56fd34408186e4bbccfd4996cb3dc -> 
  custom:container-muxer-webm: aa71ff27fc2769a1b78a27578f13a17b -> 
  custom:container-demuxer-webm: 4f35f7cbe854078d1ac9338744f61a02 -> 
  custom:video-encoder-webm-vp8: eb34c28f22e8b96e1ab97ce403110664 -> 
  custom:audio-encoder-webm-vorbis: bf7c407c2cedff20999df2af8eb42d56 -> 
  custom:framework-win-MediaFoundation: 216162199b28c13a410421893ffa2e32 -> 
  custom:container-demuxer-ogg: 62fdf1f143b41e24485cea50d1cbac27 -> 
  custom:video-decoder-webm-vp8: 9c59270c3fd7afecdb556c50c9e8de78 -> 
  custom:audio-decoder-ogg-vorbis: bf7c407c2cedff20999df2af8eb42d56 -> 
========================================================================
Received Import Request.
  Time since last request: 218.137672 seconds.
  path: Assets/Animations/BodyAnimation.controller
  artifactKey: Guid(a82cfe5cf25c3994a827339f970f3c8e) Importer(815301076,1909f56bfc062723c751e8b465ee728b)
Start importing Assets/Animations/BodyAnimation.controller using Guid(a82cfe5cf25c3994a827339f970f3c8e) Importer(815301076,1909f56bfc062723c751e8b465ee728b)  -> (artifact id: 'c541400964c1504bc909125ada9e8f99') in 0.025702 seconds 
========================================================================
Received Import Request.
  Time since last request: 110.531929 seconds.
  path: Assets/Prefabs/earthRobot.prefab
  artifactKey: Guid(f365634ba2d077641859081c4db7e3ad) Importer(815301076,1909f56bfc062723c751e8b465ee728b)
Start importing Assets/Prefabs/earthRobot.prefab using Guid(f365634ba2d077641859081c4db7e3ad) Importer(815301076,1909f56bfc062723c751e8b465ee728b)  -> (artifact id: '05817c906fd82eee065103057bccfcba') in 0.145629 seconds 
========================================================================
Received Import Request.
  Time since last request: 11.128565 seconds.
  path: Assets/Prefabs/Sphere.prefab
  artifactKey: Guid(cae70b027a20eef40b7efdae4f1a5c57) Importer(815301076,1909f56bfc062723c751e8b465ee728b)
Start importing Assets/Prefabs/Sphere.prefab using Guid(cae70b027a20eef40b7efdae4f1a5c57) Importer(815301076,1909f56bfc062723c751e8b465ee728b)  -> (artifact id: '04680d2d469cba1fea3f3f9d0e938e5e') in 0.027998 seconds 
========================================================================
Received Import Request.
  Time since last request: 0.059005 seconds.
  path: Assets/Prefabs/earthRobot.prefab
  artifactKey: Guid(f365634ba2d077641859081c4db7e3ad) Importer(815301076,1909f56bfc062723c751e8b465ee728b)
Start importing Assets/Prefabs/earthRobot.prefab using Guid(f365634ba2d077641859081c4db7e3ad) Importer(815301076,1909f56bfc062723c751e8b465ee728b)  -> (artifact id: '13b63034d134ae141a30790051bbbfa4') in 0.034739 seconds 
========================================================================
Received Import Request.
  Time since last request: 29.394480 seconds.
  path: Assets/Prefabs/earthRobot.prefab
  artifactKey: Guid(f365634ba2d077641859081c4db7e3ad) Importer(815301076,1909f56bfc062723c751e8b465ee728b)
Start importing Assets/Prefabs/earthRobot.prefab using Guid(f365634ba2d077641859081c4db7e3ad) Importer(815301076,1909f56bfc062723c751e8b465ee728b)  -> (artifact id: '490fbef9035c09d3f180559283a08dde') in 0.041903 seconds 
========================================================================
Received Import Request.
  Time since last request: 4.954657 seconds.
  path: Assets/Prefabs/earthRobot.prefab
  artifactKey: Guid(f365634ba2d077641859081c4db7e3ad) Importer(815301076,1909f56bfc062723c751e8b465ee728b)
Start importing Assets/Prefabs/earthRobot.prefab using Guid(f365634ba2d077641859081c4db7e3ad) Importer(815301076,1909f56bfc062723c751e8b465ee728b)  -> (artifact id: '559aefbf56bd6240a292fe6024c51527') in 0.039882 seconds 
========================================================================
Received Import Request.
  Time since last request: 8.727504 seconds.
  path: Assets/Prefabs/earthRobot.prefab
  artifactKey: Guid(f365634ba2d077641859081c4db7e3ad) Importer(815301076,1909f56bfc062723c751e8b465ee728b)
Start importing Assets/Prefabs/earthRobot.prefab using Guid(f365634ba2d077641859081c4db7e3ad) Importer(815301076,1909f56bfc062723c751e8b465ee728b)  -> (artifact id: '3b89ac827cdabcb06dab83a4a56c5594') in 0.039158 seconds 
========================================================================
Received Import Request.
  Time since last request: 2.314553 seconds.
  path: Assets/Prefabs/earthRobot.prefab
  artifactKey: Guid(f365634ba2d077641859081c4db7e3ad) Importer(815301076,1909f56bfc062723c751e8b465ee728b)
Start importing Assets/Prefabs/earthRobot.prefab using Guid(f365634ba2d077641859081c4db7e3ad) Importer(815301076,1909f56bfc062723c751e8b465ee728b)  -> (artifact id: '578c8c818acec8c44f8c784d2dd5b5a5') in 0.041601 seconds 
========================================================================
Received Import Request.
  Time since last request: 12.620111 seconds.
  path: Assets/Prefabs/earthRobot.prefab
  artifactKey: Guid(f365634ba2d077641859081c4db7e3ad) Importer(815301076,1909f56bfc062723c751e8b465ee728b)
Start importing Assets/Prefabs/earthRobot.prefab using Guid(f365634ba2d077641859081c4db7e3ad) Importer(815301076,1909f56bfc062723c751e8b465ee728b)  -> (artifact id: '764f4370127c805b5d74d1879d361ea3') in 0.040161 seconds 
========================================================================
Received Import Request.
  Time since last request: 7.230269 seconds.
  path: Assets/Prefabs/earthRobot.prefab
  artifactKey: Guid(f365634ba2d077641859081c4db7e3ad) Importer(815301076,1909f56bfc062723c751e8b465ee728b)
Start importing Assets/Prefabs/earthRobot.prefab using Guid(f365634ba2d077641859081c4db7e3ad) Importer(815301076,1909f56bfc062723c751e8b465ee728b)  -> (artifact id: '129be34847ce14753858114f7db631aa') in 0.049236 seconds 
========================================================================
Received Import Request.
  Time since last request: 5.546405 seconds.
  path: Assets/Prefabs/earthRobot.prefab
  artifactKey: Guid(f365634ba2d077641859081c4db7e3ad) Importer(815301076,1909f56bfc062723c751e8b465ee728b)
Start importing Assets/Prefabs/earthRobot.prefab using Guid(f365634ba2d077641859081c4db7e3ad) Importer(815301076,1909f56bfc062723c751e8b465ee728b)  -> (artifact id: '96bc07487d23f0f9be54a554317bfa88') in 0.042862 seconds 
========================================================================
Received Import Request.
  Time since last request: 5.569284 seconds.
  path: Assets/Prefabs/earthRobot.prefab
  artifactKey: Guid(f365634ba2d077641859081c4db7e3ad) Importer(815301076,1909f56bfc062723c751e8b465ee728b)
Start importing Assets/Prefabs/earthRobot.prefab using Guid(f365634ba2d077641859081c4db7e3ad) Importer(815301076,1909f56bfc062723c751e8b465ee728b)  -> (artifact id: '258ed7a8a3face541c4eaaa161688e20') in 0.041922 seconds 
========================================================================
Received Import Request.
  Time since last request: 2.899600 seconds.
  path: Assets/Prefabs/earthRobot.prefab
  artifactKey: Guid(f365634ba2d077641859081c4db7e3ad) Importer(815301076,1909f56bfc062723c751e8b465ee728b)
Start importing Assets/Prefabs/earthRobot.prefab using Guid(f365634ba2d077641859081c4db7e3ad) Importer(815301076,1909f56bfc062723c751e8b465ee728b)  -> (artifact id: '5a93070ebf6087a81ee25f77fbc69022') in 0.039579 seconds 
========================================================================
Received Import Request.
  Time since last request: 7.104129 seconds.
  path: Assets/Prefabs/earthRobot.prefab
  artifactKey: Guid(f365634ba2d077641859081c4db7e3ad) Importer(815301076,1909f56bfc062723c751e8b465ee728b)
Start importing Assets/Prefabs/earthRobot.prefab using Guid(f365634ba2d077641859081c4db7e3ad) Importer(815301076,1909f56bfc062723c751e8b465ee728b)  -> (artifact id: 'b71c1e0713e5033ade91dfd05db9cf38') in 0.039908 seconds 
========================================================================
Received Import Request.
  Time since last request: 8.680659 seconds.
  path: Assets/ArtzkillZnetTexturePack01/Scifi/Materials/RedLight.mat
  artifactKey: Guid(fa81f13213399054e9da4a680b2fe2c6) Importer(815301076,1909f56bfc062723c751e8b465ee728b)
Start importing Assets/ArtzkillZnetTexturePack01/Scifi/Materials/RedLight.mat using Guid(fa81f13213399054e9da4a680b2fe2c6) Importer(815301076,1909f56bfc062723c751e8b465ee728b)  -> (artifact id: '58434aeb4a39f338877f82cf39879073') in 0.063476 seconds 
========================================================================
Received Import Request.
  Time since last request: 12.909383 seconds.
  path: Assets/Prefabs/earthRobot.prefab
  artifactKey: Guid(f365634ba2d077641859081c4db7e3ad) Importer(815301076,1909f56bfc062723c751e8b465ee728b)
Start importing Assets/Prefabs/earthRobot.prefab using Guid(f365634ba2d077641859081c4db7e3ad) Importer(815301076,1909f56bfc062723c751e8b465ee728b)  -> (artifact id: '67aa763f6f85791dcdf0658880fdce89') in 0.046329 seconds 
========================================================================
Received Import Request.
  Time since last request: 31.821819 seconds.
  path: Assets/Prefabs/earthRobot.prefab
  artifactKey: Guid(cae70b027a20eef40b7efdae4f1a5c57) Importer(815301076,1909f56bfc062723c751e8b465ee728b)
Start importing Assets/Prefabs/earthRobot.prefab using Guid(cae70b027a20eef40b7efdae4f1a5c57) Importer(815301076,1909f56bfc062723c751e8b465ee728b)  -> (artifact id: '3d2d308ffa7d19a113005ecd05972a36') in 0.045927 seconds 
========================================================================
Received Import Request.
  Time since last request: 139.335232 seconds.
  path: Assets/Prefabs/earthRobot.prefab
  artifactKey: Guid(cae70b027a20eef40b7efdae4f1a5c57) Importer(815301076,1909f56bfc062723c751e8b465ee728b)
Start importing Assets/Prefabs/earthRobot.prefab using Guid(cae70b027a20eef40b7efdae4f1a5c57) Importer(815301076,1909f56bfc062723c751e8b465ee728b)  -> (artifact id: 'ad0184fce78b985166d395a307ad69ad') in 0.040174 seconds 
========================================================================
Received Import Request.
  Time since last request: 1.800737 seconds.
  path: Assets/Prefabs/earthRobot.prefab
  artifactKey: Guid(cae70b027a20eef40b7efdae4f1a5c57) Importer(815301076,1909f56bfc062723c751e8b465ee728b)
Start importing Assets/Prefabs/earthRobot.prefab using Guid(cae70b027a20eef40b7efdae4f1a5c57) Importer(815301076,1909f56bfc062723c751e8b465ee728b)  -> (artifact id: '9e47d11f600ca672289126465aecbc12') in 0.036349 seconds 
========================================================================
Received Import Request.
  Time since last request: 47.177473 seconds.
  path: Assets/Animations/BodySphereMove.anim
  artifactKey: Guid(c1e74da95bcb27e46ae55f5697bf59c0) Importer(815301076,1909f56bfc062723c751e8b465ee728b)
Start importing Assets/Animations/BodySphereMove.anim using Guid(c1e74da95bcb27e46ae55f5697bf59c0) Importer(815301076,1909f56bfc062723c751e8b465ee728b)  -> (artifact id: '6505a1e84241fdc6fafb15419eca0b56') in 0.014805 seconds 
========================================================================
Received Import Request.
  Time since last request: 234.909290 seconds.
  path: Assets/Animations/BodySphereMove.anim
  artifactKey: Guid(c1e74da95bcb27e46ae55f5697bf59c0) Importer(815301076,1909f56bfc062723c751e8b465ee728b)
Start importing Assets/Animations/BodySphereMove.anim using Guid(c1e74da95bcb27e46ae55f5697bf59c0) Importer(815301076,1909f56bfc062723c751e8b465ee728b)  -> (artifact id: 'c9429f199c3dd34b6edf88da94b7208b') in 0.004419 seconds 
========================================================================
Received Import Request.
  Time since last request: 126.365317 seconds.
  path: Assets/Animations/Body.controller
  artifactKey: Guid(a20c684709a033b4e9452d27f96bcb68) Importer(815301076,1909f56bfc062723c751e8b465ee728b)
Start importing Assets/Animations/Body.controller using Guid(a20c684709a033b4e9452d27f96bcb68) Importer(815301076,1909f56bfc062723c751e8b465ee728b)  -> (artifact id: '21a8c8e443f46d65e054a0705a8564b3') in 0.014457 seconds 
========================================================================
Received Import Request.
  Time since last request: 0.901154 seconds.
  path: Assets/Animations/BodyAnimation.controller
  artifactKey: Guid(a82cfe5cf25c3994a827339f970f3c8e) Importer(815301076,1909f56bfc062723c751e8b465ee728b)
Start importing Assets/Animations/BodyAnimation.controller using Guid(a82cfe5cf25c3994a827339f970f3c8e) Importer(815301076,1909f56bfc062723c751e8b465ee728b)  -> (artifact id: 'bbfc70c04edcc9b3879e5624c7a3904e') in 0.005050 seconds 
========================================================================
Received Prepare
Registering precompiled user dll's ...
Registered in 0.009329 seconds.
Begin MonoManager ReloadAssembly
Symbol file LoadedFromMemory doesn't match image C:\Users\gabri\OneDrive\Documentos\MaestriaVideJuegos\ActividadClase\AsignaturaMotores\Library\PackageCache\com.unity.visualscripting@1.7.8\Editor\VisualScripting.Core\Dependencies\YamlDotNet\Unity.VisualScripting.YamlDotNet.dll
Symbol file LoadedFromMemory doesn't match image C:\Users\gabri\OneDrive\Documentos\MaestriaVideJuegos\ActividadClase\AsignaturaMotores\Library\PackageCache\com.unity.visualscripting@1.7.8\Editor\VisualScripting.Core\Dependencies\DotNetZip\Unity.VisualScripting.IonicZip.dll
Native extension for UWP target not found
Native extension for WindowsStandalone target not found
Native extension for Android target not found
Native extension for WebGL target not found
Refreshing native plugins compatible for Editor in 1.38 ms, found 3 plugins.
Preloading 0 native plugins for Editor in 0.00 ms.
Mono: successfully reloaded assembly
- Completed reload, in  1.814 seconds
Domain Reload Profiling:
	ReloadAssembly (1816ms)
		BeginReloadAssembly (266ms)
			ExecutionOrderSort (0ms)
			DisableScriptedObjects (8ms)
			BackupInstance (0ms)
			ReleaseScriptingObjects (0ms)
			CreateAndSetChildDomain (60ms)
		EndReloadAssembly (1336ms)
			LoadAssemblies (194ms)
			RebuildTransferFunctionScriptingTraits (0ms)
			SetupTypeCache (409ms)
				TypeCache.Initialize (401ms)
					TypeCache.ScanAssembly (392ms)
				ResolveRequiredComponents (7ms)
			ReleaseScriptCaches (2ms)
			RebuildScriptCaches (69ms)
			SetupLoadedEditorAssemblies (617ms)
				LogAssemblyErrors (0ms)
				InitializePlatformSupportModulesInManaged (53ms)
				SetLoadedEditorAssemblies (11ms)
				RefreshPlugins (2ms)
				BeforeProcessingInitializeOnLoad (110ms)
				ProcessInitializeOnLoadAttributes (379ms)
				ProcessInitializeOnLoadMethodAttributes (45ms)
				AfterProcessingInitializeOnLoad (17ms)
				EditorAssembliesLoaded (0ms)
			ExecutionOrderSort2 (0ms)
			AwakeInstancesAfterBackupRestoration (10ms)
Platform modules already initialized, skipping
Refreshing native plugins compatible for Editor in 3.26 ms, found 3 plugins.
Preloading 0 native plugins for Editor in 0.00 ms.
Unloading 3236 Unused Serialized files (Serialized files now loaded: 0)
Unloading 17 unused Assets / (24.7 KB). Loaded Objects now: 3798.
Memory consumption went from 0.50 GB to 0.50 GB.
Total: 6.662200 ms (FindLiveObjects: 0.453600 ms CreateObjectMapping: 0.375300 ms MarkObjects: 5.778500 ms  DeleteObjects: 0.052300 ms)

AssetImportParameters requested are different than current active one (requested -> active):
  custom:video-decoder-ogg-theora: a1e56fd34408186e4bbccfd4996cb3dc -> 
  custom:container-muxer-webm: aa71ff27fc2769a1b78a27578f13a17b -> 
  custom:container-demuxer-webm: 4f35f7cbe854078d1ac9338744f61a02 -> 
  custom:video-encoder-webm-vp8: eb34c28f22e8b96e1ab97ce403110664 -> 
  custom:audio-encoder-webm-vorbis: bf7c407c2cedff20999df2af8eb42d56 -> 
  custom:framework-win-MediaFoundation: 216162199b28c13a410421893ffa2e32 -> 
  custom:container-demuxer-ogg: 62fdf1f143b41e24485cea50d1cbac27 -> 
  custom:video-decoder-webm-vp8: 9c59270c3fd7afecdb556c50c9e8de78 -> 
  custom:audio-decoder-ogg-vorbis: bf7c407c2cedff20999df2af8eb42d56 -> 
========================================================================
Received Prepare
Registering precompiled user dll's ...
Registered in 0.007979 seconds.
Begin MonoManager ReloadAssembly
Symbol file LoadedFromMemory doesn't match image C:\Users\gabri\OneDrive\Documentos\MaestriaVideJuegos\ActividadClase\AsignaturaMotores\Library\PackageCache\com.unity.visualscripting@1.7.8\Editor\VisualScripting.Core\Dependencies\YamlDotNet\Unity.VisualScripting.YamlDotNet.dll
Symbol file LoadedFromMemory doesn't match image C:\Users\gabri\OneDrive\Documentos\MaestriaVideJuegos\ActividadClase\AsignaturaMotores\Library\PackageCache\com.unity.visualscripting@1.7.8\Editor\VisualScripting.Core\Dependencies\DotNetZip\Unity.VisualScripting.IonicZip.dll
Native extension for UWP target not found
Native extension for WindowsStandalone target not found
Native extension for Android target not found
Native extension for WebGL target not found
Refreshing native plugins compatible for Editor in 1.23 ms, found 3 plugins.
Preloading 0 native plugins for Editor in 0.00 ms.
Mono: successfully reloaded assembly
- Completed reload, in  1.877 seconds
Domain Reload Profiling:
	ReloadAssembly (1878ms)
		BeginReloadAssembly (233ms)
			ExecutionOrderSort (0ms)
			DisableScriptedObjects (10ms)
			BackupInstance (0ms)
			ReleaseScriptingObjects (0ms)
			CreateAndSetChildDomain (63ms)
		EndReloadAssembly (1473ms)
			LoadAssemblies (155ms)
			RebuildTransferFunctionScriptingTraits (0ms)
			SetupTypeCache (428ms)
				TypeCache.Initialize (421ms)
					TypeCache.ScanAssembly (411ms)
				ResolveRequiredComponents (7ms)
			ReleaseScriptCaches (3ms)
			RebuildScriptCaches (91ms)
			SetupLoadedEditorAssemblies (632ms)
				LogAssemblyErrors (0ms)
				InitializePlatformSupportModulesInManaged (58ms)
				SetLoadedEditorAssemblies (12ms)
				RefreshPlugins (1ms)
				BeforeProcessingInitializeOnLoad (115ms)
				ProcessInitializeOnLoadAttributes (385ms)
				ProcessInitializeOnLoadMethodAttributes (41ms)
				AfterProcessingInitializeOnLoad (19ms)
				EditorAssembliesLoaded (0ms)
			ExecutionOrderSort2 (0ms)
			AwakeInstancesAfterBackupRestoration (10ms)
Platform modules already initialized, skipping
Refreshing native plugins compatible for Editor in 4.30 ms, found 3 plugins.
Preloading 0 native plugins for Editor in 0.00 ms.
Unloading 3236 Unused Serialized files (Serialized files now loaded: 0)
Unloading 17 unused Assets / (24.6 KB). Loaded Objects now: 3801.
Memory consumption went from 0.50 GB to 0.50 GB.
Total: 6.523100 ms (FindLiveObjects: 0.570200 ms CreateObjectMapping: 0.273200 ms MarkObjects: 5.626300 ms  DeleteObjects: 0.051600 ms)

AssetImportParameters requested are different than current active one (requested -> active):
  custom:video-decoder-ogg-theora: a1e56fd34408186e4bbccfd4996cb3dc -> 
  custom:container-muxer-webm: aa71ff27fc2769a1b78a27578f13a17b -> 
  custom:container-demuxer-webm: 4f35f7cbe854078d1ac9338744f61a02 -> 
  custom:video-encoder-webm-vp8: eb34c28f22e8b96e1ab97ce403110664 -> 
  custom:audio-encoder-webm-vorbis: bf7c407c2cedff20999df2af8eb42d56 -> 
  custom:framework-win-MediaFoundation: 216162199b28c13a410421893ffa2e32 -> 
  custom:container-demuxer-ogg: 62fdf1f143b41e24485cea50d1cbac27 -> 
  custom:video-decoder-webm-vp8: 9c59270c3fd7afecdb556c50c9e8de78 -> 
  custom:audio-decoder-ogg-vorbis: bf7c407c2cedff20999df2af8eb42d56 -> 
