Using pre-set license
Built from '2022.1/staging' branch; Version is '2022.1.23f1 (9636b062134a) revision 9844400'; Using compiler version '192829333'; Build Type 'Release'
OS: 'Windows 10  (10.0.19044) 64bit Core' Language: 'en' Physical Memory: 18370 MB
BatchMode: 1, IsHumanControllingUs: 0, StartBugReporterOnCrash: 0, Is64bit: 1, IsPro: 1

COMMAND LINE ARGUMENTS:
C:\Program Files\Unity\Hub\Editor\2022.1.23f1\Editor\Unity.exe
-adb2
-batchMode
-noUpm
-name
AssetImportWorker14
-projectPath
C:/Users/gabri/OneDrive/Documentos/MaestriaVideJuegos/ActividadClase/AsignaturaMotores
-logFile
Logs/AssetImportWorker14.log
-srvPort
63570
Successfully changed project path to: C:/Users/gabri/OneDrive/Documentos/MaestriaVideJuegos/ActividadClase/AsignaturaMotores
C:/Users/gabri/OneDrive/Documentos/MaestriaVideJuegos/ActividadClase/AsignaturaMotores
[UnityMemory] Configuration Parameters - Can be set up in boot.config
    "memorysetup-bucket-allocator-granularity=16"
    "memorysetup-bucket-allocator-bucket-count=8"
    "memorysetup-bucket-allocator-block-size=33554432"
    "memorysetup-bucket-allocator-block-count=8"
    "memorysetup-main-allocator-block-size=16777216"
    "memorysetup-thread-allocator-block-size=16777216"
    "memorysetup-gfx-main-allocator-block-size=16777216"
    "memorysetup-gfx-thread-allocator-block-size=16777216"
    "memorysetup-cache-allocator-block-size=4194304"
    "memorysetup-typetree-allocator-block-size=2097152"
    "memorysetup-profiler-bucket-allocator-granularity=16"
    "memorysetup-profiler-bucket-allocator-bucket-count=8"
    "memorysetup-profiler-bucket-allocator-block-size=33554432"
    "memorysetup-profiler-bucket-allocator-block-count=8"
    "memorysetup-profiler-allocator-block-size=16777216"
    "memorysetup-profiler-editor-allocator-block-size=1048576"
    "memorysetup-temp-allocator-size-main=16777216"
    "memorysetup-job-temp-allocator-block-size=2097152"
    "memorysetup-job-temp-allocator-block-size-background=1048576"
    "memorysetup-job-temp-allocator-reduction-small-platforms=262144"
    "memorysetup-temp-allocator-size-background-worker=32768"
    "memorysetup-temp-allocator-size-job-worker=262144"
    "memorysetup-temp-allocator-size-preload-manager=33554432"
    "memorysetup-temp-allocator-size-nav-mesh-worker=65536"
    "memorysetup-temp-allocator-size-audio-worker=65536"
    "memorysetup-temp-allocator-size-cloud-worker=32768"
    "memorysetup-temp-allocator-size-gi-baking-worker=262144"
    "memorysetup-temp-allocator-size-gfx=262144"
Refreshing native plugins compatible for Editor in 276.39 ms, found 3 plugins.
Preloading 0 native plugins for Editor in 0.00 ms.
Initialize engine version: 2022.1.23f1 (9636b062134a)
[Subsystems] Discovering subsystems at path C:/Program Files/Unity/Hub/Editor/2022.1.23f1/Editor/Data/Resources/UnitySubsystems
[Subsystems] Discovering subsystems at path C:/Users/gabri/OneDrive/Documentos/MaestriaVideJuegos/ActividadClase/AsignaturaMotores/Assets
GfxDevice: creating device client; threaded=0; jobified=0
Direct3D:
    Version:  Direct3D 11.0 [level 11.1]
    Renderer: AMD Radeon(TM) Vega 8 Graphics (ID=0x15d8)
    Vendor:   ATI
    VRAM:     9185 MB
    Driver:   31.0.12027.7000
Initialize mono
Mono path[0] = 'C:/Program Files/Unity/Hub/Editor/2022.1.23f1/Editor/Data/Managed'
Mono path[1] = 'C:/Program Files/Unity/Hub/Editor/2022.1.23f1/Editor/Data/MonoBleedingEdge/lib/mono/unityjit-win32'
Mono config path = 'C:/Program Files/Unity/Hub/Editor/2022.1.23f1/Editor/Data/MonoBleedingEdge/etc'
Using monoOptions --debugger-agent=transport=dt_socket,embedding=1,server=y,suspend=n,address=127.0.0.1:56864
Begin MonoManager ReloadAssembly
Registering precompiled unity dll's ...
Register platform support module: C:/Program Files/Unity/Hub/Editor/2022.1.23f1/Editor/Data/PlaybackEngines/WebGLSupport/UnityEditor.WebGL.Extensions.dll
Register platform support module: C:/Program Files/Unity/Hub/Editor/2022.1.23f1/Editor/Data/PlaybackEngines/AndroidPlayer/UnityEditor.Android.Extensions.dll
Register platform support module: C:/Program Files/Unity/Hub/Editor/2022.1.23f1/Editor/Data/PlaybackEngines/WindowsStandaloneSupport/UnityEditor.WindowsStandalone.Extensions.dll
Register platform support module: C:/Program Files/Unity/Hub/Editor/2022.1.23f1/Editor/Data/PlaybackEngines/MetroSupport/UnityEditor.UWP.Extensions.dll
Registered in 0.018735 seconds.
Native extension for UWP target not found
Native extension for WindowsStandalone target not found
Native extension for Android target not found
Native extension for WebGL target not found
Refreshing native plugins compatible for Editor in 140.46 ms, found 3 plugins.
Preloading 0 native plugins for Editor in 0.00 ms.
Mono: successfully reloaded assembly
- Completed reload, in  1.298 seconds
Domain Reload Profiling:
	ReloadAssembly (1299ms)
		BeginReloadAssembly (158ms)
			ExecutionOrderSort (0ms)
			DisableScriptedObjects (0ms)
			BackupInstance (0ms)
			ReleaseScriptingObjects (0ms)
			CreateAndSetChildDomain (1ms)
		EndReloadAssembly (936ms)
			LoadAssemblies (154ms)
			RebuildTransferFunctionScriptingTraits (0ms)
			SetupTypeCache (215ms)
				TypeCache.Initialize (214ms)
					TypeCache.ScanAssembly (211ms)
				ResolveRequiredComponents (1ms)
			ReleaseScriptCaches (0ms)
			RebuildScriptCaches (54ms)
			SetupLoadedEditorAssemblies (557ms)
				LogAssemblyErrors (0ms)
				InitializePlatformSupportModulesInManaged (111ms)
				SetLoadedEditorAssemblies (16ms)
				RefreshPlugins (141ms)
				BeforeProcessingInitializeOnLoad (2ms)
				ProcessInitializeOnLoadAttributes (208ms)
				ProcessInitializeOnLoadMethodAttributes (80ms)
				AfterProcessingInitializeOnLoad (0ms)
				EditorAssembliesLoaded (0ms)
			ExecutionOrderSort2 (0ms)
			AwakeInstancesAfterBackupRestoration (0ms)
Platform modules already initialized, skipping
Registering precompiled user dll's ...
Registered in 0.010832 seconds.
Begin MonoManager ReloadAssembly
Symbol file LoadedFromMemory doesn't match image C:\Users\gabri\OneDrive\Documentos\MaestriaVideJuegos\ActividadClase\AsignaturaMotores\Library\PackageCache\com.unity.visualscripting@1.7.8\Editor\VisualScripting.Core\Dependencies\YamlDotNet\Unity.VisualScripting.YamlDotNet.dll
Symbol file LoadedFromMemory doesn't match image C:\Users\gabri\OneDrive\Documentos\MaestriaVideJuegos\ActividadClase\AsignaturaMotores\Library\PackageCache\com.unity.visualscripting@1.7.8\Editor\VisualScripting.Core\Dependencies\DotNetZip\Unity.VisualScripting.IonicZip.dll
Native extension for UWP target not found
Native extension for WindowsStandalone target not found
Native extension for Android target not found
Native extension for WebGL target not found
Refreshing native plugins compatible for Editor in 1.44 ms, found 3 plugins.
Preloading 0 native plugins for Editor in 0.00 ms.
Mono: successfully reloaded assembly
- Completed reload, in  1.842 seconds
Domain Reload Profiling:
	ReloadAssembly (1844ms)
		BeginReloadAssembly (395ms)
			ExecutionOrderSort (0ms)
			DisableScriptedObjects (13ms)
			BackupInstance (0ms)
			ReleaseScriptingObjects (0ms)
			CreateAndSetChildDomain (155ms)
		EndReloadAssembly (1242ms)
			LoadAssemblies (192ms)
			RebuildTransferFunctionScriptingTraits (0ms)
			SetupTypeCache (389ms)
				TypeCache.Initialize (384ms)
					TypeCache.ScanAssembly (378ms)
				ResolveRequiredComponents (5ms)
			ReleaseScriptCaches (1ms)
			RebuildScriptCaches (81ms)
			SetupLoadedEditorAssemblies (547ms)
				LogAssemblyErrors (0ms)
				InitializePlatformSupportModulesInManaged (29ms)
				SetLoadedEditorAssemblies (12ms)
				RefreshPlugins (2ms)
				BeforeProcessingInitializeOnLoad (127ms)
				ProcessInitializeOnLoadAttributes (328ms)
				ProcessInitializeOnLoadMethodAttributes (35ms)
				AfterProcessingInitializeOnLoad (14ms)
				EditorAssembliesLoaded (0ms)
			ExecutionOrderSort2 (0ms)
			AwakeInstancesAfterBackupRestoration (11ms)
Platform modules already initialized, skipping
========================================================================
Worker process is ready to serve import requests
Launched and connected shader compiler UnityShaderCompiler.exe after 0.07 seconds
Refreshing native plugins compatible for Editor in 0.85 ms, found 3 plugins.
Preloading 0 native plugins for Editor in 0.00 ms.
Unloading 3255 Unused Serialized files (Serialized files now loaded: 0)
Unloading 25 unused Assets / (58.9 KB). Loaded Objects now: 3742.
Memory consumption went from 0.50 GB to 0.50 GB.
Total: 5.152400 ms (FindLiveObjects: 0.479100 ms CreateObjectMapping: 0.265500 ms MarkObjects: 4.271800 ms  DeleteObjects: 0.134800 ms)

AssetImportParameters requested are different than current active one (requested -> active):
  custom:video-decoder-ogg-theora: a1e56fd34408186e4bbccfd4996cb3dc -> 
  custom:container-muxer-webm: aa71ff27fc2769a1b78a27578f13a17b -> 
  custom:container-demuxer-webm: 4f35f7cbe854078d1ac9338744f61a02 -> 
  custom:video-encoder-webm-vp8: eb34c28f22e8b96e1ab97ce403110664 -> 
  custom:audio-encoder-webm-vorbis: bf7c407c2cedff20999df2af8eb42d56 -> 
  custom:framework-win-MediaFoundation: 216162199b28c13a410421893ffa2e32 -> 
  custom:container-demuxer-ogg: 62fdf1f143b41e24485cea50d1cbac27 -> 
  custom:video-decoder-webm-vp8: 9c59270c3fd7afecdb556c50c9e8de78 -> 
  custom:audio-decoder-ogg-vorbis: bf7c407c2cedff20999df2af8eb42d56 -> 
========================================================================
Received Import Request.
  Time since last request: 84325.090608 seconds.
  path: Assets/ArtzkillZnetTexturePack01/Scifi/Materials/ScifiPanel02.mat
  artifactKey: Guid(bbee3659d4d6f734680b2cecde09af5e) Importer(815301076,1909f56bfc062723c751e8b465ee728b)
Start importing Assets/ArtzkillZnetTexturePack01/Scifi/Materials/ScifiPanel02.mat using Guid(bbee3659d4d6f734680b2cecde09af5e) Importer(815301076,1909f56bfc062723c751e8b465ee728b)  -> (artifact id: '84c8fed104d959d87ed90d21aff9580e') in 0.342353 seconds 
========================================================================
Received Import Request.
  Time since last request: 665.598260 seconds.
  path: Assets/ArtzkillZnetTexturePack01/Fantasy/Materials/Crate03.mat
  artifactKey: Guid(fe3eeba906449764f874dbe46eca414e) Importer(815301076,1909f56bfc062723c751e8b465ee728b)
Start importing Assets/ArtzkillZnetTexturePack01/Fantasy/Materials/Crate03.mat using Guid(fe3eeba906449764f874dbe46eca414e) Importer(815301076,1909f56bfc062723c751e8b465ee728b)  -> (artifact id: 'd887a737f78e15c4574e44bd1f10a76e') in 0.046659 seconds 
========================================================================
Received Import Request.
  Time since last request: 0.000045 seconds.
  path: Assets/ArtzkillZnetTexturePack01/Fantasy/Materials/Floor02.mat
  artifactKey: Guid(fd5d97a0744f7b948b21041a0971c875) Importer(815301076,1909f56bfc062723c751e8b465ee728b)
Start importing Assets/ArtzkillZnetTexturePack01/Fantasy/Materials/Floor02.mat using Guid(fd5d97a0744f7b948b21041a0971c875) Importer(815301076,1909f56bfc062723c751e8b465ee728b)  -> (artifact id: 'c5c3ac90c67f9d86d1a48e6fe777efd9') in 0.027640 seconds 
========================================================================
Received Import Request.
  Time since last request: 0.000086 seconds.
  path: Assets/ArtzkillZnetTexturePack01/Fantasy/Materials/Floor01_n.mat
  artifactKey: Guid(2a5d09f4fc141c6498c315a86b09e2ad) Importer(815301076,1909f56bfc062723c751e8b465ee728b)
Start importing Assets/ArtzkillZnetTexturePack01/Fantasy/Materials/Floor01_n.mat using Guid(2a5d09f4fc141c6498c315a86b09e2ad) Importer(815301076,1909f56bfc062723c751e8b465ee728b)  -> (artifact id: '1888133cca42d38be8639105d8a8f3a5') in 0.033971 seconds 
========================================================================
Received Prepare
Registering precompiled user dll's ...
Registered in 0.093548 seconds.
Begin MonoManager ReloadAssembly
Symbol file LoadedFromMemory doesn't match image C:\Users\gabri\OneDrive\Documentos\MaestriaVideJuegos\ActividadClase\AsignaturaMotores\Library\PackageCache\com.unity.visualscripting@1.7.8\Editor\VisualScripting.Core\Dependencies\YamlDotNet\Unity.VisualScripting.YamlDotNet.dll
Symbol file LoadedFromMemory doesn't match image C:\Users\gabri\OneDrive\Documentos\MaestriaVideJuegos\ActividadClase\AsignaturaMotores\Library\PackageCache\com.unity.visualscripting@1.7.8\Editor\VisualScripting.Core\Dependencies\DotNetZip\Unity.VisualScripting.IonicZip.dll
Native extension for UWP target not found
Native extension for WindowsStandalone target not found
Native extension for Android target not found
Native extension for WebGL target not found
Refreshing native plugins compatible for Editor in 6.52 ms, found 3 plugins.
Preloading 0 native plugins for Editor in 0.00 ms.
Mono: successfully reloaded assembly
- Completed reload, in 14.636 seconds
Domain Reload Profiling:
	ReloadAssembly (14643ms)
		BeginReloadAssembly (1677ms)
			ExecutionOrderSort (0ms)
			DisableScriptedObjects (76ms)
			BackupInstance (0ms)
			ReleaseScriptingObjects (1ms)
			CreateAndSetChildDomain (369ms)
		EndReloadAssembly (11360ms)
			LoadAssemblies (1180ms)
			RebuildTransferFunctionScriptingTraits (1ms)
			SetupTypeCache (3688ms)
				TypeCache.Initialize (3628ms)
					TypeCache.ScanAssembly (3581ms)
				ResolveRequiredComponents (61ms)
			ReleaseScriptCaches (9ms)
			RebuildScriptCaches (679ms)
			SetupLoadedEditorAssemblies (5162ms)
				LogAssemblyErrors (0ms)
				InitializePlatformSupportModulesInManaged (344ms)
				SetLoadedEditorAssemblies (85ms)
				RefreshPlugins (7ms)
				BeforeProcessingInitializeOnLoad (789ms)
				ProcessInitializeOnLoadAttributes (3448ms)
				ProcessInitializeOnLoadMethodAttributes (300ms)
				AfterProcessingInitializeOnLoad (187ms)
				EditorAssembliesLoaded (2ms)
			ExecutionOrderSort2 (0ms)
			AwakeInstancesAfterBackupRestoration (70ms)
Platform modules already initialized, skipping
Refreshing native plugins compatible for Editor in 25.09 ms, found 3 plugins.
Preloading 0 native plugins for Editor in 0.00 ms.
Unloading 3236 Unused Serialized files (Serialized files now loaded: 0)
Unloading 18 unused Assets / (25.4 KB). Loaded Objects now: 3786.
Memory consumption went from 0.50 GB to 0.50 GB.
Total: 39.791700 ms (FindLiveObjects: 2.243200 ms CreateObjectMapping: 1.783500 ms MarkObjects: 35.549200 ms  DeleteObjects: 0.207500 ms)

AssetImportParameters requested are different than current active one (requested -> active):
  custom:video-decoder-ogg-theora: a1e56fd34408186e4bbccfd4996cb3dc -> 
  custom:container-muxer-webm: aa71ff27fc2769a1b78a27578f13a17b -> 
  custom:container-demuxer-webm: 4f35f7cbe854078d1ac9338744f61a02 -> 
  custom:video-encoder-webm-vp8: eb34c28f22e8b96e1ab97ce403110664 -> 
  custom:audio-encoder-webm-vorbis: bf7c407c2cedff20999df2af8eb42d56 -> 
  custom:framework-win-MediaFoundation: 216162199b28c13a410421893ffa2e32 -> 
  custom:container-demuxer-ogg: 62fdf1f143b41e24485cea50d1cbac27 -> 
  custom:video-decoder-webm-vp8: 9c59270c3fd7afecdb556c50c9e8de78 -> 
  custom:audio-decoder-ogg-vorbis: bf7c407c2cedff20999df2af8eb42d56 -> 
========================================================================
Received Prepare
Registering precompiled user dll's ...
Registered in 0.107160 seconds.
Begin MonoManager ReloadAssembly
Symbol file LoadedFromMemory doesn't match image C:\Users\gabri\OneDrive\Documentos\MaestriaVideJuegos\ActividadClase\AsignaturaMotores\Library\PackageCache\com.unity.visualscripting@1.7.8\Editor\VisualScripting.Core\Dependencies\YamlDotNet\Unity.VisualScripting.YamlDotNet.dll
Symbol file LoadedFromMemory doesn't match image C:\Users\gabri\OneDrive\Documentos\MaestriaVideJuegos\ActividadClase\AsignaturaMotores\Library\PackageCache\com.unity.visualscripting@1.7.8\Editor\VisualScripting.Core\Dependencies\DotNetZip\Unity.VisualScripting.IonicZip.dll
Native extension for UWP target not found
Native extension for WindowsStandalone target not found
Native extension for Android target not found
Native extension for WebGL target not found
Refreshing native plugins compatible for Editor in 5.47 ms, found 3 plugins.
Preloading 0 native plugins for Editor in 0.00 ms.
Mono: successfully reloaded assembly
- Completed reload, in 14.341 seconds
Domain Reload Profiling:
	ReloadAssembly (14353ms)
		BeginReloadAssembly (1503ms)
			ExecutionOrderSort (0ms)
			DisableScriptedObjects (128ms)
			BackupInstance (0ms)
			ReleaseScriptingObjects (1ms)
			CreateAndSetChildDomain (333ms)
		EndReloadAssembly (11360ms)
			LoadAssemblies (1097ms)
			RebuildTransferFunctionScriptingTraits (1ms)
			SetupTypeCache (3964ms)
				TypeCache.Initialize (3902ms)
					TypeCache.ScanAssembly (3848ms)
				ResolveRequiredComponents (62ms)
			ReleaseScriptCaches (9ms)
			RebuildScriptCaches (497ms)
			SetupLoadedEditorAssemblies (4815ms)
				LogAssemblyErrors (0ms)
				InitializePlatformSupportModulesInManaged (348ms)
				SetLoadedEditorAssemblies (87ms)
				RefreshPlugins (6ms)
				BeforeProcessingInitializeOnLoad (826ms)
				ProcessInitializeOnLoadAttributes (3011ms)
				ProcessInitializeOnLoadMethodAttributes (390ms)
				AfterProcessingInitializeOnLoad (142ms)
				EditorAssembliesLoaded (3ms)
			ExecutionOrderSort2 (0ms)
			AwakeInstancesAfterBackupRestoration (97ms)
Platform modules already initialized, skipping
Refreshing native plugins compatible for Editor in 20.76 ms, found 3 plugins.
Preloading 0 native plugins for Editor in 0.00 ms.
Unloading 3237 Unused Serialized files (Serialized files now loaded: 0)
Unloading 18 unused Assets / (32.5 KB). Loaded Objects now: 3789.
Memory consumption went from 0.50 GB to 0.50 GB.
Total: 27.811800 ms (FindLiveObjects: 1.506900 ms CreateObjectMapping: 1.148400 ms MarkObjects: 24.973900 ms  DeleteObjects: 0.175000 ms)

AssetImportParameters requested are different than current active one (requested -> active):
  custom:video-decoder-ogg-theora: a1e56fd34408186e4bbccfd4996cb3dc -> 
  custom:container-muxer-webm: aa71ff27fc2769a1b78a27578f13a17b -> 
  custom:container-demuxer-webm: 4f35f7cbe854078d1ac9338744f61a02 -> 
  custom:video-encoder-webm-vp8: eb34c28f22e8b96e1ab97ce403110664 -> 
  custom:audio-encoder-webm-vorbis: bf7c407c2cedff20999df2af8eb42d56 -> 
  custom:framework-win-MediaFoundation: 216162199b28c13a410421893ffa2e32 -> 
  custom:container-demuxer-ogg: 62fdf1f143b41e24485cea50d1cbac27 -> 
  custom:video-decoder-webm-vp8: 9c59270c3fd7afecdb556c50c9e8de78 -> 
  custom:audio-decoder-ogg-vorbis: bf7c407c2cedff20999df2af8eb42d56 -> 
========================================================================
Received Prepare
Registering precompiled user dll's ...
Registered in 0.064971 seconds.
Begin MonoManager ReloadAssembly
Symbol file LoadedFromMemory doesn't match image C:\Users\gabri\OneDrive\Documentos\MaestriaVideJuegos\ActividadClase\AsignaturaMotores\Library\PackageCache\com.unity.visualscripting@1.7.8\Editor\VisualScripting.Core\Dependencies\YamlDotNet\Unity.VisualScripting.YamlDotNet.dll
Symbol file LoadedFromMemory doesn't match image C:\Users\gabri\OneDrive\Documentos\MaestriaVideJuegos\ActividadClase\AsignaturaMotores\Library\PackageCache\com.unity.visualscripting@1.7.8\Editor\VisualScripting.Core\Dependencies\DotNetZip\Unity.VisualScripting.IonicZip.dll
Native extension for UWP target not found
Native extension for WindowsStandalone target not found
Native extension for Android target not found
Native extension for WebGL target not found
Refreshing native plugins compatible for Editor in 7.00 ms, found 3 plugins.
Preloading 0 native plugins for Editor in 0.00 ms.
Mono: successfully reloaded assembly
- Completed reload, in 16.020 seconds
Domain Reload Profiling:
	ReloadAssembly (16054ms)
		BeginReloadAssembly (1912ms)
			ExecutionOrderSort (0ms)
			DisableScriptedObjects (106ms)
			BackupInstance (0ms)
			ReleaseScriptingObjects (1ms)
			CreateAndSetChildDomain (377ms)
		EndReloadAssembly (12505ms)
			LoadAssemblies (1463ms)
			RebuildTransferFunctionScriptingTraits (1ms)
			SetupTypeCache (2908ms)
				TypeCache.Initialize (2844ms)
					TypeCache.ScanAssembly (2787ms)
				ResolveRequiredComponents (64ms)
			ReleaseScriptCaches (9ms)
			RebuildScriptCaches (486ms)
			SetupLoadedEditorAssemblies (5932ms)
				LogAssemblyErrors (0ms)
				InitializePlatformSupportModulesInManaged (661ms)
				SetLoadedEditorAssemblies (215ms)
				RefreshPlugins (8ms)
				BeforeProcessingInitializeOnLoad (1248ms)
				ProcessInitializeOnLoadAttributes (3243ms)
				ProcessInitializeOnLoadMethodAttributes (407ms)
				AfterProcessingInitializeOnLoad (148ms)
				EditorAssembliesLoaded (2ms)
			ExecutionOrderSort2 (0ms)
			AwakeInstancesAfterBackupRestoration (399ms)
Platform modules already initialized, skipping
Refreshing native plugins compatible for Editor in 19.94 ms, found 3 plugins.
Preloading 0 native plugins for Editor in 0.00 ms.
Unloading 3237 Unused Serialized files (Serialized files now loaded: 0)
Unloading 18 unused Assets / (32.5 KB). Loaded Objects now: 3792.
Memory consumption went from 0.50 GB to 0.50 GB.
Total: 29.607600 ms (FindLiveObjects: 1.613100 ms CreateObjectMapping: 0.859700 ms MarkObjects: 26.928900 ms  DeleteObjects: 0.197400 ms)

AssetImportParameters requested are different than current active one (requested -> active):
  custom:video-decoder-ogg-theora: a1e56fd34408186e4bbccfd4996cb3dc -> 
  custom:container-muxer-webm: aa71ff27fc2769a1b78a27578f13a17b -> 
  custom:container-demuxer-webm: 4f35f7cbe854078d1ac9338744f61a02 -> 
  custom:video-encoder-webm-vp8: eb34c28f22e8b96e1ab97ce403110664 -> 
  custom:audio-encoder-webm-vorbis: bf7c407c2cedff20999df2af8eb42d56 -> 
  custom:framework-win-MediaFoundation: 216162199b28c13a410421893ffa2e32 -> 
  custom:container-demuxer-ogg: 62fdf1f143b41e24485cea50d1cbac27 -> 
  custom:video-decoder-webm-vp8: 9c59270c3fd7afecdb556c50c9e8de78 -> 
  custom:audio-decoder-ogg-vorbis: bf7c407c2cedff20999df2af8eb42d56 -> 
========================================================================
Received Import Request.
  Time since last request: 1423.547396 seconds.
  path: Assets/Prefabs/Robot.prefab
  artifactKey: Guid(c3d1992e448581347b0dd3748f620e97) Importer(815301076,1909f56bfc062723c751e8b465ee728b)
Start importing Assets/Prefabs/Robot.prefab using Guid(c3d1992e448581347b0dd3748f620e97) Importer(815301076,1909f56bfc062723c751e8b465ee728b)  -> (artifact id: 'ddde9e45939c6b63e4500c37ad0312b0') in 0.155509 seconds 
========================================================================
Received Import Request.
  Time since last request: 40.650979 seconds.
  path: Assets/Prefabs/Sphere.prefab
  artifactKey: Guid(cae70b027a20eef40b7efdae4f1a5c57) Importer(815301076,1909f56bfc062723c751e8b465ee728b)
Start importing Assets/Prefabs/Sphere.prefab using Guid(cae70b027a20eef40b7efdae4f1a5c57) Importer(815301076,1909f56bfc062723c751e8b465ee728b)  -> (artifact id: '447fea0b46f334c113f0404c85038b4a') in 0.036843 seconds 
========================================================================
Received Import Request.
  Time since last request: 4.957236 seconds.
  path: Assets/Prefabs/Sphere.prefab
  artifactKey: Guid(cae70b027a20eef40b7efdae4f1a5c57) Importer(815301076,1909f56bfc062723c751e8b465ee728b)
Start importing Assets/Prefabs/Sphere.prefab using Guid(cae70b027a20eef40b7efdae4f1a5c57) Importer(815301076,1909f56bfc062723c751e8b465ee728b)  -> (artifact id: 'd19a38e272c4c91ef112d3d59b637470') in 0.030879 seconds 
========================================================================
Received Import Request.
  Time since last request: 8.735682 seconds.
  path: Assets/Prefabs/Sphere.prefab
  artifactKey: Guid(cae70b027a20eef40b7efdae4f1a5c57) Importer(815301076,1909f56bfc062723c751e8b465ee728b)
Start importing Assets/Prefabs/Sphere.prefab using Guid(cae70b027a20eef40b7efdae4f1a5c57) Importer(815301076,1909f56bfc062723c751e8b465ee728b)  -> (artifact id: 'dfb6328defdf4c70d8ebc105f306113b') in 0.037210 seconds 
========================================================================
Received Import Request.
  Time since last request: 2.317847 seconds.
  path: Assets/Prefabs/Sphere.prefab
  artifactKey: Guid(cae70b027a20eef40b7efdae4f1a5c57) Importer(815301076,1909f56bfc062723c751e8b465ee728b)
Start importing Assets/Prefabs/Sphere.prefab using Guid(cae70b027a20eef40b7efdae4f1a5c57) Importer(815301076,1909f56bfc062723c751e8b465ee728b)  -> (artifact id: '01e4811aab008f4f5e0640905e8e18ac') in 0.039003 seconds 
========================================================================
Received Import Request.
  Time since last request: 12.621854 seconds.
  path: Assets/Prefabs/Sphere.prefab
  artifactKey: Guid(cae70b027a20eef40b7efdae4f1a5c57) Importer(815301076,1909f56bfc062723c751e8b465ee728b)
Start importing Assets/Prefabs/Sphere.prefab using Guid(cae70b027a20eef40b7efdae4f1a5c57) Importer(815301076,1909f56bfc062723c751e8b465ee728b)  -> (artifact id: '200443dfbe3da65e34038d3177b2629c') in 0.034235 seconds 
========================================================================
Received Import Request.
  Time since last request: 7.235541 seconds.
  path: Assets/Prefabs/Sphere.prefab
  artifactKey: Guid(cae70b027a20eef40b7efdae4f1a5c57) Importer(815301076,1909f56bfc062723c751e8b465ee728b)
Start importing Assets/Prefabs/Sphere.prefab using Guid(cae70b027a20eef40b7efdae4f1a5c57) Importer(815301076,1909f56bfc062723c751e8b465ee728b)  -> (artifact id: '493c02f5d573e45c2c8d8d05b9d4db79') in 0.035778 seconds 
========================================================================
Received Import Request.
  Time since last request: 5.557506 seconds.
  path: Assets/Prefabs/Sphere.prefab
  artifactKey: Guid(cae70b027a20eef40b7efdae4f1a5c57) Importer(815301076,1909f56bfc062723c751e8b465ee728b)
Start importing Assets/Prefabs/Sphere.prefab using Guid(cae70b027a20eef40b7efdae4f1a5c57) Importer(815301076,1909f56bfc062723c751e8b465ee728b)  -> (artifact id: 'a423a923b17d255d178757efbd494049') in 0.036144 seconds 
========================================================================
Received Import Request.
  Time since last request: 5.574500 seconds.
  path: Assets/Prefabs/Sphere.prefab
  artifactKey: Guid(cae70b027a20eef40b7efdae4f1a5c57) Importer(815301076,1909f56bfc062723c751e8b465ee728b)
Start importing Assets/Prefabs/Sphere.prefab using Guid(cae70b027a20eef40b7efdae4f1a5c57) Importer(815301076,1909f56bfc062723c751e8b465ee728b)  -> (artifact id: 'fc9ec7e4147a324084cc5b45977de498') in 0.032018 seconds 
========================================================================
Received Import Request.
  Time since last request: 2.907954 seconds.
  path: Assets/Prefabs/Sphere.prefab
  artifactKey: Guid(cae70b027a20eef40b7efdae4f1a5c57) Importer(815301076,1909f56bfc062723c751e8b465ee728b)
Start importing Assets/Prefabs/Sphere.prefab using Guid(cae70b027a20eef40b7efdae4f1a5c57) Importer(815301076,1909f56bfc062723c751e8b465ee728b)  -> (artifact id: 'ca17418021b1de20001e2c0e0de7b9b4') in 0.036853 seconds 
========================================================================
Received Import Request.
  Time since last request: 7.106392 seconds.
  path: Assets/Prefabs/Sphere.prefab
  artifactKey: Guid(cae70b027a20eef40b7efdae4f1a5c57) Importer(815301076,1909f56bfc062723c751e8b465ee728b)
Start importing Assets/Prefabs/Sphere.prefab using Guid(cae70b027a20eef40b7efdae4f1a5c57) Importer(815301076,1909f56bfc062723c751e8b465ee728b)  -> (artifact id: 'ce66b50321f5254b6b39215396b7419a') in 0.033029 seconds 
========================================================================
Received Import Request.
  Time since last request: 8.684613 seconds.
  path: Assets/ArtzkillZnetTexturePack01/Scifi/Materials/Sci-fi Texture.mat
  artifactKey: Guid(6922a499a3eec994c9b20588a6cfd3cd) Importer(815301076,1909f56bfc062723c751e8b465ee728b)
Start importing Assets/ArtzkillZnetTexturePack01/Scifi/Materials/Sci-fi Texture.mat using Guid(6922a499a3eec994c9b20588a6cfd3cd) Importer(815301076,1909f56bfc062723c751e8b465ee728b)  -> (artifact id: '106c9c0317e636adbe97b96327f2b5e2') in 0.076857 seconds 
========================================================================
Received Import Request.
  Time since last request: 12.896494 seconds.
  path: Assets/Prefabs/Sphere.prefab
  artifactKey: Guid(cae70b027a20eef40b7efdae4f1a5c57) Importer(815301076,1909f56bfc062723c751e8b465ee728b)
Start importing Assets/Prefabs/Sphere.prefab using Guid(cae70b027a20eef40b7efdae4f1a5c57) Importer(815301076,1909f56bfc062723c751e8b465ee728b)  -> (artifact id: '86002374e0ff7199665d1dbeec55f544') in 0.052621 seconds 
========================================================================
Received Prepare
Registering precompiled user dll's ...
Registered in 0.008487 seconds.
Begin MonoManager ReloadAssembly
Symbol file LoadedFromMemory doesn't match image C:\Users\gabri\OneDrive\Documentos\MaestriaVideJuegos\ActividadClase\AsignaturaMotores\Library\PackageCache\com.unity.visualscripting@1.7.8\Editor\VisualScripting.Core\Dependencies\YamlDotNet\Unity.VisualScripting.YamlDotNet.dll
Symbol file LoadedFromMemory doesn't match image C:\Users\gabri\OneDrive\Documentos\MaestriaVideJuegos\ActividadClase\AsignaturaMotores\Library\PackageCache\com.unity.visualscripting@1.7.8\Editor\VisualScripting.Core\Dependencies\DotNetZip\Unity.VisualScripting.IonicZip.dll
Native extension for UWP target not found
Native extension for WindowsStandalone target not found
Native extension for Android target not found
Native extension for WebGL target not found
Refreshing native plugins compatible for Editor in 1.05 ms, found 3 plugins.
Preloading 0 native plugins for Editor in 0.00 ms.
Mono: successfully reloaded assembly
- Completed reload, in  1.802 seconds
Domain Reload Profiling:
	ReloadAssembly (1803ms)
		BeginReloadAssembly (233ms)
			ExecutionOrderSort (0ms)
			DisableScriptedObjects (6ms)
			BackupInstance (0ms)
			ReleaseScriptingObjects (0ms)
			CreateAndSetChildDomain (64ms)
		EndReloadAssembly (1352ms)
			LoadAssemblies (170ms)
			RebuildTransferFunctionScriptingTraits (0ms)
			SetupTypeCache (413ms)
				TypeCache.Initialize (406ms)
					TypeCache.ScanAssembly (396ms)
				ResolveRequiredComponents (7ms)
			ReleaseScriptCaches (2ms)
			RebuildScriptCaches (74ms)
			SetupLoadedEditorAssemblies (616ms)
				LogAssemblyErrors (0ms)
				InitializePlatformSupportModulesInManaged (53ms)
				SetLoadedEditorAssemblies (11ms)
				RefreshPlugins (1ms)
				BeforeProcessingInitializeOnLoad (119ms)
				ProcessInitializeOnLoadAttributes (375ms)
				ProcessInitializeOnLoadMethodAttributes (41ms)
				AfterProcessingInitializeOnLoad (15ms)
				EditorAssembliesLoaded (0ms)
			ExecutionOrderSort2 (0ms)
			AwakeInstancesAfterBackupRestoration (10ms)
Platform modules already initialized, skipping
Refreshing native plugins compatible for Editor in 3.56 ms, found 3 plugins.
Preloading 0 native plugins for Editor in 0.00 ms.
Unloading 3236 Unused Serialized files (Serialized files now loaded: 0)
Unloading 17 unused Assets / (24.7 KB). Loaded Objects now: 3799.
Memory consumption went from 0.50 GB to 0.50 GB.
Total: 5.384500 ms (FindLiveObjects: 0.512400 ms CreateObjectMapping: 0.406900 ms MarkObjects: 4.413800 ms  DeleteObjects: 0.049900 ms)

AssetImportParameters requested are different than current active one (requested -> active):
  custom:video-decoder-ogg-theora: a1e56fd34408186e4bbccfd4996cb3dc -> 
  custom:container-muxer-webm: aa71ff27fc2769a1b78a27578f13a17b -> 
  custom:container-demuxer-webm: 4f35f7cbe854078d1ac9338744f61a02 -> 
  custom:video-encoder-webm-vp8: eb34c28f22e8b96e1ab97ce403110664 -> 
  custom:audio-encoder-webm-vorbis: bf7c407c2cedff20999df2af8eb42d56 -> 
  custom:framework-win-MediaFoundation: 216162199b28c13a410421893ffa2e32 -> 
  custom:container-demuxer-ogg: 62fdf1f143b41e24485cea50d1cbac27 -> 
  custom:video-decoder-webm-vp8: 9c59270c3fd7afecdb556c50c9e8de78 -> 
  custom:audio-decoder-ogg-vorbis: bf7c407c2cedff20999df2af8eb42d56 -> 
========================================================================
Received Prepare
Registering precompiled user dll's ...
Registered in 0.008520 seconds.
Begin MonoManager ReloadAssembly
Symbol file LoadedFromMemory doesn't match image C:\Users\gabri\OneDrive\Documentos\MaestriaVideJuegos\ActividadClase\AsignaturaMotores\Library\PackageCache\com.unity.visualscripting@1.7.8\Editor\VisualScripting.Core\Dependencies\YamlDotNet\Unity.VisualScripting.YamlDotNet.dll
Symbol file LoadedFromMemory doesn't match image C:\Users\gabri\OneDrive\Documentos\MaestriaVideJuegos\ActividadClase\AsignaturaMotores\Library\PackageCache\com.unity.visualscripting@1.7.8\Editor\VisualScripting.Core\Dependencies\DotNetZip\Unity.VisualScripting.IonicZip.dll
Native extension for UWP target not found
Native extension for WindowsStandalone target not found
Native extension for Android target not found
Native extension for WebGL target not found
Refreshing native plugins compatible for Editor in 1.22 ms, found 3 plugins.
Preloading 0 native plugins for Editor in 0.00 ms.
Mono: successfully reloaded assembly
- Completed reload, in  1.891 seconds
Domain Reload Profiling:
	ReloadAssembly (1893ms)
		BeginReloadAssembly (228ms)
			ExecutionOrderSort (0ms)
			DisableScriptedObjects (9ms)
			BackupInstance (0ms)
			ReleaseScriptingObjects (0ms)
			CreateAndSetChildDomain (56ms)
		EndReloadAssembly (1492ms)
			LoadAssemblies (163ms)
			RebuildTransferFunctionScriptingTraits (0ms)
			SetupTypeCache (437ms)
				TypeCache.Initialize (431ms)
					TypeCache.ScanAssembly (421ms)
				ResolveRequiredComponents (6ms)
			ReleaseScriptCaches (5ms)
			RebuildScriptCaches (103ms)
			SetupLoadedEditorAssemblies (620ms)
				LogAssemblyErrors (0ms)
				InitializePlatformSupportModulesInManaged (49ms)
				SetLoadedEditorAssemblies (13ms)
				RefreshPlugins (1ms)
				BeforeProcessingInitializeOnLoad (118ms)
				ProcessInitializeOnLoadAttributes (379ms)
				ProcessInitializeOnLoadMethodAttributes (38ms)
				AfterProcessingInitializeOnLoad (19ms)
				EditorAssembliesLoaded (0ms)
			ExecutionOrderSort2 (0ms)
			AwakeInstancesAfterBackupRestoration (9ms)
Platform modules already initialized, skipping
Refreshing native plugins compatible for Editor in 3.92 ms, found 3 plugins.
Preloading 0 native plugins for Editor in 0.00 ms.
Unloading 3236 Unused Serialized files (Serialized files now loaded: 0)
Unloading 17 unused Assets / (24.6 KB). Loaded Objects now: 3802.
Memory consumption went from 0.50 GB to 0.50 GB.
Total: 5.154000 ms (FindLiveObjects: 0.403400 ms CreateObjectMapping: 0.325600 ms MarkObjects: 4.390400 ms  DeleteObjects: 0.032500 ms)

AssetImportParameters requested are different than current active one (requested -> active):
  custom:video-decoder-ogg-theora: a1e56fd34408186e4bbccfd4996cb3dc -> 
  custom:container-muxer-webm: aa71ff27fc2769a1b78a27578f13a17b -> 
  custom:container-demuxer-webm: 4f35f7cbe854078d1ac9338744f61a02 -> 
  custom:video-encoder-webm-vp8: eb34c28f22e8b96e1ab97ce403110664 -> 
  custom:audio-encoder-webm-vorbis: bf7c407c2cedff20999df2af8eb42d56 -> 
  custom:framework-win-MediaFoundation: 216162199b28c13a410421893ffa2e32 -> 
  custom:container-demuxer-ogg: 62fdf1f143b41e24485cea50d1cbac27 -> 
  custom:video-decoder-webm-vp8: 9c59270c3fd7afecdb556c50c9e8de78 -> 
  custom:audio-decoder-ogg-vorbis: bf7c407c2cedff20999df2af8eb42d56 -> 
