Using pre-set license
Built from '2022.1/staging' branch; Version is '2022.1.23f1 (9636b062134a) revision 9844400'; Using compiler version '192829333'; Build Type 'Release'
OS: 'Windows 10  (10.0.19045) 64bit Professional' Language: 'es' Physical Memory: 32501 MB
BatchMode: 1, IsHumanControllingUs: 0, StartBugReporterOnCrash: 0, Is64bit: 1, IsPro: 1

COMMAND LINE ARGUMENTS:
C:\Program Files\Unity\Hub\Editor\2022.1.23f1\Editor\Unity.exe
-adb2
-batchMode
-noUpm
-name
AssetImportWorker0
-projectPath
C:/Users/Daniel/Documents/GitHub/AsignaturaMotores
-logFile
Logs/AssetImportWorker0.log
-srvPort
61052
Successfully changed project path to: C:/Users/Daniel/Documents/GitHub/AsignaturaMotores
C:/Users/Daniel/Documents/GitHub/AsignaturaMotores
[UnityMemory] Configuration Parameters - Can be set up in boot.config
    "memorysetup-bucket-allocator-granularity=16"
    "memorysetup-bucket-allocator-bucket-count=8"
    "memorysetup-bucket-allocator-block-size=33554432"
    "memorysetup-bucket-allocator-block-count=8"
    "memorysetup-main-allocator-block-size=16777216"
    "memorysetup-thread-allocator-block-size=16777216"
    "memorysetup-gfx-main-allocator-block-size=16777216"
    "memorysetup-gfx-thread-allocator-block-size=16777216"
    "memorysetup-cache-allocator-block-size=4194304"
    "memorysetup-typetree-allocator-block-size=2097152"
    "memorysetup-profiler-bucket-allocator-granularity=16"
    "memorysetup-profiler-bucket-allocator-bucket-count=8"
    "memorysetup-profiler-bucket-allocator-block-size=33554432"
    "memorysetup-profiler-bucket-allocator-block-count=8"
    "memorysetup-profiler-allocator-block-size=16777216"
    "memorysetup-profiler-editor-allocator-block-size=1048576"
    "memorysetup-temp-allocator-size-main=16777216"
    "memorysetup-job-temp-allocator-block-size=2097152"
    "memorysetup-job-temp-allocator-block-size-background=1048576"
    "memorysetup-job-temp-allocator-reduction-small-platforms=262144"
    "memorysetup-temp-allocator-size-background-worker=32768"
    "memorysetup-temp-allocator-size-job-worker=262144"
    "memorysetup-temp-allocator-size-preload-manager=33554432"
    "memorysetup-temp-allocator-size-nav-mesh-worker=65536"
    "memorysetup-temp-allocator-size-audio-worker=65536"
    "memorysetup-temp-allocator-size-cloud-worker=32768"
    "memorysetup-temp-allocator-size-gi-baking-worker=262144"
    "memorysetup-temp-allocator-size-gfx=262144"
Refreshing native plugins compatible for Editor in 42.84 ms, found 3 plugins.
Preloading 0 native plugins for Editor in 0.00 ms.
Initialize engine version: 2022.1.23f1 (9636b062134a)
[Subsystems] Discovering subsystems at path C:/Program Files/Unity/Hub/Editor/2022.1.23f1/Editor/Data/Resources/UnitySubsystems
[Subsystems] Discovering subsystems at path C:/Users/Daniel/Documents/GitHub/AsignaturaMotores/Assets
GfxDevice: creating device client; threaded=0; jobified=0
Direct3D:
    Version:  Direct3D 11.0 [level 11.1]
    Renderer: AMD Radeon RX 6800 (ID=0x73bf)
    Vendor:   ATI
    VRAM:     16337 MB
    Driver:   30.0.15021.11005
Initialize mono
Mono path[0] = 'C:/Program Files/Unity/Hub/Editor/2022.1.23f1/Editor/Data/Managed'
Mono path[1] = 'C:/Program Files/Unity/Hub/Editor/2022.1.23f1/Editor/Data/MonoBleedingEdge/lib/mono/unityjit-win32'
Mono config path = 'C:/Program Files/Unity/Hub/Editor/2022.1.23f1/Editor/Data/MonoBleedingEdge/etc'
Using monoOptions --debugger-agent=transport=dt_socket,embedding=1,server=y,suspend=n,address=127.0.0.1:56720
Begin MonoManager ReloadAssembly
Registering precompiled unity dll's ...
Register platform support module: C:/Program Files/Unity/Hub/Editor/2022.1.23f1/Editor/Data/PlaybackEngines/WebGLSupport/UnityEditor.WebGL.Extensions.dll
Register platform support module: C:/Program Files/Unity/Hub/Editor/2022.1.23f1/Editor/Data/PlaybackEngines/MacStandaloneSupport/UnityEditor.OSXStandalone.Extensions.dll
Register platform support module: C:/Program Files/Unity/Hub/Editor/2022.1.23f1/Editor/Data/PlaybackEngines/AndroidPlayer/UnityEditor.Android.Extensions.dll
Register platform support module: C:/Program Files/Unity/Hub/Editor/2022.1.23f1/Editor/Data/PlaybackEngines/iOSSupport/UnityEditor.iOS.Extensions.dll
Register platform support module: C:/Program Files/Unity/Hub/Editor/2022.1.23f1/Editor/Data/PlaybackEngines/AppleTVSupport/UnityEditor.AppleTV.Extensions.dll
Register platform support module: C:/Program Files/Unity/Hub/Editor/2022.1.23f1/Editor/Data/PlaybackEngines/WindowsStandaloneSupport/UnityEditor.WindowsStandalone.Extensions.dll
Register platform support module: C:/Program Files/Unity/Hub/Editor/2022.1.23f1/Editor/Data/PlaybackEngines/LinuxStandaloneSupport/UnityEditor.LinuxStandalone.Extensions.dll
Register platform support module: C:/Program Files/Unity/Hub/Editor/2022.1.23f1/Editor/Data/PlaybackEngines/MetroSupport/UnityEditor.UWP.Extensions.dll
Registered in 0.010077 seconds.
Native extension for UWP target not found
Native extension for LinuxStandalone target not found
Native extension for WindowsStandalone target not found
[usbmuxd] Start listen thread
[usbmuxd] Listen thread started
Native extension for AppleTV target not found
[usbmuxd] Start listen thread
[usbmuxd] Listen thread started
Native extension for iOS target not found
Native extension for Android target not found
Native extension for OSXStandalone target not found
Native extension for WebGL target not found
Refreshing native plugins compatible for Editor in 41.39 ms, found 3 plugins.
Preloading 0 native plugins for Editor in 0.00 ms.
Mono: successfully reloaded assembly
- Completed reload, in  0.399 seconds
Domain Reload Profiling:
	ReloadAssembly (400ms)
		BeginReloadAssembly (43ms)
			ExecutionOrderSort (0ms)
			DisableScriptedObjects (0ms)
			BackupInstance (0ms)
			ReleaseScriptingObjects (0ms)
			CreateAndSetChildDomain (0ms)
		EndReloadAssembly (287ms)
			LoadAssemblies (42ms)
			RebuildTransferFunctionScriptingTraits (0ms)
			SetupTypeCache (69ms)
				TypeCache.Initialize (69ms)
					TypeCache.ScanAssembly (68ms)
				ResolveRequiredComponents (0ms)
			ReleaseScriptCaches (0ms)
			RebuildScriptCaches (14ms)
			SetupLoadedEditorAssemblies (172ms)
				LogAssemblyErrors (0ms)
				InitializePlatformSupportModulesInManaged (45ms)
				SetLoadedEditorAssemblies (6ms)
				RefreshPlugins (41ms)
				BeforeProcessingInitializeOnLoad (1ms)
				ProcessInitializeOnLoadAttributes (55ms)
				ProcessInitializeOnLoadMethodAttributes (23ms)
				AfterProcessingInitializeOnLoad (0ms)
				EditorAssembliesLoaded (0ms)
			ExecutionOrderSort2 (0ms)
			AwakeInstancesAfterBackupRestoration (0ms)
Platform modules already initialized, skipping
Registering precompiled user dll's ...
Registered in 0.003612 seconds.
Begin MonoManager ReloadAssembly
Symbol file LoadedFromMemory doesn't match image C:\Users\Daniel\Documents\GitHub\AsignaturaMotores\Library\PackageCache\com.unity.visualscripting@1.7.8\Editor\VisualScripting.Core\Dependencies\YamlDotNet\Unity.VisualScripting.YamlDotNet.dll
Symbol file LoadedFromMemory doesn't match image C:\Users\Daniel\Documents\GitHub\AsignaturaMotores\Library\PackageCache\com.unity.visualscripting@1.7.8\Editor\VisualScripting.Core\Dependencies\DotNetZip\Unity.VisualScripting.IonicZip.dll
Native extension for UWP target not found
Native extension for LinuxStandalone target not found
Native extension for WindowsStandalone target not found
Native extension for AppleTV target not found
Native extension for iOS target not found
Native extension for Android target not found
Native extension for OSXStandalone target not found
Native extension for WebGL target not found
Refreshing native plugins compatible for Editor in 0.49 ms, found 3 plugins.
Preloading 0 native plugins for Editor in 0.00 ms.
Mono: successfully reloaded assembly
- Completed reload, in  0.683 seconds
Domain Reload Profiling:
	ReloadAssembly (684ms)
		BeginReloadAssembly (174ms)
			ExecutionOrderSort (0ms)
			DisableScriptedObjects (3ms)
			BackupInstance (0ms)
			ReleaseScriptingObjects (0ms)
			CreateAndSetChildDomain (118ms)
		EndReloadAssembly (438ms)
			LoadAssemblies (49ms)
			RebuildTransferFunctionScriptingTraits (0ms)
			SetupTypeCache (124ms)
				TypeCache.Initialize (122ms)
					TypeCache.ScanAssembly (119ms)
				ResolveRequiredComponents (2ms)
			ReleaseScriptCaches (1ms)
			RebuildScriptCaches (27ms)
			SetupLoadedEditorAssemblies (214ms)
				LogAssemblyErrors (0ms)
				InitializePlatformSupportModulesInManaged (22ms)
				SetLoadedEditorAssemblies (4ms)
				RefreshPlugins (1ms)
				BeforeProcessingInitializeOnLoad (45ms)
				ProcessInitializeOnLoadAttributes (122ms)
				ProcessInitializeOnLoadMethodAttributes (15ms)
				AfterProcessingInitializeOnLoad (5ms)
				EditorAssembliesLoaded (0ms)
			ExecutionOrderSort2 (0ms)
			AwakeInstancesAfterBackupRestoration (3ms)
Platform modules already initialized, skipping
========================================================================
Worker process is ready to serve import requests
Launched and connected shader compiler UnityShaderCompiler.exe after 0.03 seconds
Refreshing native plugins compatible for Editor in 0.51 ms, found 3 plugins.
Preloading 0 native plugins for Editor in 0.00 ms.
Unloading 3254 Unused Serialized files (Serialized files now loaded: 0)
Unloading 25 unused Assets / (59.5 KB). Loaded Objects now: 3737.
Memory consumption went from 0.50 GB to 0.50 GB.
Total: 2.025300 ms (FindLiveObjects: 0.200400 ms CreateObjectMapping: 0.039900 ms MarkObjects: 1.708800 ms  DeleteObjects: 0.075600 ms)

AssetImportParameters requested are different than current active one (requested -> active):
  custom:video-decoder-ogg-theora: a1e56fd34408186e4bbccfd4996cb3dc -> 
  custom:container-muxer-webm: aa71ff27fc2769a1b78a27578f13a17b -> 
  custom:container-demuxer-webm: 4f35f7cbe854078d1ac9338744f61a02 -> 
  custom:video-encoder-webm-vp8: eb34c28f22e8b96e1ab97ce403110664 -> 
  custom:audio-encoder-webm-vorbis: bf7c407c2cedff20999df2af8eb42d56 -> 
  custom:framework-win-MediaFoundation: 216162199b28c13a410421893ffa2e32 -> 
  custom:container-demuxer-ogg: 62fdf1f143b41e24485cea50d1cbac27 -> 
  custom:video-decoder-webm-vp8: 9c59270c3fd7afecdb556c50c9e8de78 -> 
  custom:audio-decoder-ogg-vorbis: bf7c407c2cedff20999df2af8eb42d56 -> 
========================================================================
Received Import Request.
  Time since last request: 10012.410490 seconds.
  path: Assets/Prefabs/Base.prefab
  artifactKey: Guid(01b738166f880344283a98189ccd7957) Importer(815301076,1909f56bfc062723c751e8b465ee728b)
Start importing Assets/Prefabs/Base.prefab using Guid(01b738166f880344283a98189ccd7957) Importer(815301076,1909f56bfc062723c751e8b465ee728b)  -> (artifact id: '45bff57788574c3085f76b734391b203') in 0.085772 seconds 
========================================================================
Received Import Request.
  Time since last request: 0.000022 seconds.
  path: Assets/Prefabs/Torch.prefab
  artifactKey: Guid(5f1b5293492e8ef498d0bf4221e0105e) Importer(815301076,1909f56bfc062723c751e8b465ee728b)
Start importing Assets/Prefabs/Torch.prefab using Guid(5f1b5293492e8ef498d0bf4221e0105e) Importer(815301076,1909f56bfc062723c751e8b465ee728b)  -> (artifact id: '9454b3f62f14e03e8a27555153bd0df9') in 0.045873 seconds 
========================================================================
Received Import Request.
  Time since last request: 20.102842 seconds.
  path: Assets/Prefabs/FlyingTurret.prefab
  artifactKey: Guid(6c27807d40ee9d94892e40e88f184a8b) Importer(815301076,1909f56bfc062723c751e8b465ee728b)
Start importing Assets/Prefabs/FlyingTurret.prefab using Guid(6c27807d40ee9d94892e40e88f184a8b) Importer(815301076,1909f56bfc062723c751e8b465ee728b)  -> (artifact id: 'cace8218f4cdb57fb9da703467f1fd59') in 0.011670 seconds 
========================================================================
Received Import Request.
  Time since last request: 14.529810 seconds.
  path: Assets/Assets Motores/Assets Motores
  artifactKey: Guid(1519aee40bbb0c84eae795b61714e3cf) Importer(815301076,1909f56bfc062723c751e8b465ee728b)
Start importing Assets/Assets Motores/Assets Motores using Guid(1519aee40bbb0c84eae795b61714e3cf) Importer(815301076,1909f56bfc062723c751e8b465ee728b)  -> (artifact id: '808414f31adb802d505d87593180d7d8') in 0.004608 seconds 
========================================================================
Received Import Request.
  Time since last request: 0.048053 seconds.
  path: Assets/Assets Motores/Assets Motores/bar.png
  artifactKey: Guid(3d8a20f0094ed644a91f610af7a17461) Importer(815301076,1909f56bfc062723c751e8b465ee728b)
Start importing Assets/Assets Motores/Assets Motores/bar.png using Guid(3d8a20f0094ed644a91f610af7a17461) Importer(815301076,1909f56bfc062723c751e8b465ee728b)  -> (artifact id: '95d465e0bf98c594ed9d43403e890467') in 0.031195 seconds 
========================================================================
Received Import Request.
  Time since last request: 0.000012 seconds.
  path: Assets/Assets Motores/Assets Motores/tree_big.fbx
  artifactKey: Guid(724836c6123774e479922c5ae7312a9a) Importer(815301076,1909f56bfc062723c751e8b465ee728b)
Start importing Assets/Assets Motores/Assets Motores/tree_big.fbx using Guid(724836c6123774e479922c5ae7312a9a) Importer(815301076,1909f56bfc062723c751e8b465ee728b)  -> (artifact id: 'ed6f86d3778f99d05cb7a5d0eeec3ac4') in 0.042605 seconds 
========================================================================
Received Import Request.
  Time since last request: 107.297871 seconds.
  path: Assets/Materials/Fire.mat
  artifactKey: Guid(04dae468de9eb9b4680e3e4f8ecc641d) Importer(815301076,1909f56bfc062723c751e8b465ee728b)
Start importing Assets/Materials/Fire.mat using Guid(04dae468de9eb9b4680e3e4f8ecc641d) Importer(815301076,1909f56bfc062723c751e8b465ee728b)  -> (artifact id: 'd48fbd20bc37ecb3f4774c7d8a91ffb8') in 0.009222 seconds 
========================================================================
Received Import Request.
  Time since last request: 0.000015 seconds.
  path: Assets/Materials/GrayRocks.mat
  artifactKey: Guid(fc2c844329957cc499585df34ed566c8) Importer(815301076,1909f56bfc062723c751e8b465ee728b)
Start importing Assets/Materials/GrayRocks.mat using Guid(fc2c844329957cc499585df34ed566c8) Importer(815301076,1909f56bfc062723c751e8b465ee728b)  -> (artifact id: '9cc5e41272cddf8ba569b739982389dd') in 0.017792 seconds 
========================================================================
Received Import Request.
  Time since last request: 0.000016 seconds.
  path: Assets/Materials/TorchWood.mat
  artifactKey: Guid(ae889a8e9e9f9474596eabe020b8c074) Importer(815301076,1909f56bfc062723c751e8b465ee728b)
Start importing Assets/Materials/TorchWood.mat using Guid(ae889a8e9e9f9474596eabe020b8c074) Importer(815301076,1909f56bfc062723c751e8b465ee728b)  -> (artifact id: '56ac71624e5d24996fd927878888c3d5') in 0.017095 seconds 
========================================================================
Received Import Request.
  Time since last request: 0.000014 seconds.
  path: Assets/Materials/NewLayer.terrainlayer
  artifactKey: Guid(e652d5f96a6654e449ce895e49ba6dfa) Importer(815301076,1909f56bfc062723c751e8b465ee728b)
Start importing Assets/Materials/NewLayer.terrainlayer using Guid(e652d5f96a6654e449ce895e49ba6dfa) Importer(815301076,1909f56bfc062723c751e8b465ee728b)  -> (artifact id: 'd89d26396c0aed631c7eae7a025058ef') in 0.015563 seconds 
========================================================================
Received Import Request.
  Time since last request: 13.558601 seconds.
  path: Assets/Assets Motores/Assets Motores/Textures/bark normal.png
  artifactKey: Guid(e8f179b75e2a68340ba7aeca4514b2bc) Importer(815301076,1909f56bfc062723c751e8b465ee728b)
Start importing Assets/Assets Motores/Assets Motores/Textures/bark normal.png using Guid(e8f179b75e2a68340ba7aeca4514b2bc) Importer(815301076,1909f56bfc062723c751e8b465ee728b)  -> (artifact id: '2dbd2d4b28d476b8e5b29b5ec9c2d8d3') in 0.016601 seconds 
========================================================================
Received Import Request.
  Time since last request: 0.000015 seconds.
  path: Assets/Assets Motores/Assets Motores/Textures/grey rock.png
  artifactKey: Guid(f477fdf8127472d4a933cfa6cfaeaacc) Importer(815301076,1909f56bfc062723c751e8b465ee728b)
Start importing Assets/Assets Motores/Assets Motores/Textures/grey rock.png using Guid(f477fdf8127472d4a933cfa6cfaeaacc) Importer(815301076,1909f56bfc062723c751e8b465ee728b)  -> (artifact id: '9b9f8dd2292550e7ee9a5374a4d47719') in 0.008818 seconds 
========================================================================
Received Import Request.
  Time since last request: 0.000019 seconds.
  path: Assets/Assets Motores/Assets Motores/Textures/rock.png
  artifactKey: Guid(5c7b7c492bc743d4a956f35b8b54dfb8) Importer(815301076,1909f56bfc062723c751e8b465ee728b)
Start importing Assets/Assets Motores/Assets Motores/Textures/rock.png using Guid(5c7b7c492bc743d4a956f35b8b54dfb8) Importer(815301076,1909f56bfc062723c751e8b465ee728b)  -> (artifact id: '058418bd9c98d5227b40ec66410861ad') in 0.010783 seconds 
========================================================================
Received Import Request.
  Time since last request: 0.000015 seconds.
  path: Assets/Assets Motores/Assets Motores/Textures/rocky grass normal.png
  artifactKey: Guid(93a3e7b9c8e15bb43b28cf76cb93fd68) Importer(815301076,1909f56bfc062723c751e8b465ee728b)
Start importing Assets/Assets Motores/Assets Motores/Textures/rocky grass normal.png using Guid(93a3e7b9c8e15bb43b28cf76cb93fd68) Importer(815301076,1909f56bfc062723c751e8b465ee728b)  -> (artifact id: 'c9e8d1059a4b671ece09bc5363f91452') in 0.016243 seconds 
========================================================================
Received Import Request.
  Time since last request: 0.000016 seconds.
  path: Assets/Assets Motores/Assets Motores/Textures/leaves_green.png
  artifactKey: Guid(89196d66c0a7af4439e9b23fa1648c34) Importer(815301076,1909f56bfc062723c751e8b465ee728b)
Start importing Assets/Assets Motores/Assets Motores/Textures/leaves_green.png using Guid(89196d66c0a7af4439e9b23fa1648c34) Importer(815301076,1909f56bfc062723c751e8b465ee728b)  -> (artifact id: '7c052ea2a8fac51f4a468723edd8b3a4') in 0.009094 seconds 
========================================================================
Received Import Request.
  Time since last request: 0.000014 seconds.
  path: Assets/Assets Motores/Assets Motores/Textures/metal panels normals.png
  artifactKey: Guid(57fde96f4fb699141a8e88543b972475) Importer(815301076,1909f56bfc062723c751e8b465ee728b)
Start importing Assets/Assets Motores/Assets Motores/Textures/metal panels normals.png using Guid(57fde96f4fb699141a8e88543b972475) Importer(815301076,1909f56bfc062723c751e8b465ee728b)  -> (artifact id: '6f9a3f0908e1b3f24f95328ffaf50395') in 0.009149 seconds 
========================================================================
Received Import Request.
  Time since last request: 0.000016 seconds.
  path: Assets/Assets Motores/Assets Motores/Textures/brick.jpg
  artifactKey: Guid(1047c2c802705bd42be2ee3b9464d7d2) Importer(815301076,1909f56bfc062723c751e8b465ee728b)
Start importing Assets/Assets Motores/Assets Motores/Textures/brick.jpg using Guid(1047c2c802705bd42be2ee3b9464d7d2) Importer(815301076,1909f56bfc062723c751e8b465ee728b)  -> (artifact id: '88fc1c5e68b97d4dd16428eafc1f20d6') in 0.010270 seconds 
========================================================================
Received Import Request.
  Time since last request: 0.000023 seconds.
  path: Assets/Assets Motores/Assets Motores/Textures/grass.png
  artifactKey: Guid(62a98342798141b4db482e24143075a0) Importer(815301076,1909f56bfc062723c751e8b465ee728b)
Start importing Assets/Assets Motores/Assets Motores/Textures/grass.png using Guid(62a98342798141b4db482e24143075a0) Importer(815301076,1909f56bfc062723c751e8b465ee728b)  -> (artifact id: '6aa53a75556e377e47b47a6845a85fe3') in 0.010177 seconds 
========================================================================
Received Import Request.
  Time since last request: 0.000013 seconds.
  path: Assets/Assets Motores/Assets Motores/Textures/rock normal.png
  artifactKey: Guid(4d476d37c5b376342a170b2e33ab5569) Importer(815301076,1909f56bfc062723c751e8b465ee728b)
Start importing Assets/Assets Motores/Assets Motores/Textures/rock normal.png using Guid(4d476d37c5b376342a170b2e33ab5569) Importer(815301076,1909f56bfc062723c751e8b465ee728b)  -> (artifact id: '821310a3ffe8a0412307d6e09c906302') in 0.010078 seconds 
========================================================================
Received Import Request.
  Time since last request: 0.000016 seconds.
  path: Assets/Assets Motores/Assets Motores/Textures/pause.png
  artifactKey: Guid(93a1365c4ecc4af4997b6080b1f7238b) Importer(815301076,1909f56bfc062723c751e8b465ee728b)
Start importing Assets/Assets Motores/Assets Motores/Textures/pause.png using Guid(93a1365c4ecc4af4997b6080b1f7238b) Importer(815301076,1909f56bfc062723c751e8b465ee728b)  -> (artifact id: 'af8c84c658a52cfaa804adf709145593') in 0.008968 seconds 
========================================================================
Received Import Request.
  Time since last request: 40.357090 seconds.
  path: Assets/Assets Motores/Assets Motores/Girl/Standing 2H Magic Attack.fbm/BOdy Skin Base Color.png
  artifactKey: Guid(e351fef2debf72a46a17dd04d04c013c) Importer(815301076,1909f56bfc062723c751e8b465ee728b)
Start importing Assets/Assets Motores/Assets Motores/Girl/Standing 2H Magic Attack.fbm/BOdy Skin Base Color.png using Guid(e351fef2debf72a46a17dd04d04c013c) Importer(815301076,1909f56bfc062723c751e8b465ee728b)  -> (artifact id: 'e4ca6302a794027b54333c6fea387b46') in 0.031525 seconds 
========================================================================
Received Import Request.
  Time since last request: 0.000013 seconds.
  path: Assets/Assets Motores/Assets Motores/Girl/Standing 1H Magic Attack .fbm/bot color.jpg
  artifactKey: Guid(9f562d9a286a3d5419dc5d7a118b60ed) Importer(815301076,1909f56bfc062723c751e8b465ee728b)
Start importing Assets/Assets Motores/Assets Motores/Girl/Standing 1H Magic Attack .fbm/bot color.jpg using Guid(9f562d9a286a3d5419dc5d7a118b60ed) Importer(815301076,1909f56bfc062723c751e8b465ee728b)  -> (artifact id: '09a4e260a9530d68fd92a051f035518f') in 0.010807 seconds 
========================================================================
Received Import Request.
  Time since last request: 0.000015 seconds.
  path: Assets/Assets Motores/Assets Motores/Girl/Quad Punch.fbm/BOdy Skin Base Color.png
  artifactKey: Guid(cf1d96651c953f9488738da24dfe12d6) Importer(815301076,1909f56bfc062723c751e8b465ee728b)
Start importing Assets/Assets Motores/Assets Motores/Girl/Quad Punch.fbm/BOdy Skin Base Color.png using Guid(cf1d96651c953f9488738da24dfe12d6) Importer(815301076,1909f56bfc062723c751e8b465ee728b)  -> (artifact id: '3ab47361452d4c1f851e2f33f76da455') in 0.007307 seconds 
========================================================================
Received Import Request.
  Time since last request: 0.000018 seconds.
  path: Assets/Assets Motores/Assets Motores/Girl/RunJump.fbm/BOdy Skin Base Color.png
  artifactKey: Guid(bbe747a46cc702641b13068fec84d99d) Importer(815301076,1909f56bfc062723c751e8b465ee728b)
Start importing Assets/Assets Motores/Assets Motores/Girl/RunJump.fbm/BOdy Skin Base Color.png using Guid(bbe747a46cc702641b13068fec84d99d) Importer(815301076,1909f56bfc062723c751e8b465ee728b)  -> (artifact id: '795cb5b7cca7119a57bdd455bdf4c33c') in 0.007175 seconds 
========================================================================
Received Import Request.
  Time since last request: 0.000016 seconds.
  path: Assets/Assets Motores/Assets Motores/Girl/Running.fbm/BOdy Skin Base Color.png
  artifactKey: Guid(406abcc4f37583f419f0d016e9c29b22) Importer(815301076,1909f56bfc062723c751e8b465ee728b)
Start importing Assets/Assets Motores/Assets Motores/Girl/Running.fbm/BOdy Skin Base Color.png using Guid(406abcc4f37583f419f0d016e9c29b22) Importer(815301076,1909f56bfc062723c751e8b465ee728b)  -> (artifact id: 'c916cac1c5774e15500a3a909fa51a40') in 0.005271 seconds 
========================================================================
Received Import Request.
  Time since last request: 3.180816 seconds.
  path: Assets/Assets Motores/Assets Motores/Rocks/Textures/Rock_Tripoly_Rock_OcclusionRoughnessMetallic.png
  artifactKey: Guid(02cfc7c4aea359f44b502d0eec86a4f5) Importer(815301076,1909f56bfc062723c751e8b465ee728b)
Start importing Assets/Assets Motores/Assets Motores/Rocks/Textures/Rock_Tripoly_Rock_OcclusionRoughnessMetallic.png using Guid(02cfc7c4aea359f44b502d0eec86a4f5) Importer(815301076,1909f56bfc062723c751e8b465ee728b)  -> (artifact id: '1e490bbfde237fe30e77d8996cccf07e') in 0.007602 seconds 
========================================================================
Received Import Request.
  Time since last request: 233.976097 seconds.
  path: Assets/Assets Motores/Assets Motores/Girl/Standing React Death Right.fbm/bot color.jpg
  artifactKey: Guid(97e2fbfd8ada55045bade4963e875df7) Importer(815301076,1909f56bfc062723c751e8b465ee728b)
Start importing Assets/Assets Motores/Assets Motores/Girl/Standing React Death Right.fbm/bot color.jpg using Guid(97e2fbfd8ada55045bade4963e875df7) Importer(815301076,1909f56bfc062723c751e8b465ee728b)  -> (artifact id: '98583c558cfdc50b304b7f435b7b76e8') in 0.007314 seconds 
========================================================================
Received Import Request.
  Time since last request: 0.000013 seconds.
  path: Assets/Assets Motores/Assets Motores/Girl/Standing React Death Backward.fbm/bot color.jpg
  artifactKey: Guid(1b965f4acd87c0f41996e209738a40d4) Importer(815301076,1909f56bfc062723c751e8b465ee728b)
Start importing Assets/Assets Motores/Assets Motores/Girl/Standing React Death Backward.fbm/bot color.jpg using Guid(1b965f4acd87c0f41996e209738a40d4) Importer(815301076,1909f56bfc062723c751e8b465ee728b)  -> (artifact id: '9e284a85241b8f533dc3a11fbb45b959') in 0.007425 seconds 
========================================================================
Received Import Request.
  Time since last request: 109.875735 seconds.
  path: Assets/Basic Motions Pack/Materials/Basic Motions Material.mat
  artifactKey: Guid(ccc50d631d14df84a982c4f4acd00013) Importer(815301076,1909f56bfc062723c751e8b465ee728b)
Start importing Assets/Basic Motions Pack/Materials/Basic Motions Material.mat using Guid(ccc50d631d14df84a982c4f4acd00013) Importer(815301076,1909f56bfc062723c751e8b465ee728b)  -> (artifact id: '04b0bd2f363938f219bee7c01963ba8e') in 0.016191 seconds 
========================================================================
Received Import Request.
  Time since last request: 0.000016 seconds.
  path: Assets/Assets Motores/Assets Motores/Girl/GirlAnimatedSingle4.fbx
  artifactKey: Guid(396a45248eccb5e45862f4d9d8bf995d) Importer(815301076,1909f56bfc062723c751e8b465ee728b)
Start importing Assets/Assets Motores/Assets Motores/Girl/GirlAnimatedSingle4.fbx using Guid(396a45248eccb5e45862f4d9d8bf995d) Importer(815301076,1909f56bfc062723c751e8b465ee728b)  -> (artifact id: '316b56b296d21299e2d82d521935f626') in 0.135079 seconds 
========================================================================
Received Import Request.
  Time since last request: 0.000018 seconds.
  path: Assets/Assets Motores/Assets Motores/Girl/GirlAnimatedComplete.fbx
  artifactKey: Guid(5061e2643e615bb4d9d7f643f8e05b63) Importer(815301076,1909f56bfc062723c751e8b465ee728b)
Start importing Assets/Assets Motores/Assets Motores/Girl/GirlAnimatedComplete.fbx using Guid(5061e2643e615bb4d9d7f643f8e05b63) Importer(815301076,1909f56bfc062723c751e8b465ee728b)  -> (artifact id: '8087bb60cc8f680f70559968820aa6a3') in 0.129038 seconds 
========================================================================
Received Import Request.
  Time since last request: 0.000023 seconds.
  path: Assets/Assets Motores/Assets Motores/Girl/Running.fbx
  artifactKey: Guid(ff267b1d65bf0e443b62ee07a34e43bf) Importer(815301076,1909f56bfc062723c751e8b465ee728b)
Start importing Assets/Assets Motores/Assets Motores/Girl/Running.fbx using Guid(ff267b1d65bf0e443b62ee07a34e43bf) Importer(815301076,1909f56bfc062723c751e8b465ee728b)  -> (artifact id: '58a9aaad7d697052afcfb0d265355ecf') in 0.113854 seconds 
========================================================================
Received Import Request.
  Time since last request: 0.000014 seconds.
  path: Assets/ArtzkillZnetTexturePack01/Scifi/Boquilla.mat
  artifactKey: Guid(84535059cb6ede24d8ecee362ce52c8b) Importer(815301076,1909f56bfc062723c751e8b465ee728b)
Start importing Assets/ArtzkillZnetTexturePack01/Scifi/Boquilla.mat using Guid(84535059cb6ede24d8ecee362ce52c8b) Importer(815301076,1909f56bfc062723c751e8b465ee728b)  -> (artifact id: 'df7c00b89e53aec21055b21412966ae6') in 0.008587 seconds 
========================================================================
Received Import Request.
  Time since last request: 0.000015 seconds.
  path: Assets/Assets Motores/Assets Motores/Girl/Standing React Death Backward.fbx
  artifactKey: Guid(4fa1494116e46214f8a39aa731f567e9) Importer(815301076,1909f56bfc062723c751e8b465ee728b)
Start importing Assets/Assets Motores/Assets Motores/Girl/Standing React Death Backward.fbx using Guid(4fa1494116e46214f8a39aa731f567e9) Importer(815301076,1909f56bfc062723c751e8b465ee728b)  -> (artifact id: '518cb2da52fc9656f759b2b8e996422a') in 0.106270 seconds 
========================================================================
Received Import Request.
  Time since last request: 0.000017 seconds.
  path: Assets/Assets Motores/Assets Motores/Girl/Standing 1H Magic Attack .fbx
  artifactKey: Guid(1aaf07eb209cbcd44b1bc262c0113605) Importer(815301076,1909f56bfc062723c751e8b465ee728b)
Start importing Assets/Assets Motores/Assets Motores/Girl/Standing 1H Magic Attack .fbx using Guid(1aaf07eb209cbcd44b1bc262c0113605) Importer(815301076,1909f56bfc062723c751e8b465ee728b)  -> (artifact id: '60ea66d43b5a4e266fd632f0afedd955') in 0.108579 seconds 
========================================================================
Received Import Request.
  Time since last request: 0.000021 seconds.
  path: Assets/Assets Motores/Assets Motores/Girl/Punching.fbx
  artifactKey: Guid(5600689a764f6df42bb2b0896424473d) Importer(815301076,1909f56bfc062723c751e8b465ee728b)
Start importing Assets/Assets Motores/Assets Motores/Girl/Punching.fbx using Guid(5600689a764f6df42bb2b0896424473d) Importer(815301076,1909f56bfc062723c751e8b465ee728b)  -> (artifact id: 'f624ef3a255b6800a0355269a10dfc9f') in 0.111482 seconds 
========================================================================
Received Import Request.
  Time since last request: 0.000014 seconds.
  path: Assets/Assets Motores/Assets Motores/Girl/Standing React Death Right.fbx
  artifactKey: Guid(8145fefde977055448d567b58f98f1bd) Importer(815301076,1909f56bfc062723c751e8b465ee728b)
Start importing Assets/Assets Motores/Assets Motores/Girl/Standing React Death Right.fbx using Guid(8145fefde977055448d567b58f98f1bd) Importer(815301076,1909f56bfc062723c751e8b465ee728b)  -> (artifact id: '72b6464069745afe47cea63f0834a87f') in 0.108953 seconds 
========================================================================
Received Import Request.
  Time since last request: 0.000015 seconds.
  path: Assets/Assets Motores/Assets Motores/Girl/Standing 2H Magic Attack 2.fbx
  artifactKey: Guid(867fe832254734047a25f290b3363808) Importer(815301076,1909f56bfc062723c751e8b465ee728b)
Start importing Assets/Assets Motores/Assets Motores/Girl/Standing 2H Magic Attack 2.fbx using Guid(867fe832254734047a25f290b3363808) Importer(815301076,1909f56bfc062723c751e8b465ee728b)  -> (artifact id: 'dfd286d13eea7f0b2a37f6b4bbbc307e') in 0.100945 seconds 
========================================================================
Received Import Request.
  Time since last request: 0.000023 seconds.
  path: Assets/Assets Motores/Assets Motores/Girl/GirlAnimated.fbx
  artifactKey: Guid(6d4217336963e2a439bd2e043fd2b5bb) Importer(815301076,1909f56bfc062723c751e8b465ee728b)
Start importing Assets/Assets Motores/Assets Motores/Girl/GirlAnimated.fbx using Guid(6d4217336963e2a439bd2e043fd2b5bb) Importer(815301076,1909f56bfc062723c751e8b465ee728b)  -> (artifact id: '5f19ff011001b73ea4890c97852909c7') in 0.442620 seconds 
Editor requested this worker to shutdown with reason: Scaling down because of idle timeout
AssetImportWorker is now disconnected from the server
Process exiting
Exiting without the bug reporter. Application will terminate with return code 0