Using pre-set license
Built from '2022.1/staging' branch; Version is '2022.1.23f1 (9636b062134a) revision 9844400'; Using compiler version '192829333'; Build Type 'Release'
OS: 'Windows 10  (10.0.19045) 64bit Professional' Language: 'es' Physical Memory: 32501 MB
BatchMode: 1, IsHumanControllingUs: 0, StartBugReporterOnCrash: 0, Is64bit: 1, IsPro: 1

COMMAND LINE ARGUMENTS:
C:\Program Files\Unity\Hub\Editor\2022.1.23f1\Editor\Unity.exe
-adb2
-batchMode
-noUpm
-name
AssetImportWorker1
-projectPath
C:/Users/Daniel/Documents/GitHub/AsignaturaMotores
-logFile
Logs/AssetImportWorker1.log
-srvPort
61052
Successfully changed project path to: C:/Users/Daniel/Documents/GitHub/AsignaturaMotores
C:/Users/Daniel/Documents/GitHub/AsignaturaMotores
[UnityMemory] Configuration Parameters - Can be set up in boot.config
    "memorysetup-bucket-allocator-granularity=16"
    "memorysetup-bucket-allocator-bucket-count=8"
    "memorysetup-bucket-allocator-block-size=33554432"
    "memorysetup-bucket-allocator-block-count=8"
    "memorysetup-main-allocator-block-size=16777216"
    "memorysetup-thread-allocator-block-size=16777216"
    "memorysetup-gfx-main-allocator-block-size=16777216"
    "memorysetup-gfx-thread-allocator-block-size=16777216"
    "memorysetup-cache-allocator-block-size=4194304"
    "memorysetup-typetree-allocator-block-size=2097152"
    "memorysetup-profiler-bucket-allocator-granularity=16"
    "memorysetup-profiler-bucket-allocator-bucket-count=8"
    "memorysetup-profiler-bucket-allocator-block-size=33554432"
    "memorysetup-profiler-bucket-allocator-block-count=8"
    "memorysetup-profiler-allocator-block-size=16777216"
    "memorysetup-profiler-editor-allocator-block-size=1048576"
    "memorysetup-temp-allocator-size-main=16777216"
    "memorysetup-job-temp-allocator-block-size=2097152"
    "memorysetup-job-temp-allocator-block-size-background=1048576"
    "memorysetup-job-temp-allocator-reduction-small-platforms=262144"
    "memorysetup-temp-allocator-size-background-worker=32768"
    "memorysetup-temp-allocator-size-job-worker=262144"
    "memorysetup-temp-allocator-size-preload-manager=33554432"
    "memorysetup-temp-allocator-size-nav-mesh-worker=65536"
    "memorysetup-temp-allocator-size-audio-worker=65536"
    "memorysetup-temp-allocator-size-cloud-worker=32768"
    "memorysetup-temp-allocator-size-gi-baking-worker=262144"
    "memorysetup-temp-allocator-size-gfx=262144"
Refreshing native plugins compatible for Editor in 41.81 ms, found 3 plugins.
Preloading 0 native plugins for Editor in 0.00 ms.
Initialize engine version: 2022.1.23f1 (9636b062134a)
[Subsystems] Discovering subsystems at path C:/Program Files/Unity/Hub/Editor/2022.1.23f1/Editor/Data/Resources/UnitySubsystems
[Subsystems] Discovering subsystems at path C:/Users/Daniel/Documents/GitHub/AsignaturaMotores/Assets
GfxDevice: creating device client; threaded=0; jobified=0
Direct3D:
    Version:  Direct3D 11.0 [level 11.1]
    Renderer: AMD Radeon RX 6800 (ID=0x73bf)
    Vendor:   ATI
    VRAM:     16337 MB
    Driver:   30.0.15021.11005
Initialize mono
Mono path[0] = 'C:/Program Files/Unity/Hub/Editor/2022.1.23f1/Editor/Data/Managed'
Mono path[1] = 'C:/Program Files/Unity/Hub/Editor/2022.1.23f1/Editor/Data/MonoBleedingEdge/lib/mono/unityjit-win32'
Mono config path = 'C:/Program Files/Unity/Hub/Editor/2022.1.23f1/Editor/Data/MonoBleedingEdge/etc'
Using monoOptions --debugger-agent=transport=dt_socket,embedding=1,server=y,suspend=n,address=127.0.0.1:56356
Begin MonoManager ReloadAssembly
Registering precompiled unity dll's ...
Register platform support module: C:/Program Files/Unity/Hub/Editor/2022.1.23f1/Editor/Data/PlaybackEngines/WebGLSupport/UnityEditor.WebGL.Extensions.dll
Register platform support module: C:/Program Files/Unity/Hub/Editor/2022.1.23f1/Editor/Data/PlaybackEngines/MacStandaloneSupport/UnityEditor.OSXStandalone.Extensions.dll
Register platform support module: C:/Program Files/Unity/Hub/Editor/2022.1.23f1/Editor/Data/PlaybackEngines/AndroidPlayer/UnityEditor.Android.Extensions.dll
Register platform support module: C:/Program Files/Unity/Hub/Editor/2022.1.23f1/Editor/Data/PlaybackEngines/iOSSupport/UnityEditor.iOS.Extensions.dll
Register platform support module: C:/Program Files/Unity/Hub/Editor/2022.1.23f1/Editor/Data/PlaybackEngines/AppleTVSupport/UnityEditor.AppleTV.Extensions.dll
Register platform support module: C:/Program Files/Unity/Hub/Editor/2022.1.23f1/Editor/Data/PlaybackEngines/WindowsStandaloneSupport/UnityEditor.WindowsStandalone.Extensions.dll
Register platform support module: C:/Program Files/Unity/Hub/Editor/2022.1.23f1/Editor/Data/PlaybackEngines/LinuxStandaloneSupport/UnityEditor.LinuxStandalone.Extensions.dll
Register platform support module: C:/Program Files/Unity/Hub/Editor/2022.1.23f1/Editor/Data/PlaybackEngines/MetroSupport/UnityEditor.UWP.Extensions.dll
Registered in 0.009668 seconds.
Native extension for UWP target not found
Native extension for LinuxStandalone target not found
Native extension for WindowsStandalone target not found
[usbmuxd] Start listen thread
[usbmuxd] Listen thread started
Native extension for AppleTV target not found
[usbmuxd] Start listen thread
[usbmuxd] Listen thread started
Native extension for iOS target not found
Native extension for Android target not found
Native extension for OSXStandalone target not found
Native extension for WebGL target not found
Refreshing native plugins compatible for Editor in 42.83 ms, found 3 plugins.
Preloading 0 native plugins for Editor in 0.00 ms.
Mono: successfully reloaded assembly
- Completed reload, in  0.402 seconds
Domain Reload Profiling:
	ReloadAssembly (402ms)
		BeginReloadAssembly (45ms)
			ExecutionOrderSort (0ms)
			DisableScriptedObjects (0ms)
			BackupInstance (0ms)
			ReleaseScriptingObjects (0ms)
			CreateAndSetChildDomain (0ms)
		EndReloadAssembly (288ms)
			LoadAssemblies (44ms)
			RebuildTransferFunctionScriptingTraits (0ms)
			SetupTypeCache (65ms)
				TypeCache.Initialize (65ms)
					TypeCache.ScanAssembly (64ms)
				ResolveRequiredComponents (0ms)
			ReleaseScriptCaches (0ms)
			RebuildScriptCaches (15ms)
			SetupLoadedEditorAssemblies (176ms)
				LogAssemblyErrors (0ms)
				InitializePlatformSupportModulesInManaged (46ms)
				SetLoadedEditorAssemblies (6ms)
				RefreshPlugins (43ms)
				BeforeProcessingInitializeOnLoad (1ms)
				ProcessInitializeOnLoadAttributes (57ms)
				ProcessInitializeOnLoadMethodAttributes (23ms)
				AfterProcessingInitializeOnLoad (0ms)
				EditorAssembliesLoaded (0ms)
			ExecutionOrderSort2 (0ms)
			AwakeInstancesAfterBackupRestoration (0ms)
Platform modules already initialized, skipping
Registering precompiled user dll's ...
Registered in 0.003606 seconds.
Begin MonoManager ReloadAssembly
Symbol file LoadedFromMemory doesn't match image C:\Users\Daniel\Documents\GitHub\AsignaturaMotores\Library\PackageCache\com.unity.visualscripting@1.7.8\Editor\VisualScripting.Core\Dependencies\YamlDotNet\Unity.VisualScripting.YamlDotNet.dll
Symbol file LoadedFromMemory doesn't match image C:\Users\Daniel\Documents\GitHub\AsignaturaMotores\Library\PackageCache\com.unity.visualscripting@1.7.8\Editor\VisualScripting.Core\Dependencies\DotNetZip\Unity.VisualScripting.IonicZip.dll
Native extension for UWP target not found
Native extension for LinuxStandalone target not found
Native extension for WindowsStandalone target not found
Native extension for AppleTV target not found
Native extension for iOS target not found
Native extension for Android target not found
Native extension for OSXStandalone target not found
Native extension for WebGL target not found
Refreshing native plugins compatible for Editor in 0.47 ms, found 3 plugins.
Preloading 0 native plugins for Editor in 0.00 ms.
Mono: successfully reloaded assembly
- Completed reload, in  0.690 seconds
Domain Reload Profiling:
	ReloadAssembly (691ms)
		BeginReloadAssembly (173ms)
			ExecutionOrderSort (0ms)
			DisableScriptedObjects (3ms)
			BackupInstance (0ms)
			ReleaseScriptingObjects (0ms)
			CreateAndSetChildDomain (118ms)
		EndReloadAssembly (448ms)
			LoadAssemblies (50ms)
			RebuildTransferFunctionScriptingTraits (0ms)
			SetupTypeCache (133ms)
				TypeCache.Initialize (131ms)
					TypeCache.ScanAssembly (128ms)
				ResolveRequiredComponents (2ms)
			ReleaseScriptCaches (1ms)
			RebuildScriptCaches (26ms)
			SetupLoadedEditorAssemblies (215ms)
				LogAssemblyErrors (0ms)
				InitializePlatformSupportModulesInManaged (21ms)
				SetLoadedEditorAssemblies (4ms)
				RefreshPlugins (1ms)
				BeforeProcessingInitializeOnLoad (46ms)
				ProcessInitializeOnLoadAttributes (122ms)
				ProcessInitializeOnLoadMethodAttributes (16ms)
				AfterProcessingInitializeOnLoad (6ms)
				EditorAssembliesLoaded (0ms)
			ExecutionOrderSort2 (0ms)
			AwakeInstancesAfterBackupRestoration (3ms)
Platform modules already initialized, skipping
========================================================================
Worker process is ready to serve import requests
Launched and connected shader compiler UnityShaderCompiler.exe after 0.03 seconds
Refreshing native plugins compatible for Editor in 0.52 ms, found 3 plugins.
Preloading 0 native plugins for Editor in 0.00 ms.
Unloading 3254 Unused Serialized files (Serialized files now loaded: 0)
Unloading 25 unused Assets / (59.5 KB). Loaded Objects now: 3737.
Memory consumption went from 0.50 GB to 0.50 GB.
Total: 2.445200 ms (FindLiveObjects: 0.376800 ms CreateObjectMapping: 0.138700 ms MarkObjects: 1.858800 ms  DeleteObjects: 0.069900 ms)

AssetImportParameters requested are different than current active one (requested -> active):
  custom:video-decoder-ogg-theora: a1e56fd34408186e4bbccfd4996cb3dc -> 
  custom:container-muxer-webm: aa71ff27fc2769a1b78a27578f13a17b -> 
  custom:container-demuxer-webm: 4f35f7cbe854078d1ac9338744f61a02 -> 
  custom:video-encoder-webm-vp8: eb34c28f22e8b96e1ab97ce403110664 -> 
  custom:audio-encoder-webm-vorbis: bf7c407c2cedff20999df2af8eb42d56 -> 
  custom:framework-win-MediaFoundation: 216162199b28c13a410421893ffa2e32 -> 
  custom:container-demuxer-ogg: 62fdf1f143b41e24485cea50d1cbac27 -> 
  custom:video-decoder-webm-vp8: 9c59270c3fd7afecdb556c50c9e8de78 -> 
  custom:audio-decoder-ogg-vorbis: bf7c407c2cedff20999df2af8eb42d56 -> 
========================================================================
Received Import Request.
  Time since last request: 10012.421386 seconds.
  path: Assets/Prefabs/ShieldTreasure.prefab
  artifactKey: Guid(5a7b6a8dd218aea4b9d5998ee7026866) Importer(815301076,1909f56bfc062723c751e8b465ee728b)
Start importing Assets/Prefabs/ShieldTreasure.prefab using Guid(5a7b6a8dd218aea4b9d5998ee7026866) Importer(815301076,1909f56bfc062723c751e8b465ee728b)  -> (artifact id: 'f6966d5d90cde8e534e5428fd56f98a6') in 0.084144 seconds 
========================================================================
Received Import Request.
  Time since last request: 0.000024 seconds.
  path: Assets/Prefabs/Pilar.prefab
  artifactKey: Guid(d254d0d8f5be6e64f9ae69acbbf9fe6b) Importer(815301076,1909f56bfc062723c751e8b465ee728b)
Start importing Assets/Prefabs/Pilar.prefab using Guid(d254d0d8f5be6e64f9ae69acbbf9fe6b) Importer(815301076,1909f56bfc062723c751e8b465ee728b)  -> (artifact id: '3cb95ccfba8f4d1195d4f1fad2a4f46d') in 0.036664 seconds 
========================================================================
Received Import Request.
  Time since last request: 34.703416 seconds.
  path: Assets/Assets Motores/Assets Motores/heart.png
  artifactKey: Guid(7a46a4f3931482c479910a6b8e9294d4) Importer(815301076,1909f56bfc062723c751e8b465ee728b)
Start importing Assets/Assets Motores/Assets Motores/heart.png using Guid(7a46a4f3931482c479910a6b8e9294d4) Importer(815301076,1909f56bfc062723c751e8b465ee728b)  -> (artifact id: 'a272fd97832f98cfd793e0a58332b0ee') in 0.041012 seconds 
========================================================================
Received Import Request.
  Time since last request: 107.332366 seconds.
  path: Assets/Materials/FloorRocks.mat
  artifactKey: Guid(f23050500e89c4341ad6d8c71c2d1452) Importer(815301076,1909f56bfc062723c751e8b465ee728b)
Start importing Assets/Materials/FloorRocks.mat using Guid(f23050500e89c4341ad6d8c71c2d1452) Importer(815301076,1909f56bfc062723c751e8b465ee728b)  -> (artifact id: '60aa4d27f787abd07e437734db655ce5') in 0.025425 seconds 
========================================================================
Received Import Request.
  Time since last request: 0.000016 seconds.
  path: Assets/Materials/Terrain.mat
  artifactKey: Guid(824df385dddaf84409491220f5db27c2) Importer(815301076,1909f56bfc062723c751e8b465ee728b)
Start importing Assets/Materials/Terrain.mat using Guid(824df385dddaf84409491220f5db27c2) Importer(815301076,1909f56bfc062723c751e8b465ee728b)  -> (artifact id: '4b04be9fa99c6be76a9322cdbecf2a03') in 0.019419 seconds 
========================================================================
Received Import Request.
  Time since last request: 0.000016 seconds.
  path: Assets/Materials/RocksWithLeafs.mat
  artifactKey: Guid(2b16be635d39a0c4ab6ec6240b9cee00) Importer(815301076,1909f56bfc062723c751e8b465ee728b)
Start importing Assets/Materials/RocksWithLeafs.mat using Guid(2b16be635d39a0c4ab6ec6240b9cee00) Importer(815301076,1909f56bfc062723c751e8b465ee728b)  -> (artifact id: '6560ec33808f7cf550bb656b185c2966') in 0.015400 seconds 
========================================================================
Received Import Request.
  Time since last request: 0.000013 seconds.
  path: Assets/Materials/Rocks.mat
  artifactKey: Guid(853d9b63abc4a534cb66bc88ecea9e66) Importer(815301076,1909f56bfc062723c751e8b465ee728b)
Start importing Assets/Materials/Rocks.mat using Guid(853d9b63abc4a534cb66bc88ecea9e66) Importer(815301076,1909f56bfc062723c751e8b465ee728b)  -> (artifact id: '21bd708b827b9190f57998c53ac7b081') in 0.018609 seconds 
========================================================================
Received Import Request.
  Time since last request: 13.539985 seconds.
  path: Assets/Assets Motores/Assets Motores/Textures/black rock.png
  artifactKey: Guid(7e9cbca717a89d3459e76703a9fa6a49) Importer(815301076,1909f56bfc062723c751e8b465ee728b)
Start importing Assets/Assets Motores/Assets Motores/Textures/black rock.png using Guid(7e9cbca717a89d3459e76703a9fa6a49) Importer(815301076,1909f56bfc062723c751e8b465ee728b)  -> (artifact id: '1f04b30cbec2b2c2f304fe6e7ef686c3') in 0.014480 seconds 
========================================================================
Received Import Request.
  Time since last request: 0.000013 seconds.
  path: Assets/Assets Motores/Assets Motores/Textures/woodNormal.png
  artifactKey: Guid(9cfed2851a5781b45a4e8258a2ce4b1e) Importer(815301076,1909f56bfc062723c751e8b465ee728b)
Start importing Assets/Assets Motores/Assets Motores/Textures/woodNormal.png using Guid(9cfed2851a5781b45a4e8258a2ce4b1e) Importer(815301076,1909f56bfc062723c751e8b465ee728b)  -> (artifact id: 'c5a9701c8fe6dd3ed088626117205f1b') in 0.008941 seconds 
========================================================================
Received Import Request.
  Time since last request: 0.000018 seconds.
  path: Assets/Assets Motores/Assets Motores/Textures/grey rock normal.png
  artifactKey: Guid(8bed8b638a2ae844f81af6e2633bd0e0) Importer(815301076,1909f56bfc062723c751e8b465ee728b)
Start importing Assets/Assets Motores/Assets Motores/Textures/grey rock normal.png using Guid(8bed8b638a2ae844f81af6e2633bd0e0) Importer(815301076,1909f56bfc062723c751e8b465ee728b)  -> (artifact id: 'ea4602bb491932f2d05d80a0f30fa1c4') in 0.013169 seconds 
========================================================================
Received Import Request.
  Time since last request: 0.000013 seconds.
  path: Assets/Assets Motores/Assets Motores/Textures/earth.png
  artifactKey: Guid(a83f02d253c5a9a4ab329e5a3c20e7e6) Importer(815301076,1909f56bfc062723c751e8b465ee728b)
Start importing Assets/Assets Motores/Assets Motores/Textures/earth.png using Guid(a83f02d253c5a9a4ab329e5a3c20e7e6) Importer(815301076,1909f56bfc062723c751e8b465ee728b)  -> (artifact id: '43b3a5777011f8c1750912606fafd44b') in 0.015912 seconds 
========================================================================
Received Import Request.
  Time since last request: 0.000016 seconds.
  path: Assets/Assets Motores/Assets Motores/Textures/tree rings.png
  artifactKey: Guid(6821e9f19a64b92439d4352011124b30) Importer(815301076,1909f56bfc062723c751e8b465ee728b)
Start importing Assets/Assets Motores/Assets Motores/Textures/tree rings.png using Guid(6821e9f19a64b92439d4352011124b30) Importer(815301076,1909f56bfc062723c751e8b465ee728b)  -> (artifact id: 'dc64dbf23037b76644dff425d802adf3') in 0.008521 seconds 
========================================================================
Received Import Request.
  Time since last request: 0.000022 seconds.
  path: Assets/Assets Motores/Assets Motores/Textures/Grass_2.jpg
  artifactKey: Guid(dbf0c11779b6f0d4dae3573744b4344b) Importer(815301076,1909f56bfc062723c751e8b465ee728b)
Start importing Assets/Assets Motores/Assets Motores/Textures/Grass_2.jpg using Guid(dbf0c11779b6f0d4dae3573744b4344b) Importer(815301076,1909f56bfc062723c751e8b465ee728b)  -> (artifact id: '2b24da209126b4db4841e6e42b181d98') in 0.010192 seconds 
========================================================================
Received Import Request.
  Time since last request: 0.000014 seconds.
  path: Assets/Assets Motores/Assets Motores/Textures/grass_bump.png
  artifactKey: Guid(80e0a30a53425194fa3dad3fbe5ba2a4) Importer(815301076,1909f56bfc062723c751e8b465ee728b)
Start importing Assets/Assets Motores/Assets Motores/Textures/grass_bump.png using Guid(80e0a30a53425194fa3dad3fbe5ba2a4) Importer(815301076,1909f56bfc062723c751e8b465ee728b)  -> (artifact id: '1730d8c323c8bbe7877bf4140515bedd') in 0.009034 seconds 
========================================================================
Received Import Request.
  Time since last request: 0.000014 seconds.
  path: Assets/Assets Motores/Assets Motores/Textures/leaves normal.png
  artifactKey: Guid(22ad85cf8d6ec004098724ddda38aa0c) Importer(815301076,1909f56bfc062723c751e8b465ee728b)
Start importing Assets/Assets Motores/Assets Motores/Textures/leaves normal.png using Guid(22ad85cf8d6ec004098724ddda38aa0c) Importer(815301076,1909f56bfc062723c751e8b465ee728b)  -> (artifact id: '24b1657fbbef6cb6d3fadcc262b15d3b') in 0.009945 seconds 
========================================================================
Received Import Request.
  Time since last request: 0.000016 seconds.
  path: Assets/Assets Motores/Assets Motores/Textures/metal holes.png
  artifactKey: Guid(b4a077c42dadef44f94b00bd60ccf31c) Importer(815301076,1909f56bfc062723c751e8b465ee728b)
Start importing Assets/Assets Motores/Assets Motores/Textures/metal holes.png using Guid(b4a077c42dadef44f94b00bd60ccf31c) Importer(815301076,1909f56bfc062723c751e8b465ee728b)  -> (artifact id: '76f8c1e162cf610a33b7877822b9877d') in 0.010129 seconds 
========================================================================
Received Import Request.
  Time since last request: 0.000015 seconds.
  path: Assets/Assets Motores/Assets Motores/Textures/earth normal.png
  artifactKey: Guid(f92115a867a911b45a595bbf0d480a04) Importer(815301076,1909f56bfc062723c751e8b465ee728b)
Start importing Assets/Assets Motores/Assets Motores/Textures/earth normal.png using Guid(f92115a867a911b45a595bbf0d480a04) Importer(815301076,1909f56bfc062723c751e8b465ee728b)  -> (artifact id: 'e499b58cf40c47c62026d7a16c66004f') in 0.009118 seconds 
========================================================================
Received Import Request.
  Time since last request: 0.000015 seconds.
  path: Assets/Assets Motores/Assets Motores/Textures/wood_normal.png
  artifactKey: Guid(842574ca4b544c24a90a8214ab1bd3bc) Importer(815301076,1909f56bfc062723c751e8b465ee728b)
Start importing Assets/Assets Motores/Assets Motores/Textures/wood_normal.png using Guid(842574ca4b544c24a90a8214ab1bd3bc) Importer(815301076,1909f56bfc062723c751e8b465ee728b)  -> (artifact id: '633953fe0619fbb0df154c168f1e09f8') in 0.013019 seconds 
========================================================================
Received Import Request.
  Time since last request: 40.341859 seconds.
  path: Assets/Assets Motores/Assets Motores/Girl/Standing Magic Area Attack.fbm/BOdy Skin Base Color.png
  artifactKey: Guid(8ca13e68687a0234c904720d46490c3f) Importer(815301076,1909f56bfc062723c751e8b465ee728b)
Start importing Assets/Assets Motores/Assets Motores/Girl/Standing Magic Area Attack.fbm/BOdy Skin Base Color.png using Guid(8ca13e68687a0234c904720d46490c3f) Importer(815301076,1909f56bfc062723c751e8b465ee728b)  -> (artifact id: '67a99593a754190c4fea532f2239807c') in 0.030891 seconds 
========================================================================
Received Import Request.
  Time since last request: 0.000019 seconds.
  path: Assets/Assets Motores/Assets Motores/Girl/Falling Idle.fbm/bot color.jpg
  artifactKey: Guid(f6e0ca4454dff2643ac7884347a2b6d6) Importer(815301076,1909f56bfc062723c751e8b465ee728b)
Start importing Assets/Assets Motores/Assets Motores/Girl/Falling Idle.fbm/bot color.jpg using Guid(f6e0ca4454dff2643ac7884347a2b6d6) Importer(815301076,1909f56bfc062723c751e8b465ee728b)  -> (artifact id: '4187a92af404ad3f442cc55bf8777f59') in 0.010774 seconds 
========================================================================
Received Import Request.
  Time since last request: 0.000015 seconds.
  path: Assets/Assets Motores/Assets Motores/Girl/Punching.fbm/bot color.jpg
  artifactKey: Guid(40486fb5a481b424a996d3ee9e90d709) Importer(815301076,1909f56bfc062723c751e8b465ee728b)
Start importing Assets/Assets Motores/Assets Motores/Girl/Punching.fbm/bot color.jpg using Guid(40486fb5a481b424a996d3ee9e90d709) Importer(815301076,1909f56bfc062723c751e8b465ee728b)  -> (artifact id: 'aeb7360c0ef825783c3e4280bec025ec') in 0.009185 seconds 
========================================================================
Received Import Request.
  Time since last request: 0.000021 seconds.
  path: Assets/Assets Motores/Assets Motores/Girl/Running.fbm/bot color.jpg
  artifactKey: Guid(0f349aae3fd59804a87fc2c01503a71e) Importer(815301076,1909f56bfc062723c751e8b465ee728b)
Start importing Assets/Assets Motores/Assets Motores/Girl/Running.fbm/bot color.jpg using Guid(0f349aae3fd59804a87fc2c01503a71e) Importer(815301076,1909f56bfc062723c751e8b465ee728b)  -> (artifact id: '4a98e4fa44e8b5cfaf750b9fc4f90e30') in 0.010667 seconds 
Editor requested this worker to shutdown with reason: Scaling down because of idle timeout
AssetImportWorker is now disconnected from the server
Process exiting
Exiting without the bug reporter. Application will terminate with return code 0